<?xml version="1.0" encoding="UTF-8"?>
<coverage generated="1763021481242" clover="3.2.0">
  <project timestamp="1763021481242" name="All files">
    <metrics statements="1542" coveredstatements="956" conditionals="306" coveredconditionals="205" methods="83" coveredmethods="69" elements="1931" coveredelements="1230" complexity="0" loc="1542" ncloc="1542" packages="4" files="9" classes="9"/>
    <package name="src">
      <metrics statements="1" coveredstatements="1" conditionals="1" coveredconditionals="1" methods="1" coveredmethods="1"/>
      <file name="index.ts" path="/workspaces/avatar-optimizer/packages/avatar-optimizer/src/index.ts">
        <metrics statements="1" coveredstatements="1" conditionals="0" coveredconditionals="0" methods="0" coveredmethods="0"/>
        <line num="1" count="1" type="stmt"/>
      </file>
      <file name="types.ts" path="/workspaces/avatar-optimizer/packages/avatar-optimizer/src/types.ts">
        <metrics statements="0" coveredstatements="0" conditionals="1" coveredconditionals="1" methods="1" coveredmethods="1"/>
      </file>
    </package>
    <package name="src.cli">
      <metrics statements="160" coveredstatements="0" conditionals="1" coveredconditionals="0" methods="1" coveredmethods="0"/>
      <file name="index.ts" path="/workspaces/avatar-optimizer/packages/avatar-optimizer/src/cli/index.ts">
        <metrics statements="160" coveredstatements="0" conditionals="1" coveredconditionals="0" methods="1" coveredmethods="0"/>
        <line num="1" count="0" type="cond" truecount="0" falsecount="1"/>
        <line num="3" count="0" type="stmt"/>
        <line num="4" count="0" type="stmt"/>
        <line num="5" count="0" type="stmt"/>
        <line num="11" count="0" type="stmt"/>
        <line num="13" count="0" type="stmt"/>
        <line num="16" count="0" type="stmt"/>
        <line num="17" count="0" type="stmt"/>
        <line num="18" count="0" type="stmt"/>
        <line num="19" count="0" type="stmt"/>
        <line num="20" count="0" type="stmt"/>
        <line num="21" count="0" type="stmt"/>
        <line num="22" count="0" type="stmt"/>
        <line num="24" count="0" type="stmt"/>
        <line num="25" count="0" type="stmt"/>
        <line num="28" count="0" type="stmt"/>
        <line num="31" count="0" type="stmt"/>
        <line num="32" count="0" type="stmt"/>
        <line num="33" count="0" type="stmt"/>
        <line num="36" count="0" type="stmt"/>
        <line num="38" count="0" type="stmt"/>
        <line num="39" count="0" type="stmt"/>
        <line num="40" count="0" type="stmt"/>
        <line num="41" count="0" type="stmt"/>
        <line num="42" count="0" type="stmt"/>
        <line num="44" count="0" type="stmt"/>
        <line num="46" count="0" type="stmt"/>
        <line num="47" count="0" type="stmt"/>
        <line num="48" count="0" type="stmt"/>
        <line num="49" count="0" type="stmt"/>
        <line num="50" count="0" type="stmt"/>
        <line num="53" count="0" type="stmt"/>
        <line num="54" count="0" type="stmt"/>
        <line num="55" count="0" type="stmt"/>
        <line num="56" count="0" type="stmt"/>
        <line num="58" count="0" type="stmt"/>
        <line num="59" count="0" type="stmt"/>
        <line num="60" count="0" type="stmt"/>
        <line num="61" count="0" type="stmt"/>
        <line num="62" count="0" type="stmt"/>
        <line num="63" count="0" type="stmt"/>
        <line num="64" count="0" type="stmt"/>
        <line num="65" count="0" type="stmt"/>
        <line num="66" count="0" type="stmt"/>
        <line num="67" count="0" type="stmt"/>
        <line num="68" count="0" type="stmt"/>
        <line num="70" count="0" type="stmt"/>
        <line num="71" count="0" type="stmt"/>
        <line num="72" count="0" type="stmt"/>
        <line num="73" count="0" type="stmt"/>
        <line num="74" count="0" type="stmt"/>
        <line num="75" count="0" type="stmt"/>
        <line num="76" count="0" type="stmt"/>
        <line num="77" count="0" type="stmt"/>
        <line num="78" count="0" type="stmt"/>
        <line num="79" count="0" type="stmt"/>
        <line num="80" count="0" type="stmt"/>
        <line num="82" count="0" type="stmt"/>
        <line num="83" count="0" type="stmt"/>
        <line num="84" count="0" type="stmt"/>
        <line num="85" count="0" type="stmt"/>
        <line num="86" count="0" type="stmt"/>
        <line num="87" count="0" type="stmt"/>
        <line num="88" count="0" type="stmt"/>
        <line num="89" count="0" type="stmt"/>
        <line num="90" count="0" type="stmt"/>
        <line num="92" count="0" type="stmt"/>
        <line num="93" count="0" type="stmt"/>
        <line num="94" count="0" type="stmt"/>
        <line num="95" count="0" type="stmt"/>
        <line num="96" count="0" type="stmt"/>
        <line num="97" count="0" type="stmt"/>
        <line num="100" count="0" type="stmt"/>
        <line num="101" count="0" type="stmt"/>
        <line num="102" count="0" type="stmt"/>
        <line num="103" count="0" type="stmt"/>
        <line num="104" count="0" type="stmt"/>
        <line num="105" count="0" type="stmt"/>
        <line num="106" count="0" type="stmt"/>
        <line num="108" count="0" type="stmt"/>
        <line num="109" count="0" type="stmt"/>
        <line num="110" count="0" type="stmt"/>
        <line num="111" count="0" type="stmt"/>
        <line num="112" count="0" type="stmt"/>
        <line num="114" count="0" type="stmt"/>
        <line num="116" count="0" type="stmt"/>
        <line num="117" count="0" type="stmt"/>
        <line num="118" count="0" type="stmt"/>
        <line num="119" count="0" type="stmt"/>
        <line num="120" count="0" type="stmt"/>
        <line num="122" count="0" type="stmt"/>
        <line num="123" count="0" type="stmt"/>
        <line num="124" count="0" type="stmt"/>
        <line num="126" count="0" type="stmt"/>
        <line num="127" count="0" type="stmt"/>
        <line num="128" count="0" type="stmt"/>
        <line num="129" count="0" type="stmt"/>
        <line num="130" count="0" type="stmt"/>
        <line num="131" count="0" type="stmt"/>
        <line num="134" count="0" type="stmt"/>
        <line num="135" count="0" type="stmt"/>
        <line num="136" count="0" type="stmt"/>
        <line num="137" count="0" type="stmt"/>
        <line num="138" count="0" type="stmt"/>
        <line num="139" count="0" type="stmt"/>
        <line num="140" count="0" type="stmt"/>
        <line num="141" count="0" type="stmt"/>
        <line num="142" count="0" type="stmt"/>
        <line num="143" count="0" type="stmt"/>
        <line num="145" count="0" type="stmt"/>
        <line num="146" count="0" type="stmt"/>
        <line num="148" count="0" type="stmt"/>
        <line num="149" count="0" type="stmt"/>
        <line num="152" count="0" type="stmt"/>
        <line num="153" count="0" type="stmt"/>
        <line num="156" count="0" type="stmt"/>
        <line num="157" count="0" type="stmt"/>
        <line num="158" count="0" type="stmt"/>
        <line num="161" count="0" type="stmt"/>
        <line num="162" count="0" type="stmt"/>
        <line num="163" count="0" type="stmt"/>
        <line num="164" count="0" type="stmt"/>
        <line num="165" count="0" type="stmt"/>
        <line num="167" count="0" type="stmt"/>
        <line num="168" count="0" type="stmt"/>
        <line num="169" count="0" type="stmt"/>
        <line num="170" count="0" type="stmt"/>
        <line num="171" count="0" type="stmt"/>
        <line num="172" count="0" type="stmt"/>
        <line num="173" count="0" type="stmt"/>
        <line num="174" count="0" type="stmt"/>
        <line num="177" count="0" type="stmt"/>
        <line num="178" count="0" type="stmt"/>
        <line num="180" count="0" type="stmt"/>
        <line num="181" count="0" type="stmt"/>
        <line num="182" count="0" type="stmt"/>
        <line num="183" count="0" type="stmt"/>
        <line num="184" count="0" type="stmt"/>
        <line num="185" count="0" type="stmt"/>
        <line num="186" count="0" type="stmt"/>
        <line num="189" count="0" type="stmt"/>
        <line num="190" count="0" type="stmt"/>
        <line num="191" count="0" type="stmt"/>
        <line num="193" count="0" type="stmt"/>
        <line num="194" count="0" type="stmt"/>
        <line num="195" count="0" type="stmt"/>
        <line num="197" count="0" type="stmt"/>
        <line num="198" count="0" type="stmt"/>
        <line num="199" count="0" type="stmt"/>
        <line num="200" count="0" type="stmt"/>
        <line num="201" count="0" type="stmt"/>
        <line num="202" count="0" type="stmt"/>
        <line num="203" count="0" type="stmt"/>
        <line num="204" count="0" type="stmt"/>
        <line num="205" count="0" type="stmt"/>
        <line num="207" count="0" type="stmt"/>
        <line num="208" count="0" type="stmt"/>
        <line num="209" count="0" type="stmt"/>
        <line num="210" count="0" type="stmt"/>
        <line num="212" count="0" type="stmt"/>
      </file>
    </package>
    <package name="src.core">
      <metrics statements="212" coveredstatements="141" conditionals="26" coveredconditionals="21" methods="8" coveredmethods="6"/>
      <file name="optimizer.ts" path="/workspaces/avatar-optimizer/packages/avatar-optimizer/src/core/optimizer.ts">
        <metrics statements="132" coveredstatements="85" conditionals="16" coveredconditionals="12" methods="4" coveredmethods="3"/>
        <line num="1" count="1" type="stmt"/>
        <line num="29" count="1" type="cond" truecount="1" falsecount="0"/>
        <line num="30" count="3" type="stmt"/>
        <line num="31" count="3" type="stmt"/>
        <line num="32" count="3" type="stmt"/>
        <line num="33" count="3" type="cond" truecount="0" falsecount="1"/>
        <line num="34" count="0" type="stmt"/>
        <line num="35" count="0" type="stmt"/>
        <line num="36" count="0" type="stmt"/>
        <line num="37" count="0" type="stmt"/>
        <line num="38" count="0" type="stmt"/>
        <line num="39" count="0" type="stmt"/>
        <line num="40" count="0" type="stmt"/>
        <line num="41" count="0" type="stmt"/>
        <line num="43" count="3" type="stmt"/>
        <line num="44" count="0" type="stmt"/>
        <line num="45" count="0" type="stmt"/>
        <line num="46" count="3" type="stmt"/>
        <line num="47" count="3" type="cond" truecount="1" falsecount="0"/>
        <line num="48" count="3" type="cond" truecount="1" falsecount="0"/>
        <line num="49" count="3" type="stmt"/>
        <line num="50" count="3" type="stmt"/>
        <line num="51" count="3" type="stmt"/>
        <line num="52" count="3" type="cond" truecount="1" falsecount="0"/>
        <line num="53" count="3" type="stmt"/>
        <line num="54" count="3" type="cond" truecount="0" falsecount="1"/>
        <line num="55" count="0" type="stmt"/>
        <line num="56" count="0" type="stmt"/>
        <line num="58" count="3" type="stmt"/>
        <line num="59" count="3" type="stmt"/>
        <line num="60" count="3" type="cond" truecount="1" falsecount="0"/>
        <line num="61" count="3" type="stmt"/>
        <line num="62" count="3" type="stmt"/>
        <line num="63" count="3" type="stmt"/>
        <line num="64" count="3" type="stmt"/>
        <line num="65" count="3" type="stmt"/>
        <line num="66" count="3" type="stmt"/>
        <line num="67" count="3" type="stmt"/>
        <line num="68" count="3" type="stmt"/>
        <line num="69" count="0" type="stmt"/>
        <line num="70" count="0" type="stmt"/>
        <line num="71" count="0" type="stmt"/>
        <line num="72" count="3" type="stmt"/>
        <line num="73" count="3" type="stmt"/>
        <line num="74" count="3" type="cond" truecount="1" falsecount="0"/>
        <line num="75" count="3" type="stmt"/>
        <line num="76" count="3" type="stmt"/>
        <line num="77" count="3" type="stmt"/>
        <line num="78" count="3" type="stmt"/>
        <line num="79" count="3" type="stmt"/>
        <line num="80" count="3" type="cond" truecount="1" falsecount="0"/>
        <line num="81" count="3" type="stmt"/>
        <line num="82" count="0" type="stmt"/>
        <line num="83" count="0" type="stmt"/>
        <line num="84" count="3" type="stmt"/>
        <line num="85" count="3" type="stmt"/>
        <line num="86" count="3" type="cond" truecount="1" falsecount="0"/>
        <line num="87" count="3" type="stmt"/>
        <line num="88" count="3" type="stmt"/>
        <line num="89" count="3" type="stmt"/>
        <line num="90" count="3" type="stmt"/>
        <line num="92" count="3" type="cond" truecount="1" falsecount="0"/>
        <line num="93" count="3" type="stmt"/>
        <line num="94" count="3" type="stmt"/>
        <line num="95" count="3" type="stmt"/>
        <line num="96" count="3" type="cond" truecount="0" falsecount="1"/>
        <line num="97" count="0" type="stmt"/>
        <line num="98" count="0" type="stmt"/>
        <line num="100" count="3" type="stmt"/>
        <line num="101" count="3" type="stmt"/>
        <line num="102" count="3" type="stmt"/>
        <line num="103" count="3" type="stmt"/>
        <line num="105" count="3" type="stmt"/>
        <line num="106" count="3" type="stmt"/>
        <line num="107" count="3" type="stmt"/>
        <line num="108" count="3" type="stmt"/>
        <line num="110" count="3" type="stmt"/>
        <line num="111" count="3" type="stmt"/>
        <line num="112" count="3" type="stmt"/>
        <line num="113" count="3" type="stmt"/>
        <line num="114" count="3" type="stmt"/>
        <line num="115" count="3" type="stmt"/>
        <line num="117" count="3" type="stmt"/>
        <line num="118" count="3" type="stmt"/>
        <line num="119" count="3" type="stmt"/>
        <line num="120" count="3" type="stmt"/>
        <line num="121" count="3" type="stmt"/>
        <line num="123" count="3" type="cond" truecount="1" falsecount="0"/>
        <line num="124" count="3" type="stmt"/>
        <line num="125" count="3" type="stmt"/>
        <line num="126" count="3" type="stmt"/>
        <line num="127" count="3" type="stmt"/>
        <line num="128" count="3" type="stmt"/>
        <line num="130" count="3" type="cond" truecount="1" falsecount="0"/>
        <line num="131" count="27" type="cond" truecount="1" falsecount="0"/>
        <line num="132" count="111" type="stmt"/>
        <line num="133" count="111" type="stmt"/>
        <line num="134" count="111" type="stmt"/>
        <line num="135" count="27" type="stmt"/>
        <line num="137" count="3" type="stmt"/>
        <line num="138" count="3" type="cond" truecount="0" falsecount="1"/>
        <line num="139" count="0" type="stmt"/>
        <line num="140" count="0" type="stmt"/>
        <line num="142" count="3" type="stmt"/>
        <line num="143" count="3" type="stmt"/>
        <line num="144" count="3" type="stmt"/>
        <line num="146" count="0" type="stmt"/>
        <line num="147" count="0" type="stmt"/>
        <line num="149" count="0" type="stmt"/>
        <line num="150" count="0" type="stmt"/>
        <line num="151" count="0" type="stmt"/>
        <line num="152" count="0" type="stmt"/>
        <line num="153" count="0" type="stmt"/>
        <line num="154" count="0" type="stmt"/>
        <line num="155" count="0" type="stmt"/>
        <line num="156" count="0" type="stmt"/>
        <line num="157" count="0" type="stmt"/>
        <line num="158" count="0" type="stmt"/>
        <line num="159" count="0" type="stmt"/>
        <line num="160" count="0" type="stmt"/>
        <line num="161" count="0" type="stmt"/>
        <line num="162" count="0" type="stmt"/>
        <line num="163" count="0" type="stmt"/>
        <line num="164" count="0" type="stmt"/>
        <line num="165" count="0" type="stmt"/>
        <line num="166" count="0" type="stmt"/>
        <line num="167" count="0" type="stmt"/>
        <line num="169" count="0" type="stmt"/>
        <line num="170" count="0" type="stmt"/>
        <line num="171" count="0" type="stmt"/>
        <line num="172" count="0" type="stmt"/>
        <line num="173" count="0" type="stmt"/>
      </file>
      <file name="statistics.ts" path="/workspaces/avatar-optimizer/packages/avatar-optimizer/src/core/statistics.ts">
        <metrics statements="20" coveredstatements="17" conditionals="1" coveredconditionals="1" methods="1" coveredmethods="1"/>
        <line num="1" count="1" type="stmt"/>
        <line num="10" count="1" type="cond" truecount="1" falsecount="0"/>
        <line num="11" count="1" type="stmt"/>
        <line num="12" count="1" type="stmt"/>
        <line num="13" count="1" type="stmt"/>
        <line num="14" count="1" type="stmt"/>
        <line num="15" count="1" type="stmt"/>
        <line num="16" count="1" type="stmt"/>
        <line num="17" count="1" type="stmt"/>
        <line num="18" count="1" type="stmt"/>
        <line num="19" count="1" type="stmt"/>
        <line num="20" count="1" type="stmt"/>
        <line num="21" count="1" type="stmt"/>
        <line num="22" count="1" type="stmt"/>
        <line num="23" count="1" type="stmt"/>
        <line num="24" count="0" type="stmt"/>
        <line num="25" count="0" type="stmt"/>
        <line num="26" count="0" type="stmt"/>
        <line num="27" count="1" type="stmt"/>
        <line num="28" count="1" type="stmt"/>
      </file>
      <file name="validation.ts" path="/workspaces/avatar-optimizer/packages/avatar-optimizer/src/core/validation.ts">
        <metrics statements="60" coveredstatements="39" conditionals="9" coveredconditionals="8" methods="3" coveredmethods="2"/>
        <line num="1" count="1" type="stmt"/>
        <line num="12" count="1" type="cond" truecount="1" falsecount="0"/>
        <line num="13" count="7" type="stmt"/>
        <line num="14" count="7" type="stmt"/>
        <line num="15" count="7" type="cond" truecount="2" falsecount="0"/>
        <line num="16" count="4" type="stmt"/>
        <line num="17" count="4" type="stmt"/>
        <line num="18" count="4" type="cond" truecount="1" falsecount="0"/>
        <line num="19" count="4" type="stmt"/>
        <line num="20" count="4" type="stmt"/>
        <line num="21" count="4" type="stmt"/>
        <line num="22" count="4" type="stmt"/>
        <line num="23" count="4" type="cond" truecount="1" falsecount="0"/>
        <line num="25" count="3" type="stmt"/>
        <line num="26" count="0" type="stmt"/>
        <line num="27" count="0" type="stmt"/>
        <line num="28" count="3" type="cond" truecount="1" falsecount="0"/>
        <line num="29" count="3" type="stmt"/>
        <line num="31" count="3" type="cond" truecount="1" falsecount="0"/>
        <line num="32" count="3" type="stmt"/>
        <line num="33" count="3" type="stmt"/>
        <line num="34" count="3" type="stmt"/>
        <line num="35" count="3" type="cond" truecount="1" falsecount="0"/>
        <line num="38" count="3" type="stmt"/>
        <line num="40" count="3" type="stmt"/>
        <line num="41" count="3" type="stmt"/>
        <line num="42" count="3" type="stmt"/>
        <line num="43" count="3" type="stmt"/>
        <line num="45" count="3" type="cond" truecount="0" falsecount="1"/>
        <line num="46" count="3" type="stmt"/>
        <line num="47" count="3" type="stmt"/>
        <line num="48" count="0" type="stmt"/>
        <line num="49" count="0" type="stmt"/>
        <line num="50" count="0" type="stmt"/>
        <line num="51" count="0" type="stmt"/>
        <line num="52" count="3" type="stmt"/>
        <line num="54" count="3" type="stmt"/>
        <line num="55" count="3" type="stmt"/>
        <line num="56" count="3" type="stmt"/>
        <line num="57" count="3" type="stmt"/>
        <line num="58" count="3" type="stmt"/>
        <line num="59" count="3" type="stmt"/>
        <line num="60" count="3" type="stmt"/>
        <line num="61" count="0" type="stmt"/>
        <line num="62" count="0" type="stmt"/>
        <line num="63" count="0" type="stmt"/>
        <line num="64" count="3" type="stmt"/>
        <line num="65" count="3" type="stmt"/>
        <line num="67" count="0" type="stmt"/>
        <line num="68" count="0" type="stmt"/>
        <line num="69" count="0" type="stmt"/>
        <line num="70" count="0" type="stmt"/>
        <line num="71" count="0" type="stmt"/>
        <line num="72" count="0" type="stmt"/>
        <line num="73" count="0" type="stmt"/>
        <line num="74" count="0" type="stmt"/>
        <line num="75" count="0" type="stmt"/>
        <line num="76" count="0" type="stmt"/>
        <line num="77" count="0" type="stmt"/>
        <line num="78" count="0" type="stmt"/>
      </file>
    </package>
    <package name="src.vrm">
      <metrics statements="1169" coveredstatements="814" conditionals="278" coveredconditionals="183" methods="73" coveredmethods="62"/>
      <file name="document.ts" path="/workspaces/avatar-optimizer/packages/avatar-optimizer/src/vrm/document.ts">
        <metrics statements="233" coveredstatements="42" conditionals="9" coveredconditionals="7" methods="12" coveredmethods="3"/>
        <line num="1" count="1" type="stmt"/>
        <line num="8" count="6" type="cond" truecount="1" falsecount="0"/>
        <line num="9" count="6" type="cond" truecount="1" falsecount="0"/>
        <line num="10" count="5" type="stmt"/>
        <line num="11" count="5" type="cond" truecount="1" falsecount="0"/>
        <line num="13" count="1" type="stmt"/>
        <line num="14" count="1" type="stmt"/>
        <line num="15" count="1" type="stmt"/>
        <line num="17" count="1" type="stmt"/>
        <line num="18" count="0" type="stmt"/>
        <line num="19" count="0" type="stmt"/>
        <line num="20" count="0" type="stmt"/>
        <line num="22" count="0" type="stmt"/>
        <line num="23" count="0" type="stmt"/>
        <line num="24" count="0" type="stmt"/>
        <line num="25" count="0" type="stmt"/>
        <line num="26" count="0" type="stmt"/>
        <line num="27" count="0" type="stmt"/>
        <line num="28" count="0" type="stmt"/>
        <line num="29" count="0" type="stmt"/>
        <line num="30" count="0" type="stmt"/>
        <line num="31" count="0" type="stmt"/>
        <line num="32" count="0" type="stmt"/>
        <line num="33" count="0" type="stmt"/>
        <line num="34" count="0" type="stmt"/>
        <line num="35" count="0" type="stmt"/>
        <line num="36" count="0" type="stmt"/>
        <line num="37" count="0" type="stmt"/>
        <line num="39" count="1" type="stmt"/>
        <line num="40" count="0" type="stmt"/>
        <line num="41" count="0" type="stmt"/>
        <line num="42" count="0" type="stmt"/>
        <line num="43" count="0" type="stmt"/>
        <line num="44" count="0" type="stmt"/>
        <line num="45" count="0" type="stmt"/>
        <line num="46" count="0" type="stmt"/>
        <line num="47" count="0" type="stmt"/>
        <line num="48" count="0" type="stmt"/>
        <line num="49" count="0" type="stmt"/>
        <line num="50" count="0" type="stmt"/>
        <line num="51" count="0" type="stmt"/>
        <line num="52" count="0" type="stmt"/>
        <line num="54" count="1" type="stmt"/>
        <line num="55" count="0" type="stmt"/>
        <line num="56" count="0" type="stmt"/>
        <line num="57" count="0" type="stmt"/>
        <line num="58" count="0" type="stmt"/>
        <line num="59" count="0" type="stmt"/>
        <line num="60" count="0" type="stmt"/>
        <line num="62" count="0" type="stmt"/>
        <line num="63" count="0" type="stmt"/>
        <line num="64" count="0" type="stmt"/>
        <line num="65" count="0" type="stmt"/>
        <line num="66" count="0" type="stmt"/>
        <line num="67" count="0" type="stmt"/>
        <line num="68" count="0" type="stmt"/>
        <line num="70" count="0" type="stmt"/>
        <line num="71" count="0" type="stmt"/>
        <line num="72" count="0" type="stmt"/>
        <line num="74" count="0" type="stmt"/>
        <line num="75" count="0" type="stmt"/>
        <line num="76" count="0" type="stmt"/>
        <line num="78" count="0" type="stmt"/>
        <line num="79" count="0" type="stmt"/>
        <line num="80" count="0" type="stmt"/>
        <line num="81" count="0" type="stmt"/>
        <line num="82" count="0" type="stmt"/>
        <line num="84" count="0" type="stmt"/>
        <line num="85" count="0" type="stmt"/>
        <line num="86" count="0" type="stmt"/>
        <line num="87" count="0" type="stmt"/>
        <line num="88" count="0" type="stmt"/>
        <line num="90" count="1" type="stmt"/>
        <line num="91" count="0" type="stmt"/>
        <line num="92" count="0" type="stmt"/>
        <line num="93" count="0" type="stmt"/>
        <line num="94" count="0" type="stmt"/>
        <line num="95" count="0" type="stmt"/>
        <line num="96" count="0" type="stmt"/>
        <line num="97" count="0" type="stmt"/>
        <line num="98" count="0" type="stmt"/>
        <line num="99" count="0" type="stmt"/>
        <line num="100" count="0" type="stmt"/>
        <line num="101" count="0" type="stmt"/>
        <line num="102" count="0" type="stmt"/>
        <line num="104" count="1" type="cond" truecount="1" falsecount="0"/>
        <line num="105" count="2" type="stmt"/>
        <line num="106" count="2" type="stmt"/>
        <line num="107" count="2" type="stmt"/>
        <line num="108" count="2" type="cond" truecount="1" falsecount="0"/>
        <line num="109" count="2" type="stmt"/>
        <line num="110" count="0" type="stmt"/>
        <line num="111" count="0" type="stmt"/>
        <line num="112" count="0" type="stmt"/>
        <line num="113" count="2" type="stmt"/>
        <line num="114" count="2" type="stmt"/>
        <line num="116" count="0" type="stmt"/>
        <line num="117" count="0" type="stmt"/>
        <line num="118" count="0" type="stmt"/>
        <line num="119" count="0" type="stmt"/>
        <line num="120" count="0" type="stmt"/>
        <line num="122" count="0" type="stmt"/>
        <line num="123" count="0" type="stmt"/>
        <line num="124" count="0" type="stmt"/>
        <line num="125" count="0" type="stmt"/>
        <line num="126" count="0" type="stmt"/>
        <line num="127" count="0" type="stmt"/>
        <line num="128" count="0" type="stmt"/>
        <line num="129" count="0" type="stmt"/>
        <line num="130" count="0" type="stmt"/>
        <line num="132" count="0" type="stmt"/>
        <line num="133" count="0" type="stmt"/>
        <line num="135" count="1" type="stmt"/>
        <line num="136" count="0" type="stmt"/>
        <line num="137" count="0" type="stmt"/>
        <line num="138" count="0" type="stmt"/>
        <line num="139" count="0" type="stmt"/>
        <line num="140" count="0" type="stmt"/>
        <line num="141" count="0" type="stmt"/>
        <line num="143" count="0" type="stmt"/>
        <line num="144" count="0" type="stmt"/>
        <line num="146" count="0" type="stmt"/>
        <line num="147" count="0" type="stmt"/>
        <line num="148" count="0" type="stmt"/>
        <line num="149" count="0" type="stmt"/>
        <line num="150" count="0" type="stmt"/>
        <line num="151" count="0" type="stmt"/>
        <line num="152" count="0" type="stmt"/>
        <line num="153" count="0" type="stmt"/>
        <line num="155" count="0" type="stmt"/>
        <line num="156" count="0" type="stmt"/>
        <line num="158" count="1" type="stmt"/>
        <line num="159" count="0" type="stmt"/>
        <line num="160" count="0" type="stmt"/>
        <line num="161" count="0" type="stmt"/>
        <line num="162" count="0" type="stmt"/>
        <line num="163" count="0" type="stmt"/>
        <line num="164" count="0" type="stmt"/>
        <line num="165" count="0" type="stmt"/>
        <line num="167" count="0" type="stmt"/>
        <line num="168" count="0" type="stmt"/>
        <line num="169" count="0" type="stmt"/>
        <line num="175" count="1" type="cond" truecount="1" falsecount="0"/>
        <line num="176" count="6" type="stmt"/>
        <line num="178" count="6" type="stmt"/>
        <line num="179" count="6" type="stmt"/>
        <line num="181" count="6" type="cond" truecount="0" falsecount="1"/>
        <line num="182" count="0" type="stmt"/>
        <line num="183" count="0" type="stmt"/>
        <line num="185" count="6" type="stmt"/>
        <line num="186" count="6" type="stmt"/>
        <line num="188" count="6" type="cond" truecount="1" falsecount="0"/>
        <line num="189" count="12" type="stmt"/>
        <line num="190" count="12" type="stmt"/>
        <line num="192" count="12" type="stmt"/>
        <line num="194" count="12" type="stmt"/>
        <line num="195" count="12" type="stmt"/>
        <line num="197" count="12" type="stmt"/>
        <line num="198" count="12" type="stmt"/>
        <line num="200" count="6" type="stmt"/>
        <line num="201" count="6" type="cond" truecount="0" falsecount="1"/>
        <line num="202" count="0" type="stmt"/>
        <line num="203" count="0" type="stmt"/>
        <line num="205" count="6" type="stmt"/>
        <line num="206" count="6" type="stmt"/>
        <line num="207" count="6" type="stmt"/>
        <line num="209" count="0" type="stmt"/>
        <line num="210" count="0" type="stmt"/>
        <line num="211" count="0" type="stmt"/>
        <line num="212" count="0" type="stmt"/>
        <line num="213" count="0" type="stmt"/>
        <line num="214" count="0" type="stmt"/>
        <line num="215" count="0" type="stmt"/>
        <line num="217" count="0" type="stmt"/>
        <line num="218" count="0" type="stmt"/>
        <line num="219" count="0" type="stmt"/>
        <line num="220" count="0" type="stmt"/>
        <line num="221" count="0" type="stmt"/>
        <line num="223" count="0" type="stmt"/>
        <line num="225" count="0" type="stmt"/>
        <line num="226" count="0" type="stmt"/>
        <line num="228" count="0" type="stmt"/>
        <line num="229" count="0" type="stmt"/>
        <line num="230" count="0" type="stmt"/>
        <line num="232" count="0" type="stmt"/>
        <line num="234" count="0" type="stmt"/>
        <line num="235" count="0" type="stmt"/>
        <line num="237" count="0" type="stmt"/>
        <line num="238" count="0" type="stmt"/>
        <line num="240" count="0" type="stmt"/>
        <line num="241" count="0" type="stmt"/>
        <line num="242" count="0" type="stmt"/>
        <line num="243" count="0" type="stmt"/>
        <line num="245" count="0" type="stmt"/>
        <line num="246" count="0" type="stmt"/>
        <line num="247" count="0" type="stmt"/>
        <line num="248" count="0" type="stmt"/>
        <line num="250" count="0" type="stmt"/>
        <line num="251" count="0" type="stmt"/>
        <line num="252" count="0" type="stmt"/>
        <line num="253" count="0" type="stmt"/>
        <line num="254" count="0" type="stmt"/>
        <line num="255" count="0" type="stmt"/>
        <line num="257" count="0" type="stmt"/>
        <line num="258" count="0" type="stmt"/>
        <line num="260" count="0" type="stmt"/>
        <line num="261" count="0" type="stmt"/>
        <line num="262" count="0" type="stmt"/>
        <line num="263" count="0" type="stmt"/>
        <line num="264" count="0" type="stmt"/>
        <line num="265" count="0" type="stmt"/>
        <line num="267" count="0" type="stmt"/>
        <line num="268" count="0" type="stmt"/>
        <line num="270" count="0" type="stmt"/>
        <line num="272" count="0" type="stmt"/>
        <line num="273" count="0" type="stmt"/>
        <line num="274" count="0" type="stmt"/>
        <line num="276" count="0" type="stmt"/>
        <line num="277" count="0" type="stmt"/>
        <line num="278" count="0" type="stmt"/>
        <line num="280" count="0" type="stmt"/>
        <line num="281" count="0" type="stmt"/>
        <line num="282" count="0" type="stmt"/>
        <line num="284" count="0" type="stmt"/>
        <line num="285" count="0" type="stmt"/>
        <line num="286" count="0" type="stmt"/>
        <line num="287" count="0" type="stmt"/>
        <line num="288" count="0" type="stmt"/>
        <line num="290" count="0" type="stmt"/>
        <line num="291" count="0" type="stmt"/>
        <line num="292" count="0" type="stmt"/>
        <line num="294" count="0" type="stmt"/>
        <line num="295" count="0" type="stmt"/>
      </file>
      <file name="loaders-gl.ts" path="/workspaces/avatar-optimizer/packages/avatar-optimizer/src/vrm/loaders-gl.ts">
        <metrics statements="171" coveredstatements="125" conditionals="40" coveredconditionals="17" methods="6" coveredmethods="6"/>
        <line num="1" count="1" type="stmt"/>
        <line num="9" count="1" type="stmt"/>
        <line num="15" count="7" type="cond" truecount="1" falsecount="0"/>
        <line num="16" count="7" type="cond" truecount="1" falsecount="0"/>
        <line num="17" count="3" type="stmt"/>
        <line num="18" count="3" type="cond" truecount="1" falsecount="0"/>
        <line num="20" count="7" type="cond" truecount="1" falsecount="1"/>
        <line num="21" count="0" type="stmt"/>
        <line num="22" count="0" type="stmt"/>
        <line num="23" count="0" type="stmt"/>
        <line num="24" count="0" type="stmt"/>
        <line num="26" count="4" type="stmt"/>
        <line num="27" count="4" type="stmt"/>
        <line num="28" count="4" type="stmt"/>
        <line num="29" count="4" type="stmt"/>
        <line num="30" count="4" type="stmt"/>
        <line num="31" count="4" type="cond" truecount="0" falsecount="1"/>
        <line num="33" count="0" type="stmt"/>
        <line num="34" count="0" type="stmt"/>
        <line num="36" count="7" type="cond" truecount="1" falsecount="0"/>
        <line num="37" count="7" type="stmt"/>
        <line num="38" count="7" type="stmt"/>
        <line num="39" count="7" type="cond" truecount="0" falsecount="1"/>
        <line num="41" count="0" type="stmt"/>
        <line num="42" count="0" type="stmt"/>
        <line num="43" count="0" type="stmt"/>
        <line num="44" count="0" type="stmt"/>
        <line num="45" count="0" type="stmt"/>
        <line num="46" count="0" type="stmt"/>
        <line num="47" count="0" type="stmt"/>
        <line num="48" count="0" type="stmt"/>
        <line num="49" count="0" type="stmt"/>
        <line num="50" count="0" type="stmt"/>
        <line num="51" count="0" type="stmt"/>
        <line num="52" count="0" type="stmt"/>
        <line num="54" count="0" type="stmt"/>
        <line num="55" count="0" type="stmt"/>
        <line num="57" count="1624" type="cond" truecount="1" falsecount="0"/>
        <line num="58" count="1624" type="cond" truecount="0" falsecount="1"/>
        <line num="59" count="0" type="stmt"/>
        <line num="60" count="0" type="stmt"/>
        <line num="61" count="1624" type="stmt"/>
        <line num="62" count="1624" type="stmt"/>
        <line num="64" count="8" type="cond" truecount="1" falsecount="0"/>
        <line num="65" count="8" type="cond" truecount="0" falsecount="1"/>
        <line num="66" count="8" type="cond" truecount="0" falsecount="1"/>
        <line num="67" count="0" type="stmt"/>
        <line num="68" count="0" type="stmt"/>
        <line num="69" count="0" type="stmt"/>
        <line num="70" count="0" type="stmt"/>
        <line num="71" count="0" type="stmt"/>
        <line num="72" count="0" type="stmt"/>
        <line num="73" count="0" type="stmt"/>
        <line num="74" count="0" type="stmt"/>
        <line num="75" count="0" type="stmt"/>
        <line num="76" count="0" type="stmt"/>
        <line num="78" count="8" type="cond" truecount="0" falsecount="1"/>
        <line num="79" count="8" type="cond" truecount="0" falsecount="1"/>
        <line num="80" count="0" type="stmt"/>
        <line num="81" count="0" type="stmt"/>
        <line num="83" count="8" type="cond" truecount="0" falsecount="1"/>
        <line num="84" count="8" type="cond" truecount="0" falsecount="1"/>
        <line num="85" count="0" type="stmt"/>
        <line num="86" count="0" type="stmt"/>
        <line num="88" count="8" type="stmt"/>
        <line num="89" count="8" type="cond" truecount="2" falsecount="1"/>
        <line num="90" count="8" type="cond" truecount="1" falsecount="0"/>
        <line num="91" count="3" type="stmt"/>
        <line num="92" count="3" type="stmt"/>
        <line num="93" count="3" type="cond" truecount="0" falsecount="1"/>
        <line num="94" count="3" type="stmt"/>
        <line num="95" count="3" type="cond" truecount="0" falsecount="2"/>
        <line num="96" count="3" type="stmt"/>
        <line num="98" count="3" type="stmt"/>
        <line num="99" count="3" type="stmt"/>
        <line num="100" count="3" type="cond" truecount="0" falsecount="1"/>
        <line num="101" count="3" type="stmt"/>
        <line num="102" count="3" type="stmt"/>
        <line num="103" count="3" type="stmt"/>
        <line num="104" count="3" type="stmt"/>
        <line num="105" count="3" type="stmt"/>
        <line num="106" count="3" type="cond" truecount="1" falsecount="0"/>
        <line num="108" count="5" type="cond" truecount="1" falsecount="0"/>
        <line num="109" count="1619" type="stmt"/>
        <line num="110" count="1619" type="cond" truecount="0" falsecount="1"/>
        <line num="111" count="1619" type="cond" truecount="0" falsecount="1"/>
        <line num="112" count="1619" type="cond" truecount="0" falsecount="1"/>
        <line num="113" count="5" type="stmt"/>
        <line num="115" count="5" type="stmt"/>
        <line num="116" count="5" type="cond" truecount="1" falsecount="0"/>
        <line num="117" count="1619" type="stmt"/>
        <line num="118" count="1619" type="stmt"/>
        <line num="119" count="1619" type="stmt"/>
        <line num="120" count="1619" type="stmt"/>
        <line num="121" count="1619" type="stmt"/>
        <line num="123" count="5" type="stmt"/>
        <line num="124" count="5" type="stmt"/>
        <line num="125" count="5" type="stmt"/>
        <line num="127" count="5" type="cond" truecount="1" falsecount="0"/>
        <line num="128" count="1619" type="cond" truecount="0" falsecount="1"/>
        <line num="129" count="0" type="stmt"/>
        <line num="130" count="0" type="stmt"/>
        <line num="132" count="1619" type="stmt"/>
        <line num="133" count="1619" type="cond" truecount="0" falsecount="1"/>
        <line num="134" count="0" type="stmt"/>
        <line num="135" count="0" type="stmt"/>
        <line num="137" count="1619" type="cond" truecount="0" falsecount="1"/>
        <line num="138" count="1619" type="stmt"/>
        <line num="139" count="1619" type="cond" truecount="0" falsecount="1"/>
        <line num="140" count="1619" type="stmt"/>
        <line num="142" count="5" type="stmt"/>
        <line num="143" count="5" type="stmt"/>
        <line num="144" count="5" type="stmt"/>
        <line num="145" count="5" type="stmt"/>
        <line num="146" count="5" type="stmt"/>
        <line num="148" count="5" type="stmt"/>
        <line num="149" count="8" type="cond" truecount="0" falsecount="1"/>
        <line num="150" count="8" type="stmt"/>
        <line num="151" count="8" type="stmt"/>
        <line num="152" count="8" type="stmt"/>
        <line num="154" count="8" type="stmt"/>
        <line num="155" count="8" type="stmt"/>
        <line num="156" count="8" type="stmt"/>
        <line num="157" count="8" type="stmt"/>
        <line num="158" count="8" type="stmt"/>
        <line num="159" count="8" type="stmt"/>
        <line num="160" count="8" type="stmt"/>
        <line num="161" count="8" type="stmt"/>
        <line num="162" count="8" type="stmt"/>
        <line num="163" count="8" type="stmt"/>
        <line num="165" count="1" type="cond" truecount="1" falsecount="0"/>
        <line num="166" count="7" type="stmt"/>
        <line num="167" count="7" type="stmt"/>
        <line num="168" count="7" type="stmt"/>
        <line num="170" count="7" type="stmt"/>
        <line num="171" count="7" type="stmt"/>
        <line num="172" count="7" type="stmt"/>
        <line num="173" count="7" type="stmt"/>
        <line num="174" count="7" type="stmt"/>
        <line num="175" count="7" type="stmt"/>
        <line num="176" count="7" type="stmt"/>
        <line num="177" count="7" type="stmt"/>
        <line num="178" count="0" type="stmt"/>
        <line num="179" count="0" type="stmt"/>
        <line num="180" count="0" type="stmt"/>
        <line num="181" count="7" type="cond" truecount="1" falsecount="0"/>
        <line num="182" count="7" type="stmt"/>
        <line num="183" count="7" type="stmt"/>
        <line num="184" count="7" type="stmt"/>
        <line num="185" count="7" type="stmt"/>
        <line num="186" count="7" type="stmt"/>
        <line num="187" count="7" type="stmt"/>
        <line num="188" count="7" type="stmt"/>
        <line num="190" count="1" type="cond" truecount="1" falsecount="0"/>
        <line num="191" count="7" type="stmt"/>
        <line num="192" count="7" type="stmt"/>
        <line num="193" count="7" type="stmt"/>
        <line num="194" count="7" type="stmt"/>
        <line num="195" count="7" type="stmt"/>
        <line num="196" count="7" type="stmt"/>
        <line num="197" count="7" type="stmt"/>
        <line num="198" count="7" type="stmt"/>
        <line num="199" count="7" type="stmt"/>
        <line num="200" count="0" type="stmt"/>
        <line num="201" count="0" type="stmt"/>
        <line num="202" count="0" type="stmt"/>
        <line num="203" count="7" type="stmt"/>
        <line num="204" count="7" type="stmt"/>
        <line num="206" count="1" type="stmt"/>
        <line num="207" count="1" type="stmt"/>
        <line num="208" count="1" type="stmt"/>
      </file>
      <file name="scenegraph-adapter.ts" path="/workspaces/avatar-optimizer/packages/avatar-optimizer/src/vrm/scenegraph-adapter.ts">
        <metrics statements="765" coveredstatements="647" conditionals="229" coveredconditionals="159" methods="55" coveredmethods="53"/>
        <line num="1" count="1" type="stmt"/>
        <line num="85" count="1" type="stmt"/>
        <line num="86" count="1" type="stmt"/>
        <line num="87" count="1" type="stmt"/>
        <line num="88" count="1" type="stmt"/>
        <line num="89" count="1" type="stmt"/>
        <line num="90" count="1" type="stmt"/>
        <line num="91" count="1" type="stmt"/>
        <line num="92" count="1" type="stmt"/>
        <line num="93" count="1" type="stmt"/>
        <line num="94" count="1" type="stmt"/>
        <line num="95" count="1" type="stmt"/>
        <line num="96" count="1" type="stmt"/>
        <line num="97" count="1" type="stmt"/>
        <line num="98" count="1" type="stmt"/>
        <line num="99" count="1" type="stmt"/>
        <line num="100" count="1" type="stmt"/>
        <line num="101" count="1" type="stmt"/>
        <line num="102" count="1" type="stmt"/>
        <line num="103" count="1" type="stmt"/>
        <line num="104" count="1" type="stmt"/>
        <line num="105" count="1" type="stmt"/>
        <line num="107" count="1" type="stmt"/>
        <line num="110" count="1" type="stmt"/>
        <line num="111" count="1" type="cond" truecount="1" falsecount="0"/>
        <line num="112" count="1" type="cond" truecount="1" falsecount="0"/>
        <line num="113" count="1" type="cond" truecount="1" falsecount="0"/>
        <line num="114" count="1" type="cond" truecount="1" falsecount="0"/>
        <line num="115" count="1" type="cond" truecount="1" falsecount="0"/>
        <line num="116" count="1" type="cond" truecount="1" falsecount="0"/>
        <line num="117" count="1" type="cond" truecount="1" falsecount="0"/>
        <line num="118" count="1" type="cond" truecount="1" falsecount="0"/>
        <line num="119" count="1" type="stmt"/>
        <line num="121" count="1" type="stmt"/>
        <line num="122" count="1" type="stmt"/>
        <line num="123" count="1" type="stmt"/>
        <line num="124" count="1" type="stmt"/>
        <line num="125" count="1" type="stmt"/>
        <line num="126" count="1" type="stmt"/>
        <line num="127" count="1" type="stmt"/>
        <line num="128" count="1" type="stmt"/>
        <line num="129" count="1" type="stmt"/>
        <line num="130" count="1" type="stmt"/>
        <line num="134" count="1" type="stmt"/>
        <line num="138" count="1" type="stmt"/>
        <line num="139" count="1" type="stmt"/>
        <line num="142" count="1" type="stmt"/>
        <line num="143" count="1" type="stmt"/>
        <line num="144" count="1" type="stmt"/>
        <line num="145" count="1" type="stmt"/>
        <line num="147" count="1" type="stmt"/>
        <line num="149" count="1" type="cond" truecount="1" falsecount="0"/>
        <line num="150" count="13" type="stmt"/>
        <line num="151" count="13" type="stmt"/>
        <line num="152" count="13" type="stmt"/>
        <line num="154" count="1" type="cond" truecount="1" falsecount="0"/>
        <line num="155" count="14" type="stmt"/>
        <line num="156" count="14" type="cond" truecount="1" falsecount="0"/>
        <line num="157" count="1" type="stmt"/>
        <line num="158" count="1" type="stmt"/>
        <line num="159" count="1" type="stmt"/>
        <line num="160" count="1" type="stmt"/>
        <line num="161" count="1" type="cond" truecount="1" falsecount="0"/>
        <line num="162" count="13" type="stmt"/>
        <line num="163" count="14" type="stmt"/>
        <line num="165" count="1" type="cond" truecount="1" falsecount="0"/>
        <line num="166" count="2" type="stmt"/>
        <line num="167" count="2" type="stmt"/>
        <line num="169" count="1" type="cond" truecount="1" falsecount="0"/>
        <line num="170" count="2" type="stmt"/>
        <line num="171" count="2" type="stmt"/>
        <line num="173" count="1" type="cond" truecount="1" falsecount="0"/>
        <line num="174" count="2" type="stmt"/>
        <line num="175" count="2" type="stmt"/>
        <line num="177" count="1" type="cond" truecount="1" falsecount="0"/>
        <line num="178" count="11" type="stmt"/>
        <line num="179" count="11" type="stmt"/>
        <line num="180" count="11" type="stmt"/>
        <line num="181" count="11" type="stmt"/>
        <line num="182" count="11" type="stmt"/>
        <line num="183" count="11" type="stmt"/>
        <line num="184" count="11" type="stmt"/>
        <line num="185" count="11" type="stmt"/>
        <line num="186" count="11" type="stmt"/>
        <line num="188" count="1" type="cond" truecount="1" falsecount="0"/>
        <line num="189" count="11" type="stmt"/>
        <line num="190" count="11" type="stmt"/>
        <line num="191" count="11" type="stmt"/>
        <line num="192" count="11" type="stmt"/>
        <line num="194" count="11" type="cond" truecount="1" falsecount="0"/>
        <line num="195" count="11" type="stmt"/>
        <line num="196" count="11" type="stmt"/>
        <line num="198" count="11" type="cond" truecount="1" falsecount="0"/>
        <line num="199" count="35" type="stmt"/>
        <line num="200" count="35" type="stmt"/>
        <line num="202" count="35" type="cond" truecount="1" falsecount="0"/>
        <line num="203" count="280" type="stmt"/>
        <line num="204" count="280" type="cond" truecount="1" falsecount="0"/>
        <line num="205" count="118" type="stmt"/>
        <line num="206" count="118" type="cond" truecount="1" falsecount="0"/>
        <line num="208" count="162" type="stmt"/>
        <line num="209" count="280" type="cond" truecount="0" falsecount="1"/>
        <line num="210" count="0" type="stmt"/>
        <line num="211" count="0" type="cond" truecount="1" falsecount="0"/>
        <line num="213" count="162" type="stmt"/>
        <line num="214" count="162" type="stmt"/>
        <line num="215" count="162" type="stmt"/>
        <line num="216" count="162" type="stmt"/>
        <line num="217" count="162" type="stmt"/>
        <line num="218" count="162" type="stmt"/>
        <line num="219" count="162" type="stmt"/>
        <line num="220" count="162" type="stmt"/>
        <line num="221" count="162" type="stmt"/>
        <line num="222" count="162" type="stmt"/>
        <line num="223" count="162" type="stmt"/>
        <line num="224" count="162" type="stmt"/>
        <line num="225" count="280" type="stmt"/>
        <line num="227" count="35" type="cond" truecount="0" falsecount="1"/>
        <line num="228" count="0" type="stmt"/>
        <line num="229" count="0" type="stmt"/>
        <line num="231" count="35" type="stmt"/>
        <line num="232" count="35" type="stmt"/>
        <line num="233" count="35" type="stmt"/>
        <line num="234" count="35" type="stmt"/>
        <line num="235" count="35" type="stmt"/>
        <line num="237" count="35" type="stmt"/>
        <line num="238" count="35" type="stmt"/>
        <line num="239" count="35" type="stmt"/>
        <line num="240" count="35" type="stmt"/>
        <line num="242" count="11" type="stmt"/>
        <line num="243" count="11" type="stmt"/>
        <line num="245" count="1" type="cond" truecount="1" falsecount="0"/>
        <line num="246" count="9" type="cond" truecount="0" falsecount="1"/>
        <line num="247" count="0" type="stmt"/>
        <line num="248" count="0" type="stmt"/>
        <line num="250" count="9" type="stmt"/>
        <line num="251" count="9" type="cond" truecount="2" falsecount="0"/>
        <line num="252" count="9" type="stmt"/>
        <line num="253" count="9" type="cond" truecount="0" falsecount="1"/>
        <line num="255" count="9" type="cond" truecount="1" falsecount="0"/>
        <line num="256" count="33" type="stmt"/>
        <line num="257" count="33" type="cond" truecount="0" falsecount="1"/>
        <line num="258" count="0" type="stmt"/>
        <line num="259" count="0" type="stmt"/>
        <line num="260" count="33" type="stmt"/>
        <line num="261" count="33" type="cond" truecount="0" falsecount="1"/>
        <line num="262" count="0" type="stmt"/>
        <line num="263" count="0" type="stmt"/>
        <line num="265" count="33" type="cond" truecount="1" falsecount="0"/>
        <line num="266" count="146" type="stmt"/>
        <line num="267" count="146" type="cond" truecount="1" falsecount="0"/>
        <line num="268" count="25" type="stmt"/>
        <line num="269" count="25" type="cond" truecount="1" falsecount="0"/>
        <line num="270" count="121" type="stmt"/>
        <line num="271" count="146" type="cond" truecount="0" falsecount="1"/>
        <line num="272" count="0" type="stmt"/>
        <line num="273" count="0" type="cond" truecount="1" falsecount="0"/>
        <line num="275" count="121" type="stmt"/>
        <line num="276" count="121" type="stmt"/>
        <line num="277" count="121" type="stmt"/>
        <line num="278" count="121" type="stmt"/>
        <line num="279" count="121" type="stmt"/>
        <line num="280" count="121" type="stmt"/>
        <line num="281" count="121" type="stmt"/>
        <line num="282" count="121" type="stmt"/>
        <line num="283" count="121" type="stmt"/>
        <line num="284" count="33" type="stmt"/>
        <line num="286" count="9" type="stmt"/>
        <line num="287" count="9" type="stmt"/>
        <line num="289" count="1" type="cond" truecount="1" falsecount="0"/>
        <line num="290" count="8" type="stmt"/>
        <line num="291" count="8" type="stmt"/>
        <line num="292" count="8" type="stmt"/>
        <line num="293" count="8" type="stmt"/>
        <line num="295" count="1" type="cond" truecount="1" falsecount="0"/>
        <line num="296" count="11" type="stmt"/>
        <line num="297" count="11" type="stmt"/>
        <line num="299" count="1" type="cond" truecount="1" falsecount="0"/>
        <line num="300" count="11" type="cond" truecount="1" falsecount="0"/>
        <line num="301" count="4" type="stmt"/>
        <line num="302" count="4" type="cond" truecount="1" falsecount="0"/>
        <line num="303" count="7" type="stmt"/>
        <line num="304" count="11" type="stmt"/>
        <line num="306" count="1" type="cond" truecount="1" falsecount="0"/>
        <line num="307" count="7" type="cond" truecount="0" falsecount="1"/>
        <line num="308" count="7" type="stmt"/>
        <line num="310" count="7" type="cond" truecount="1" falsecount="0"/>
        <line num="311" count="8" type="cond" truecount="1" falsecount="0"/>
        <line num="312" count="8" type="cond" truecount="1" falsecount="0"/>
        <line num="313" count="1" type="stmt"/>
        <line num="314" count="1" type="cond" truecount="1" falsecount="0"/>
        <line num="316" count="7" type="stmt"/>
        <line num="317" count="7" type="stmt"/>
        <line num="318" count="7" type="stmt"/>
        <line num="319" count="7" type="stmt"/>
        <line num="320" count="7" type="stmt"/>
        <line num="321" count="7" type="stmt"/>
        <line num="323" count="7" type="stmt"/>
        <line num="324" count="7" type="stmt"/>
        <line num="326" count="1" type="cond" truecount="1" falsecount="0"/>
        <line num="327" count="4" type="stmt"/>
        <line num="328" count="4" type="cond" truecount="0" falsecount="1"/>
        <line num="329" count="4" type="cond" truecount="0" falsecount="1"/>
        <line num="330" count="0" type="stmt"/>
        <line num="331" count="0" type="stmt"/>
        <line num="333" count="4" type="stmt"/>
        <line num="335" count="4" type="cond" truecount="0" falsecount="1"/>
        <line num="336" count="4" type="stmt"/>
        <line num="337" count="4" type="cond" truecount="1" falsecount="0"/>
        <line num="338" count="28" type="stmt"/>
        <line num="339" count="28" type="stmt"/>
        <line num="340" count="28" type="stmt"/>
        <line num="341" count="4" type="stmt"/>
        <line num="343" count="4" type="stmt"/>
        <line num="344" count="4" type="cond" truecount="1" falsecount="0"/>
        <line num="345" count="28" type="cond" truecount="0" falsecount="1"/>
        <line num="346" count="0" type="stmt"/>
        <line num="347" count="0" type="stmt"/>
        <line num="349" count="28" type="stmt"/>
        <line num="350" count="28" type="cond" truecount="0" falsecount="1"/>
        <line num="351" count="28" type="stmt"/>
        <line num="352" count="28" type="cond" truecount="0" falsecount="1"/>
        <line num="353" count="0" type="stmt"/>
        <line num="354" count="0" type="stmt"/>
        <line num="356" count="28" type="stmt"/>
        <line num="358" count="28" type="stmt"/>
        <line num="359" count="28" type="stmt"/>
        <line num="360" count="28" type="stmt"/>
        <line num="361" count="28" type="stmt"/>
        <line num="362" count="28" type="stmt"/>
        <line num="363" count="4" type="stmt"/>
        <line num="365" count="4" type="stmt"/>
        <line num="366" count="4" type="stmt"/>
        <line num="368" count="1" type="cond" truecount="1" falsecount="0"/>
        <line num="369" count="11" type="cond" truecount="0" falsecount="1"/>
        <line num="370" count="11" type="cond" truecount="0" falsecount="1"/>
        <line num="372" count="11" type="cond" truecount="1" falsecount="0"/>
        <line num="373" count="63" type="cond" truecount="0" falsecount="1"/>
        <line num="374" count="63" type="cond" truecount="0" falsecount="1"/>
        <line num="375" count="63" type="stmt"/>
        <line num="376" count="63" type="stmt"/>
        <line num="377" count="63" type="stmt"/>
        <line num="378" count="63" type="stmt"/>
        <line num="379" count="63" type="cond" truecount="1" falsecount="0"/>
        <line num="380" count="63" type="stmt"/>
        <line num="381" count="63" type="stmt"/>
        <line num="382" count="63" type="stmt"/>
        <line num="383" count="63" type="stmt"/>
        <line num="384" count="63" type="stmt"/>
        <line num="385" count="63" type="cond" truecount="0" falsecount="1"/>
        <line num="386" count="0" type="stmt"/>
        <line num="387" count="63" type="stmt"/>
        <line num="388" count="11" type="stmt"/>
        <line num="389" count="11" type="stmt"/>
        <line num="391" count="1" type="cond" truecount="1" falsecount="0"/>
        <line num="392" count="11" type="cond" truecount="1" falsecount="0"/>
        <line num="393" count="11" type="stmt"/>
        <line num="395" count="11" type="cond" truecount="1" falsecount="0"/>
        <line num="396" count="6" type="stmt"/>
        <line num="397" count="6" type="cond" truecount="1" falsecount="0"/>
        <line num="398" count="27" type="stmt"/>
        <line num="399" count="27" type="cond" truecount="0" falsecount="1"/>
        <line num="400" count="27" type="stmt"/>
        <line num="401" count="27" type="cond" truecount="0" falsecount="1"/>
        <line num="402" count="27" type="stmt"/>
        <line num="403" count="27" type="stmt"/>
        <line num="404" count="6" type="cond" truecount="0" falsecount="1"/>
        <line num="406" count="6" type="stmt"/>
        <line num="407" count="6" type="stmt"/>
        <line num="408" count="6" type="stmt"/>
        <line num="409" count="6" type="stmt"/>
        <line num="410" count="6" type="stmt"/>
        <line num="411" count="11" type="stmt"/>
        <line num="412" count="11" type="stmt"/>
        <line num="414" count="1" type="cond" truecount="1" falsecount="0"/>
        <line num="415" count="7" type="stmt"/>
        <line num="416" count="7" type="stmt"/>
        <line num="417" count="7" type="stmt"/>
        <line num="418" count="7" type="stmt"/>
        <line num="419" count="7" type="stmt"/>
        <line num="420" count="7" type="stmt"/>
        <line num="421" count="7" type="stmt"/>
        <line num="422" count="7" type="stmt"/>
        <line num="423" count="7" type="stmt"/>
        <line num="424" count="7" type="stmt"/>
        <line num="425" count="7" type="stmt"/>
        <line num="427" count="1" type="cond" truecount="1" falsecount="0"/>
        <line num="428" count="28" type="cond" truecount="1" falsecount="0"/>
        <line num="429" count="196" type="stmt"/>
        <line num="430" count="196" type="cond" truecount="2" falsecount="0"/>
        <line num="431" count="78" type="stmt"/>
        <line num="432" count="78" type="cond" truecount="1" falsecount="0"/>
        <line num="433" count="118" type="stmt"/>
        <line num="434" count="196" type="stmt"/>
        <line num="436" count="28" type="stmt"/>
        <line num="437" count="28" type="stmt"/>
        <line num="438" count="28" type="stmt"/>
        <line num="439" count="28" type="stmt"/>
        <line num="440" count="28" type="stmt"/>
        <line num="441" count="28" type="stmt"/>
        <line num="442" count="28" type="stmt"/>
        <line num="443" count="28" type="stmt"/>
        <line num="444" count="28" type="stmt"/>
        <line num="445" count="28" type="stmt"/>
        <line num="447" count="1" type="cond" truecount="1" falsecount="0"/>
        <line num="448" count="162" type="stmt"/>
        <line num="449" count="162" type="stmt"/>
        <line num="450" count="162" type="stmt"/>
        <line num="451" count="162" type="stmt"/>
        <line num="452" count="162" type="cond" truecount="0" falsecount="1"/>
        <line num="453" count="0" type="stmt"/>
        <line num="454" count="0" type="stmt"/>
        <line num="456" count="162" type="stmt"/>
        <line num="457" count="162" type="stmt"/>
        <line num="458" count="162" type="stmt"/>
        <line num="459" count="162" type="stmt"/>
        <line num="460" count="162" type="stmt"/>
        <line num="461" count="162" type="stmt"/>
        <line num="463" count="162" type="stmt"/>
        <line num="464" count="162" type="stmt"/>
        <line num="465" count="162" type="stmt"/>
        <line num="466" count="162" type="stmt"/>
        <line num="467" count="162" type="stmt"/>
        <line num="468" count="162" type="cond" truecount="2" falsecount="0"/>
        <line num="469" count="162" type="stmt"/>
        <line num="470" count="162" type="stmt"/>
        <line num="472" count="1" type="cond" truecount="1" falsecount="0"/>
        <line num="473" count="162" type="stmt"/>
        <line num="474" count="162" type="stmt"/>
        <line num="475" count="162" type="stmt"/>
        <line num="476" count="162" type="stmt"/>
        <line num="477" count="162" type="cond" truecount="1" falsecount="0"/>
        <line num="478" count="54" type="stmt"/>
        <line num="479" count="54" type="stmt"/>
        <line num="480" count="162" type="stmt"/>
        <line num="481" count="162" type="stmt"/>
        <line num="483" count="1" type="cond" truecount="1" falsecount="0"/>
        <line num="484" count="45" type="stmt"/>
        <line num="485" count="45" type="cond" truecount="0" falsecount="1"/>
        <line num="486" count="0" type="stmt"/>
        <line num="487" count="0" type="stmt"/>
        <line num="489" count="45" type="stmt"/>
        <line num="490" count="45" type="stmt"/>
        <line num="491" count="45" type="stmt"/>
        <line num="493" count="45" type="stmt"/>
        <line num="494" count="45" type="stmt"/>
        <line num="495" count="45" type="stmt"/>
        <line num="496" count="45" type="stmt"/>
        <line num="497" count="45" type="stmt"/>
        <line num="498" count="45" type="stmt"/>
        <line num="500" count="1" type="cond" truecount="1" falsecount="0"/>
        <line num="501" count="45" type="stmt"/>
        <line num="502" count="45" type="cond" truecount="0" falsecount="1"/>
        <line num="503" count="0" type="stmt"/>
        <line num="504" count="0" type="stmt"/>
        <line num="506" count="45" type="stmt"/>
        <line num="507" count="45" type="stmt"/>
        <line num="508" count="45" type="cond" truecount="0" falsecount="1"/>
        <line num="510" count="0" type="stmt"/>
        <line num="511" count="0" type="stmt"/>
        <line num="512" count="0" type="stmt"/>
        <line num="514" count="0" type="stmt"/>
        <line num="515" count="45" type="stmt"/>
        <line num="517" count="1" type="cond" truecount="1" falsecount="0"/>
        <line num="518" count="9" type="stmt"/>
        <line num="519" count="9" type="stmt"/>
        <line num="520" count="9" type="stmt"/>
        <line num="521" count="9" type="stmt"/>
        <line num="522" count="9" type="cond" truecount="1" falsecount="0"/>
        <line num="523" count="25" type="stmt"/>
        <line num="524" count="25" type="stmt"/>
        <line num="525" count="25" type="stmt"/>
        <line num="526" count="25" type="stmt"/>
        <line num="527" count="9" type="stmt"/>
        <line num="528" count="9" type="stmt"/>
        <line num="530" count="1" type="cond" truecount="1" falsecount="0"/>
        <line num="531" count="9" type="stmt"/>
        <line num="532" count="9" type="stmt"/>
        <line num="533" count="9" type="stmt"/>
        <line num="534" count="9" type="stmt"/>
        <line num="536" count="1" type="cond" truecount="1" falsecount="0"/>
        <line num="537" count="17" type="cond" truecount="0" falsecount="1"/>
        <line num="538" count="17" type="cond" truecount="0" falsecount="1"/>
        <line num="539" count="17" type="stmt"/>
        <line num="540" count="17" type="stmt"/>
        <line num="541" count="17" type="stmt"/>
        <line num="542" count="17" type="stmt"/>
        <line num="544" count="17" type="cond" truecount="1" falsecount="0"/>
        <line num="545" count="370" type="cond" truecount="2" falsecount="0"/>
        <line num="546" count="159" type="stmt"/>
        <line num="547" count="159" type="cond" truecount="1" falsecount="0"/>
        <line num="548" count="211" type="stmt"/>
        <line num="549" count="211" type="stmt"/>
        <line num="550" count="211" type="stmt"/>
        <line num="551" count="370" type="cond" truecount="1" falsecount="0"/>
        <line num="552" count="211" type="stmt"/>
        <line num="553" count="211" type="stmt"/>
        <line num="554" count="370" type="stmt"/>
        <line num="556" count="17" type="cond" truecount="1" falsecount="0"/>
        <line num="557" count="65" type="cond" truecount="1" falsecount="0"/>
        <line num="558" count="65" type="cond" truecount="1" falsecount="0"/>
        <line num="559" count="65" type="stmt"/>
        <line num="560" count="65" type="stmt"/>
        <line num="561" count="65" type="stmt"/>
        <line num="563" count="65" type="cond" truecount="1" falsecount="0"/>
        <line num="564" count="65" type="cond" truecount="1" falsecount="0"/>
        <line num="565" count="9" type="cond" truecount="1" falsecount="0"/>
        <line num="566" count="45" type="stmt"/>
        <line num="567" count="45" type="stmt"/>
        <line num="568" count="9" type="stmt"/>
        <line num="569" count="65" type="stmt"/>
        <line num="571" count="17" type="stmt"/>
        <line num="572" count="17" type="cond" truecount="2" falsecount="0"/>
        <line num="573" count="17" type="cond" truecount="1" falsecount="0"/>
        <line num="574" count="56" type="cond" truecount="0" falsecount="1"/>
        <line num="575" count="56" type="cond" truecount="1" falsecount="0"/>
        <line num="576" count="284" type="stmt"/>
        <line num="577" count="284" type="stmt"/>
        <line num="578" count="284" type="stmt"/>
        <line num="579" count="284" type="stmt"/>
        <line num="580" count="284" type="stmt"/>
        <line num="581" count="284" type="stmt"/>
        <line num="582" count="284" type="stmt"/>
        <line num="583" count="284" type="stmt"/>
        <line num="584" count="56" type="stmt"/>
        <line num="586" count="17" type="stmt"/>
        <line num="587" count="17" type="stmt"/>
        <line num="589" count="1" type="cond" truecount="1" falsecount="0"/>
        <line num="590" count="8" type="cond" truecount="0" falsecount="1"/>
        <line num="591" count="0" type="stmt"/>
        <line num="592" count="0" type="stmt"/>
        <line num="593" count="0" type="stmt"/>
        <line num="595" count="8" type="stmt"/>
        <line num="596" count="8" type="cond" truecount="0" falsecount="1"/>
        <line num="597" count="8" type="stmt"/>
        <line num="599" count="8" type="stmt"/>
        <line num="600" count="8" type="stmt"/>
        <line num="601" count="8" type="cond" truecount="1" falsecount="0"/>
        <line num="602" count="51" type="stmt"/>
        <line num="603" count="8" type="stmt"/>
        <line num="604" count="8" type="cond" truecount="1" falsecount="0"/>
        <line num="606" count="8" type="cond" truecount="1" falsecount="0"/>
        <line num="607" count="45" type="stmt"/>
        <line num="608" count="45" type="stmt"/>
        <line num="610" count="8" type="stmt"/>
        <line num="611" count="8" type="stmt"/>
        <line num="612" count="8" type="stmt"/>
        <line num="614" count="1" type="cond" truecount="1" falsecount="0"/>
        <line num="615" count="45" type="stmt"/>
        <line num="616" count="45" type="cond" truecount="0" falsecount="1"/>
        <line num="617" count="0" type="stmt"/>
        <line num="618" count="0" type="stmt"/>
        <line num="620" count="45" type="stmt"/>
        <line num="621" count="45" type="stmt"/>
        <line num="622" count="45" type="stmt"/>
        <line num="624" count="45" type="stmt"/>
        <line num="625" count="45" type="stmt"/>
        <line num="626" count="45" type="stmt"/>
        <line num="627" count="45" type="stmt"/>
        <line num="629" count="1" type="cond" truecount="1" falsecount="0"/>
        <line num="630" count="45" type="cond" truecount="0" falsecount="1"/>
        <line num="632" count="45" type="cond" truecount="1" falsecount="0"/>
        <line num="633" count="1905" type="cond" truecount="2" falsecount="0"/>
        <line num="634" count="768" type="stmt"/>
        <line num="635" count="768" type="cond" truecount="1" falsecount="0"/>
        <line num="636" count="1905" type="cond" truecount="0" falsecount="1"/>
        <line num="637" count="0" type="stmt"/>
        <line num="638" count="1905" type="cond" truecount="1" falsecount="0"/>
        <line num="639" count="1137" type="stmt"/>
        <line num="640" count="1137" type="stmt"/>
        <line num="641" count="1905" type="stmt"/>
        <line num="643" count="45" type="cond" truecount="1" falsecount="0"/>
        <line num="644" count="381" type="stmt"/>
        <line num="645" count="381" type="stmt"/>
        <line num="646" count="381" type="stmt"/>
        <line num="647" count="381" type="stmt"/>
        <line num="648" count="381" type="stmt"/>
        <line num="649" count="381" type="stmt"/>
        <line num="650" count="45" type="stmt"/>
        <line num="652" count="1" type="cond" truecount="1" falsecount="0"/>
        <line num="653" count="45" type="cond" truecount="0" falsecount="1"/>
        <line num="654" count="0" type="stmt"/>
        <line num="655" count="0" type="stmt"/>
        <line num="656" count="45" type="stmt"/>
        <line num="657" count="45" type="stmt"/>
        <line num="658" count="45" type="stmt"/>
        <line num="660" count="1" type="cond" truecount="1" falsecount="0"/>
        <line num="661" count="45" type="stmt"/>
        <line num="662" count="45" type="cond" truecount="2" falsecount="0"/>
        <line num="663" count="45" type="cond" truecount="1" falsecount="0"/>
        <line num="664" count="378" type="stmt"/>
        <line num="665" count="378" type="cond" truecount="0" falsecount="1"/>
        <line num="666" count="0" type="stmt"/>
        <line num="667" count="0" type="stmt"/>
        <line num="669" count="378" type="cond" truecount="1" falsecount="0"/>
        <line num="670" count="1890" type="stmt"/>
        <line num="671" count="1890" type="cond" truecount="0" falsecount="1"/>
        <line num="672" count="0" type="stmt"/>
        <line num="673" count="0" type="stmt"/>
        <line num="674" count="1890" type="cond" truecount="0" falsecount="1"/>
        <line num="675" count="0" type="stmt"/>
        <line num="676" count="1890" type="cond" truecount="1" falsecount="0"/>
        <line num="677" count="1650" type="stmt"/>
        <line num="678" count="1650" type="stmt"/>
        <line num="679" count="1890" type="stmt"/>
        <line num="680" count="378" type="stmt"/>
        <line num="681" count="45" type="stmt"/>
        <line num="683" count="1" type="cond" truecount="1" falsecount="0"/>
        <line num="684" count="45" type="cond" truecount="0" falsecount="1"/>
        <line num="685" count="45" type="cond" truecount="1" falsecount="0"/>
        <line num="686" count="381" type="stmt"/>
        <line num="687" count="381" type="cond" truecount="1" falsecount="0"/>
        <line num="688" count="378" type="stmt"/>
        <line num="689" count="378" type="cond" truecount="1" falsecount="0"/>
        <line num="691" count="3" type="cond" truecount="1" falsecount="0"/>
        <line num="692" count="15" type="stmt"/>
        <line num="693" count="15" type="cond" truecount="2" falsecount="0"/>
        <line num="694" count="12" type="stmt"/>
        <line num="695" count="12" type="cond" truecount="1" falsecount="0"/>
        <line num="697" count="15" type="cond" truecount="0" falsecount="1"/>
        <line num="698" count="0" type="stmt"/>
        <line num="699" count="15" type="cond" truecount="1" falsecount="0"/>
        <line num="700" count="3" type="stmt"/>
        <line num="701" count="3" type="stmt"/>
        <line num="702" count="15" type="stmt"/>
        <line num="703" count="3" type="stmt"/>
        <line num="704" count="45" type="stmt"/>
        <line num="706" count="1" type="cond" truecount="1" falsecount="0"/>
        <line num="707" count="45" type="stmt"/>
        <line num="708" count="45" type="cond" truecount="0" falsecount="1"/>
        <line num="709" count="0" type="stmt"/>
        <line num="710" count="0" type="stmt"/>
        <line num="712" count="45" type="stmt"/>
        <line num="714" count="45" type="cond" truecount="0" falsecount="1"/>
        <line num="715" count="45" type="cond" truecount="1" falsecount="0"/>
        <line num="716" count="658" type="cond" truecount="0" falsecount="1"/>
        <line num="717" count="0" type="stmt"/>
        <line num="718" count="0" type="stmt"/>
        <line num="719" count="658" type="cond" truecount="0" falsecount="1"/>
        <line num="720" count="0" type="stmt"/>
        <line num="721" count="658" type="cond" truecount="1" falsecount="0"/>
        <line num="722" count="288" type="stmt"/>
        <line num="723" count="288" type="stmt"/>
        <line num="724" count="45" type="stmt"/>
        <line num="725" count="45" type="stmt"/>
        <line num="727" count="1" type="cond" truecount="1" falsecount="0"/>
        <line num="728" count="121" type="stmt"/>
        <line num="729" count="121" type="stmt"/>
        <line num="730" count="121" type="stmt"/>
        <line num="731" count="121" type="stmt"/>
        <line num="732" count="121" type="stmt"/>
        <line num="733" count="121" type="stmt"/>
        <line num="734" count="121" type="stmt"/>
        <line num="735" count="121" type="cond" truecount="1" falsecount="0"/>
        <line num="736" count="33" type="cond" truecount="1" falsecount="0"/>
        <line num="737" count="33" type="cond" truecount="1" falsecount="0"/>
        <line num="738" count="33" type="stmt"/>
        <line num="739" count="33" type="stmt"/>
        <line num="740" count="33" type="stmt"/>
        <line num="741" count="33" type="stmt"/>
        <line num="742" count="33" type="stmt"/>
        <line num="743" count="33" type="stmt"/>
        <line num="744" count="33" type="stmt"/>
        <line num="745" count="33" type="stmt"/>
        <line num="746" count="121" type="cond" truecount="1" falsecount="0"/>
        <line num="747" count="27" type="cond" truecount="0" falsecount="1"/>
        <line num="748" count="27" type="stmt"/>
        <line num="749" count="27" type="stmt"/>
        <line num="750" count="27" type="stmt"/>
        <line num="751" count="27" type="stmt"/>
        <line num="752" count="27" type="stmt"/>
        <line num="753" count="27" type="stmt"/>
        <line num="754" count="27" type="stmt"/>
        <line num="755" count="27" type="stmt"/>
        <line num="756" count="121" type="cond" truecount="1" falsecount="0"/>
        <line num="757" count="27" type="cond" truecount="0" falsecount="1"/>
        <line num="758" count="27" type="stmt"/>
        <line num="759" count="27" type="stmt"/>
        <line num="760" count="27" type="stmt"/>
        <line num="761" count="27" type="stmt"/>
        <line num="762" count="27" type="stmt"/>
        <line num="763" count="27" type="stmt"/>
        <line num="764" count="27" type="stmt"/>
        <line num="765" count="27" type="stmt"/>
        <line num="766" count="121" type="cond" truecount="1" falsecount="0"/>
        <line num="767" count="34" type="stmt"/>
        <line num="768" count="34" type="stmt"/>
        <line num="769" count="34" type="stmt"/>
        <line num="770" count="34" type="stmt"/>
        <line num="771" count="121" type="stmt"/>
        <line num="772" count="121" type="stmt"/>
        <line num="774" count="1" type="cond" truecount="1" falsecount="0"/>
        <line num="775" count="34" type="stmt"/>
        <line num="776" count="34" type="stmt"/>
        <line num="777" count="34" type="stmt"/>
        <line num="778" count="34" type="stmt"/>
        <line num="779" count="34" type="stmt"/>
        <line num="780" count="34" type="stmt"/>
        <line num="781" count="34" type="cond" truecount="1" falsecount="0"/>
        <line num="782" count="31" type="stmt"/>
        <line num="783" count="31" type="stmt"/>
        <line num="784" count="31" type="cond" truecount="2" falsecount="0"/>
        <line num="786" count="3" type="stmt"/>
        <line num="787" count="4" type="cond" truecount="0" falsecount="1"/>
        <line num="788" count="0" type="stmt"/>
        <line num="789" count="0" type="cond" truecount="1" falsecount="0"/>
        <line num="791" count="3" type="stmt"/>
        <line num="792" count="34" type="cond" truecount="1" falsecount="1"/>
        <line num="793" count="0" type="stmt"/>
        <line num="794" count="0" type="cond" truecount="1" falsecount="0"/>
        <line num="796" count="4" type="cond" truecount="0" falsecount="1"/>
        <line num="797" count="34" type="stmt"/>
        <line num="798" count="34" type="stmt"/>
        <line num="799" count="34" type="stmt"/>
        <line num="800" count="34" type="cond" truecount="1" falsecount="0"/>
        <line num="801" count="34" type="stmt"/>
        <line num="802" count="34" type="stmt"/>
        <line num="804" count="1" type="cond" truecount="1" falsecount="0"/>
        <line num="805" count="118" type="cond" truecount="1" falsecount="0"/>
        <line num="806" count="5" type="stmt"/>
        <line num="807" count="5" type="cond" truecount="1" falsecount="0"/>
        <line num="808" count="113" type="stmt"/>
        <line num="809" count="118" type="cond" truecount="0" falsecount="1"/>
        <line num="810" count="0" type="stmt"/>
        <line num="811" count="0" type="cond" truecount="1" falsecount="0"/>
        <line num="812" count="113" type="stmt"/>
        <line num="813" count="118" type="cond" truecount="0" falsecount="1"/>
        <line num="814" count="0" type="stmt"/>
        <line num="815" count="0" type="cond" truecount="1" falsecount="0"/>
        <line num="816" count="118" type="cond" truecount="0" falsecount="1"/>
        <line num="817" count="118" type="stmt"/>
        <line num="818" count="118" type="stmt"/>
        <line num="820" count="1" type="cond" truecount="1" falsecount="0"/>
        <line num="821" count="113" type="cond" truecount="0" falsecount="1"/>
        <line num="822" count="0" type="stmt"/>
        <line num="823" count="0" type="stmt"/>
        <line num="824" count="113" type="stmt"/>
        <line num="825" count="113" type="stmt"/>
        <line num="826" count="113" type="stmt"/>
        <line num="827" count="113" type="cond" truecount="0" falsecount="1"/>
        <line num="829" count="0" type="stmt"/>
        <line num="830" count="113" type="cond" truecount="0" falsecount="2"/>
        <line num="831" count="113" type="cond" truecount="0" falsecount="1"/>
        <line num="832" count="0" type="stmt"/>
        <line num="833" count="0" type="stmt"/>
        <line num="835" count="0" type="stmt"/>
        <line num="836" count="113" type="stmt"/>
        <line num="837" count="113" type="cond" truecount="0" falsecount="1"/>
        <line num="838" count="0" type="stmt"/>
        <line num="839" count="0" type="stmt"/>
        <line num="841" count="0" type="stmt"/>
        <line num="842" count="0" type="stmt"/>
        <line num="843" count="0" type="cond" truecount="0" falsecount="1"/>
        <line num="844" count="0" type="stmt"/>
        <line num="846" count="113" type="cond" truecount="0" falsecount="1"/>
        <line num="847" count="0" type="stmt"/>
        <line num="848" count="0" type="stmt"/>
        <line num="850" count="0" type="stmt"/>
        <line num="851" count="113" type="stmt"/>
        <line num="852" count="1" type="stmt"/>
        <line num="854" count="35" type="cond" truecount="1" falsecount="0"/>
        <line num="855" count="35" type="stmt"/>
        <line num="856" count="35" type="cond" truecount="1" falsecount="0"/>
        <line num="857" count="35" type="stmt"/>
        <line num="858" count="35" type="stmt"/>
        <line num="859" count="35" type="stmt"/>
        <line num="860" count="35" type="cond" truecount="0" falsecount="1"/>
        <line num="861" count="0" type="stmt"/>
        <line num="862" count="0" type="stmt"/>
        <line num="864" count="0" type="stmt"/>
        <line num="865" count="0" type="stmt"/>
        <line num="866" count="0" type="stmt"/>
        <line num="867" count="0" type="stmt"/>
        <line num="868" count="0" type="stmt"/>
        <line num="870" count="0" type="stmt"/>
        <line num="871" count="0" type="stmt"/>
        <line num="873" count="0" type="stmt"/>
        <line num="874" count="0" type="stmt"/>
        <line num="875" count="0" type="stmt"/>
        <line num="877" count="0" type="stmt"/>
        <line num="878" count="0" type="stmt"/>
        <line num="879" count="0" type="stmt"/>
        <line num="880" count="0" type="stmt"/>
        <line num="882" count="45" type="cond" truecount="1" falsecount="0"/>
        <line num="883" count="45" type="cond" truecount="0" falsecount="1"/>
        <line num="884" count="0" type="stmt"/>
        <line num="885" count="0" type="stmt"/>
        <line num="886" count="45" type="stmt"/>
        <line num="887" count="45" type="stmt"/>
        <line num="888" count="45" type="stmt"/>
        <line num="890" count="0" type="stmt"/>
        <line num="891" count="0" type="stmt"/>
        <line num="892" count="0" type="stmt"/>
        <line num="893" count="0" type="stmt"/>
        <line num="894" count="0" type="stmt"/>
        <line num="895" count="0" type="stmt"/>
        <line num="896" count="0" type="stmt"/>
        <line num="897" count="0" type="stmt"/>
        <line num="898" count="0" type="stmt"/>
        <line num="900" count="0" type="stmt"/>
        <line num="901" count="0" type="stmt"/>
        <line num="902" count="0" type="stmt"/>
        <line num="904" count="0" type="stmt"/>
        <line num="905" count="0" type="stmt"/>
        <line num="907" count="56" type="cond" truecount="1" falsecount="0"/>
        <line num="908" count="56" type="stmt"/>
        <line num="909" count="56" type="stmt"/>
        <line num="910" count="56" type="cond" truecount="2" falsecount="0"/>
        <line num="911" count="12" type="stmt"/>
        <line num="912" count="12" type="cond" truecount="1" falsecount="0"/>
        <line num="913" count="44" type="stmt"/>
        <line num="914" count="44" type="stmt"/>
        <line num="915" count="44" type="stmt"/>
        <line num="916" count="44" type="stmt"/>
        <line num="917" count="44" type="stmt"/>
        <line num="919" count="35" type="cond" truecount="1" falsecount="0"/>
        <line num="920" count="35" type="stmt"/>
        <line num="921" count="35" type="stmt"/>
        <line num="922" count="35" type="cond" truecount="0" falsecount="1"/>
        <line num="923" count="0" type="stmt"/>
        <line num="924" count="0" type="stmt"/>
        <line num="927" count="1" type="stmt"/>
        <line num="929" count="45" type="cond" truecount="1" falsecount="0"/>
        <line num="930" count="45" type="cond" truecount="1" falsecount="0"/>
        <line num="931" count="1" type="cond" truecount="1" falsecount="0"/>
        <line num="932" count="1" type="cond" truecount="0" falsecount="1"/>
        <line num="933" count="0" type="stmt"/>
        <line num="934" count="0" type="stmt"/>
        <line num="935" count="1" type="cond" truecount="0" falsecount="1"/>
        <line num="936" count="0" type="stmt"/>
        <line num="937" count="0" type="stmt"/>
        <line num="938" count="1" type="stmt"/>
        <line num="939" count="1" type="stmt"/>
        <line num="940" count="1" type="cond" truecount="0" falsecount="1"/>
        <line num="941" count="0" type="stmt"/>
        <line num="942" count="1" type="stmt"/>
        <line num="943" count="1" type="stmt"/>
        <line num="944" count="45" type="stmt"/>
        <line num="945" count="45" type="stmt"/>
        <line num="947" count="14" type="cond" truecount="1" falsecount="0"/>
        <line num="948" count="14" type="cond" truecount="1" falsecount="0"/>
        <line num="949" count="14" type="stmt"/>
        <line num="950" count="14" type="cond" truecount="1" falsecount="0"/>
        <line num="951" count="5" type="stmt"/>
        <line num="952" count="5" type="cond" truecount="2" falsecount="0"/>
        <line num="953" count="11" type="cond" truecount="1" falsecount="0"/>
        <line num="954" count="8" type="stmt"/>
        <line num="955" count="8" type="stmt"/>
        <line num="956" count="14" type="cond" truecount="1" falsecount="0"/>
        <line num="958" count="1" type="stmt"/>
        <line num="959" count="14" type="cond" truecount="1" falsecount="1"/>
        <line num="960" count="0" type="stmt"/>
        <line num="961" count="0" type="cond" truecount="1" falsecount="0"/>
        <line num="962" count="11" type="cond" truecount="0" falsecount="1"/>
        <line num="963" count="0" type="stmt"/>
        <line num="964" count="0" type="cond" truecount="1" falsecount="0"/>
        <line num="966" count="1" type="stmt"/>
        <line num="967" count="14" type="cond" truecount="1" falsecount="1"/>
        <line num="968" count="0" type="stmt"/>
        <line num="969" count="0" type="cond" truecount="1" falsecount="0"/>
        <line num="970" count="11" type="cond" truecount="0" falsecount="1"/>
        <line num="971" count="0" type="stmt"/>
        <line num="972" count="0" type="cond" truecount="1" falsecount="0"/>
        <line num="974" count="1" type="stmt"/>
        <line num="975" count="1" type="stmt"/>
      </file>
    </package>
  </project>
</coverage>
