{"/workspaces/avatar-optimizer/packages/avatar-optimizer/src/index.ts": {"path":"/workspaces/avatar-optimizer/packages/avatar-optimizer/src/index.ts","all":false,"statementMap":{"0":{"start":{"line":1,"column":0},"end":{"line":1,"column":25}}},"s":{"0":1},"branchMap":{},"b":{},"fnMap":{},"f":{}}
,"/workspaces/avatar-optimizer/packages/avatar-optimizer/src/types.ts": {"path":"/workspaces/avatar-optimizer/packages/avatar-optimizer/src/types.ts","all":true,"statementMap":{},"s":{},"branchMap":{"0":{"type":"branch","line":1,"loc":{"start":{"line":1,"column":1941},"end":{"line":102,"column":14}},"locations":[{"start":{"line":1,"column":1941},"end":{"line":102,"column":14}}]}},"b":{"0":[1]},"fnMap":{"0":{"name":"(empty-report)","decl":{"start":{"line":1,"column":1941},"end":{"line":102,"column":14}},"loc":{"start":{"line":1,"column":1941},"end":{"line":102,"column":14}},"line":1}},"f":{"0":1}}
,"/workspaces/avatar-optimizer/packages/avatar-optimizer/src/cli/index.ts": {"path":"/workspaces/avatar-optimizer/packages/avatar-optimizer/src/cli/index.ts","all":true,"statementMap":{"0":{"start":{"line":1,"column":0},"end":{"line":1,"column":19}},"2":{"start":{"line":3,"column":0},"end":{"line":3,"column":49}},"3":{"start":{"line":4,"column":0},"end":{"line":4,"column":23}},"4":{"start":{"line":5,"column":0},"end":{"line":5,"column":35}},"10":{"start":{"line":11,"column":0},"end":{"line":11,"column":17}},"12":{"start":{"line":13,"column":0},"end":{"line":13,"column":29}},"15":{"start":{"line":16,"column":0},"end":{"line":16,"column":7}},"16":{"start":{"line":17,"column":0},"end":{"line":17,"column":30}},"17":{"start":{"line":18,"column":0},"end":{"line":18,"column":35}},"18":{"start":{"line":19,"column":0},"end":{"line":19,"column":68}},"19":{"start":{"line":20,"column":0},"end":{"line":20,"column":37}},"20":{"start":{"line":21,"column":0},"end":{"line":21,"column":9}},"21":{"start":{"line":22,"column":0},"end":{"line":22,"column":43}},"23":{"start":{"line":24,"column":0},"end":{"line":24,"column":48}},"24":{"start":{"line":25,"column":0},"end":{"line":25,"column":45}},"27":{"start":{"line":28,"column":0},"end":{"line":28,"column":50}},"30":{"start":{"line":31,"column":0},"end":{"line":31,"column":69}},"31":{"start":{"line":32,"column":0},"end":{"line":32,"column":34}},"32":{"start":{"line":33,"column":0},"end":{"line":33,"column":8}},"35":{"start":{"line":36,"column":0},"end":{"line":36,"column":48}},"37":{"start":{"line":38,"column":0},"end":{"line":38,"column":27}},"38":{"start":{"line":39,"column":0},"end":{"line":39,"column":34}},"39":{"start":{"line":40,"column":0},"end":{"line":40,"column":79}},"40":{"start":{"line":41,"column":0},"end":{"line":41,"column":23}},"41":{"start":{"line":42,"column":0},"end":{"line":42,"column":7}},"43":{"start":{"line":44,"column":0},"end":{"line":44,"column":37}},"45":{"start":{"line":46,"column":0},"end":{"line":46,"column":31}},"46":{"start":{"line":47,"column":0},"end":{"line":47,"column":40}},"47":{"start":{"line":48,"column":0},"end":{"line":48,"column":14}},"48":{"start":{"line":49,"column":0},"end":{"line":49,"column":55}},"49":{"start":{"line":50,"column":0},"end":{"line":50,"column":7}},"52":{"start":{"line":53,"column":0},"end":{"line":53,"column":41}},"53":{"start":{"line":54,"column":0},"end":{"line":54,"column":78}},"54":{"start":{"line":55,"column":0},"end":{"line":55,"column":82}},"55":{"start":{"line":56,"column":0},"end":{"line":56,"column":76}},"57":{"start":{"line":58,"column":0},"end":{"line":58,"column":32}},"58":{"start":{"line":59,"column":0},"end":{"line":59,"column":55}},"59":{"start":{"line":60,"column":0},"end":{"line":60,"column":32}},"60":{"start":{"line":61,"column":0},"end":{"line":61,"column":39}},"61":{"start":{"line":62,"column":0},"end":{"line":62,"column":68}},"62":{"start":{"line":63,"column":0},"end":{"line":63,"column":34}},"63":{"start":{"line":64,"column":0},"end":{"line":64,"column":57}},"64":{"start":{"line":65,"column":0},"end":{"line":65,"column":15}},"65":{"start":{"line":66,"column":0},"end":{"line":66,"column":14}},"66":{"start":{"line":67,"column":0},"end":{"line":67,"column":11}},"67":{"start":{"line":68,"column":0},"end":{"line":68,"column":9}},"69":{"start":{"line":70,"column":0},"end":{"line":70,"column":34}},"70":{"start":{"line":71,"column":0},"end":{"line":71,"column":61}},"71":{"start":{"line":72,"column":0},"end":{"line":72,"column":32}},"72":{"start":{"line":73,"column":0},"end":{"line":73,"column":41}},"73":{"start":{"line":74,"column":0},"end":{"line":74,"column":68}},"74":{"start":{"line":75,"column":0},"end":{"line":75,"column":34}},"75":{"start":{"line":76,"column":0},"end":{"line":76,"column":57}},"76":{"start":{"line":77,"column":0},"end":{"line":77,"column":15}},"77":{"start":{"line":78,"column":0},"end":{"line":78,"column":14}},"78":{"start":{"line":79,"column":0},"end":{"line":79,"column":11}},"79":{"start":{"line":80,"column":0},"end":{"line":80,"column":9}},"81":{"start":{"line":82,"column":0},"end":{"line":82,"column":50}},"82":{"start":{"line":83,"column":0},"end":{"line":83,"column":54}},"83":{"start":{"line":84,"column":0},"end":{"line":84,"column":36}},"84":{"start":{"line":85,"column":0},"end":{"line":85,"column":66}},"85":{"start":{"line":86,"column":0},"end":{"line":86,"column":12}},"86":{"start":{"line":87,"column":0},"end":{"line":87,"column":9}},"87":{"start":{"line":88,"column":0},"end":{"line":88,"column":14}},"88":{"start":{"line":89,"column":0},"end":{"line":89,"column":43}},"89":{"start":{"line":90,"column":0},"end":{"line":90,"column":7}},"91":{"start":{"line":92,"column":0},"end":{"line":92,"column":46}},"92":{"start":{"line":93,"column":0},"end":{"line":93,"column":21}},"93":{"start":{"line":94,"column":0},"end":{"line":94,"column":61}},"94":{"start":{"line":95,"column":0},"end":{"line":95,"column":21}},"95":{"start":{"line":96,"column":0},"end":{"line":96,"column":5}},"96":{"start":{"line":97,"column":0},"end":{"line":97,"column":4}},"99":{"start":{"line":100,"column":0},"end":{"line":100,"column":7}},"100":{"start":{"line":101,"column":0},"end":{"line":101,"column":31}},"101":{"start":{"line":102,"column":0},"end":{"line":102,"column":59}},"102":{"start":{"line":103,"column":0},"end":{"line":103,"column":62}},"103":{"start":{"line":104,"column":0},"end":{"line":104,"column":37}},"104":{"start":{"line":105,"column":0},"end":{"line":105,"column":9}},"105":{"start":{"line":106,"column":0},"end":{"line":106,"column":43}},"107":{"start":{"line":108,"column":0},"end":{"line":108,"column":50}},"108":{"start":{"line":109,"column":0},"end":{"line":109,"column":50}},"109":{"start":{"line":110,"column":0},"end":{"line":110,"column":30}},"110":{"start":{"line":111,"column":0},"end":{"line":111,"column":54}},"111":{"start":{"line":112,"column":0},"end":{"line":112,"column":7}},"113":{"start":{"line":114,"column":0},"end":{"line":114,"column":68}},"115":{"start":{"line":116,"column":0},"end":{"line":116,"column":27}},"116":{"start":{"line":117,"column":0},"end":{"line":117,"column":34}},"117":{"start":{"line":118,"column":0},"end":{"line":118,"column":68}},"118":{"start":{"line":119,"column":0},"end":{"line":119,"column":23}},"119":{"start":{"line":120,"column":0},"end":{"line":120,"column":7}},"121":{"start":{"line":122,"column":0},"end":{"line":122,"column":51}},"122":{"start":{"line":123,"column":0},"end":{"line":123,"column":47}},"123":{"start":{"line":124,"column":0},"end":{"line":124,"column":90}},"125":{"start":{"line":126,"column":0},"end":{"line":126,"column":39}},"126":{"start":{"line":127,"column":0},"end":{"line":127,"column":21}},"127":{"start":{"line":128,"column":0},"end":{"line":128,"column":61}},"128":{"start":{"line":129,"column":0},"end":{"line":129,"column":21}},"129":{"start":{"line":130,"column":0},"end":{"line":130,"column":5}},"130":{"start":{"line":131,"column":0},"end":{"line":131,"column":4}},"133":{"start":{"line":134,"column":0},"end":{"line":134,"column":7}},"134":{"start":{"line":135,"column":0},"end":{"line":135,"column":30}},"135":{"start":{"line":136,"column":0},"end":{"line":136,"column":46}},"136":{"start":{"line":137,"column":0},"end":{"line":137,"column":73}},"137":{"start":{"line":138,"column":0},"end":{"line":138,"column":68}},"138":{"start":{"line":139,"column":0},"end":{"line":139,"column":87}},"139":{"start":{"line":140,"column":0},"end":{"line":140,"column":60}},"140":{"start":{"line":141,"column":0},"end":{"line":141,"column":86}},"141":{"start":{"line":142,"column":0},"end":{"line":142,"column":37}},"142":{"start":{"line":143,"column":0},"end":{"line":143,"column":9}},"144":{"start":{"line":145,"column":0},"end":{"line":145,"column":43}},"145":{"start":{"line":146,"column":0},"end":{"line":146,"column":53}},"147":{"start":{"line":148,"column":0},"end":{"line":148,"column":44}},"148":{"start":{"line":149,"column":0},"end":{"line":149,"column":45}},"151":{"start":{"line":152,"column":0},"end":{"line":152,"column":45}},"152":{"start":{"line":153,"column":0},"end":{"line":153,"column":50}},"155":{"start":{"line":156,"column":0},"end":{"line":156,"column":69}},"156":{"start":{"line":157,"column":0},"end":{"line":157,"column":34}},"157":{"start":{"line":158,"column":0},"end":{"line":158,"column":8}},"160":{"start":{"line":161,"column":0},"end":{"line":161,"column":71}},"161":{"start":{"line":162,"column":0},"end":{"line":162,"column":57}},"162":{"start":{"line":163,"column":0},"end":{"line":163,"column":73}},"163":{"start":{"line":164,"column":0},"end":{"line":164,"column":23}},"164":{"start":{"line":165,"column":0},"end":{"line":165,"column":7}},"166":{"start":{"line":167,"column":0},"end":{"line":167,"column":56}},"167":{"start":{"line":168,"column":0},"end":{"line":168,"column":51}},"168":{"start":{"line":169,"column":0},"end":{"line":169,"column":39}},"169":{"start":{"line":170,"column":0},"end":{"line":170,"column":43}},"170":{"start":{"line":171,"column":0},"end":{"line":171,"column":54}},"171":{"start":{"line":172,"column":0},"end":{"line":172,"column":52}},"172":{"start":{"line":173,"column":0},"end":{"line":173,"column":22}},"173":{"start":{"line":174,"column":0},"end":{"line":174,"column":7}},"176":{"start":{"line":177,"column":0},"end":{"line":177,"column":42}},"177":{"start":{"line":178,"column":0},"end":{"line":178,"column":65}},"179":{"start":{"line":180,"column":0},"end":{"line":180,"column":27}},"180":{"start":{"line":181,"column":0},"end":{"line":181,"column":34}},"181":{"start":{"line":182,"column":0},"end":{"line":182,"column":22}},"182":{"start":{"line":183,"column":0},"end":{"line":183,"column":56}},"183":{"start":{"line":184,"column":0},"end":{"line":184,"column":9}},"184":{"start":{"line":185,"column":0},"end":{"line":185,"column":23}},"185":{"start":{"line":186,"column":0},"end":{"line":186,"column":7}},"188":{"start":{"line":189,"column":0},"end":{"line":189,"column":46}},"189":{"start":{"line":190,"column":0},"end":{"line":190,"column":62}},"190":{"start":{"line":191,"column":0},"end":{"line":191,"column":63}},"192":{"start":{"line":193,"column":0},"end":{"line":193,"column":62}},"193":{"start":{"line":194,"column":0},"end":{"line":194,"column":68}},"194":{"start":{"line":195,"column":0},"end":{"line":195,"column":77}},"196":{"start":{"line":197,"column":0},"end":{"line":197,"column":47}},"197":{"start":{"line":198,"column":0},"end":{"line":198,"column":63}},"198":{"start":{"line":199,"column":0},"end":{"line":199,"column":65}},"199":{"start":{"line":200,"column":0},"end":{"line":200,"column":48}},"200":{"start":{"line":201,"column":0},"end":{"line":201,"column":21}},"201":{"start":{"line":202,"column":0},"end":{"line":202,"column":61}},"202":{"start":{"line":203,"column":0},"end":{"line":203,"column":21}},"203":{"start":{"line":204,"column":0},"end":{"line":204,"column":5}},"204":{"start":{"line":205,"column":0},"end":{"line":205,"column":4}},"206":{"start":{"line":207,"column":0},"end":{"line":207,"column":7}},"207":{"start":{"line":208,"column":0},"end":{"line":208,"column":25}},"208":{"start":{"line":209,"column":0},"end":{"line":209,"column":49}},"209":{"start":{"line":210,"column":0},"end":{"line":210,"column":19}},"211":{"start":{"line":212,"column":0},"end":{"line":212,"column":27}}},"s":{"0":0,"2":0,"3":0,"4":0,"10":0,"12":0,"15":0,"16":0,"17":0,"18":0,"19":0,"20":0,"21":0,"23":0,"24":0,"27":0,"30":0,"31":0,"32":0,"35":0,"37":0,"38":0,"39":0,"40":0,"41":0,"43":0,"45":0,"46":0,"47":0,"48":0,"49":0,"52":0,"53":0,"54":0,"55":0,"57":0,"58":0,"59":0,"60":0,"61":0,"62":0,"63":0,"64":0,"65":0,"66":0,"67":0,"69":0,"70":0,"71":0,"72":0,"73":0,"74":0,"75":0,"76":0,"77":0,"78":0,"79":0,"81":0,"82":0,"83":0,"84":0,"85":0,"86":0,"87":0,"88":0,"89":0,"91":0,"92":0,"93":0,"94":0,"95":0,"96":0,"99":0,"100":0,"101":0,"102":0,"103":0,"104":0,"105":0,"107":0,"108":0,"109":0,"110":0,"111":0,"113":0,"115":0,"116":0,"117":0,"118":0,"119":0,"121":0,"122":0,"123":0,"125":0,"126":0,"127":0,"128":0,"129":0,"130":0,"133":0,"134":0,"135":0,"136":0,"137":0,"138":0,"139":0,"140":0,"141":0,"142":0,"144":0,"145":0,"147":0,"148":0,"151":0,"152":0,"155":0,"156":0,"157":0,"160":0,"161":0,"162":0,"163":0,"164":0,"166":0,"167":0,"168":0,"169":0,"170":0,"171":0,"172":0,"173":0,"176":0,"177":0,"179":0,"180":0,"181":0,"182":0,"183":0,"184":0,"185":0,"188":0,"189":0,"190":0,"192":0,"193":0,"194":0,"196":0,"197":0,"198":0,"199":0,"200":0,"201":0,"202":0,"203":0,"204":0,"206":0,"207":0,"208":0,"209":0,"211":0},"branchMap":{"0":{"type":"branch","line":1,"loc":{"start":{"line":1,"column":6757},"end":{"line":212,"column":27}},"locations":[{"start":{"line":1,"column":6757},"end":{"line":212,"column":27}}]}},"b":{"0":[0]},"fnMap":{"0":{"name":"(empty-report)","decl":{"start":{"line":1,"column":6757},"end":{"line":212,"column":27}},"loc":{"start":{"line":1,"column":6757},"end":{"line":212,"column":27}},"line":1}},"f":{"0":0}}
,"/workspaces/avatar-optimizer/packages/avatar-optimizer/src/core/optimizer.ts": {"path":"/workspaces/avatar-optimizer/packages/avatar-optimizer/src/core/optimizer.ts","all":false,"statementMap":{"0":{"start":{"line":1,"column":0},"end":{"line":1,"column":50}},"28":{"start":{"line":29,"column":0},"end":{"line":29,"column":28}},"29":{"start":{"line":30,"column":0},"end":{"line":30,"column":13}},"30":{"start":{"line":31,"column":0},"end":{"line":31,"column":31}},"31":{"start":{"line":32,"column":0},"end":{"line":32,"column":41}},"32":{"start":{"line":33,"column":0},"end":{"line":33,"column":56}},"33":{"start":{"line":34,"column":0},"end":{"line":34,"column":35}},"34":{"start":{"line":35,"column":0},"end":{"line":35,"column":48}},"35":{"start":{"line":36,"column":0},"end":{"line":36,"column":14}},"36":{"start":{"line":37,"column":0},"end":{"line":37,"column":43}},"37":{"start":{"line":38,"column":0},"end":{"line":38,"column":56}},"38":{"start":{"line":39,"column":0},"end":{"line":39,"column":9}},"39":{"start":{"line":40,"column":0},"end":{"line":40,"column":5}},"40":{"start":{"line":41,"column":0},"end":{"line":41,"column":3}},"42":{"start":{"line":43,"column":0},"end":{"line":43,"column":66}},"43":{"start":{"line":44,"column":0},"end":{"line":44,"column":33}},"44":{"start":{"line":45,"column":0},"end":{"line":45,"column":53}},"45":{"start":{"line":46,"column":0},"end":{"line":46,"column":5}},"46":{"start":{"line":47,"column":0},"end":{"line":47,"column":29}},"47":{"start":{"line":48,"column":0},"end":{"line":48,"column":68}},"48":{"start":{"line":49,"column":0},"end":{"line":49,"column":17}},"49":{"start":{"line":50,"column":0},"end":{"line":50,"column":10}},"50":{"start":{"line":51,"column":0},"end":{"line":51,"column":5}},"51":{"start":{"line":52,"column":0},"end":{"line":52,"column":25}},"52":{"start":{"line":53,"column":0},"end":{"line":53,"column":71}},"53":{"start":{"line":54,"column":0},"end":{"line":54,"column":34}},"54":{"start":{"line":55,"column":0},"end":{"line":55,"column":44}},"55":{"start":{"line":56,"column":0},"end":{"line":56,"column":7}},"57":{"start":{"line":58,"column":0},"end":{"line":58,"column":41}},"58":{"start":{"line":59,"column":0},"end":{"line":59,"column":37}},"59":{"start":{"line":60,"column":0},"end":{"line":60,"column":22}},"60":{"start":{"line":61,"column":0},"end":{"line":61,"column":76}},"61":{"start":{"line":62,"column":0},"end":{"line":62,"column":18}},"62":{"start":{"line":63,"column":0},"end":{"line":63,"column":21}},"63":{"start":{"line":64,"column":0},"end":{"line":64,"column":20}},"64":{"start":{"line":65,"column":0},"end":{"line":65,"column":24}},"65":{"start":{"line":66,"column":0},"end":{"line":66,"column":11}},"66":{"start":{"line":67,"column":0},"end":{"line":67,"column":13}},"67":{"start":{"line":68,"column":0},"end":{"line":68,"column":21}},"68":{"start":{"line":69,"column":0},"end":{"line":69,"column":45}},"69":{"start":{"line":70,"column":0},"end":{"line":70,"column":68}},"70":{"start":{"line":71,"column":0},"end":{"line":71,"column":11}},"71":{"start":{"line":72,"column":0},"end":{"line":72,"column":7}},"72":{"start":{"line":73,"column":0},"end":{"line":73,"column":6}},"73":{"start":{"line":74,"column":0},"end":{"line":74,"column":23}},"74":{"start":{"line":75,"column":0},"end":{"line":75,"column":30}},"75":{"start":{"line":76,"column":0},"end":{"line":76,"column":39}},"76":{"start":{"line":77,"column":0},"end":{"line":77,"column":40}},"77":{"start":{"line":78,"column":0},"end":{"line":78,"column":8}},"78":{"start":{"line":79,"column":0},"end":{"line":79,"column":5}},"79":{"start":{"line":80,"column":0},"end":{"line":80,"column":23}},"80":{"start":{"line":81,"column":0},"end":{"line":81,"column":72}},"81":{"start":{"line":82,"column":0},"end":{"line":82,"column":43}},"82":{"start":{"line":83,"column":0},"end":{"line":83,"column":68}},"83":{"start":{"line":84,"column":0},"end":{"line":84,"column":10}},"84":{"start":{"line":85,"column":0},"end":{"line":85,"column":5}},"85":{"start":{"line":86,"column":0},"end":{"line":86,"column":27}},"86":{"start":{"line":87,"column":0},"end":{"line":87,"column":55}},"87":{"start":{"line":88,"column":0},"end":{"line":88,"column":70}},"88":{"start":{"line":89,"column":0},"end":{"line":89,"column":6}},"89":{"start":{"line":90,"column":0},"end":{"line":90,"column":1}},"91":{"start":{"line":92,"column":0},"end":{"line":92,"column":30}},"92":{"start":{"line":93,"column":0},"end":{"line":93,"column":31}},"93":{"start":{"line":94,"column":0},"end":{"line":94,"column":31}},"94":{"start":{"line":95,"column":0},"end":{"line":95,"column":33}},"95":{"start":{"line":96,"column":0},"end":{"line":96,"column":36}},"96":{"start":{"line":97,"column":0},"end":{"line":97,"column":18}},"97":{"start":{"line":98,"column":0},"end":{"line":98,"column":3}},"99":{"start":{"line":100,"column":0},"end":{"line":100,"column":58}},"100":{"start":{"line":101,"column":0},"end":{"line":101,"column":24}},"101":{"start":{"line":102,"column":0},"end":{"line":102,"column":27}},"102":{"start":{"line":103,"column":0},"end":{"line":103,"column":3}},"104":{"start":{"line":105,"column":0},"end":{"line":105,"column":63}},"105":{"start":{"line":106,"column":0},"end":{"line":106,"column":36}},"106":{"start":{"line":107,"column":0},"end":{"line":107,"column":17}},"107":{"start":{"line":108,"column":0},"end":{"line":108,"column":4}},"109":{"start":{"line":110,"column":0},"end":{"line":110,"column":74}},"110":{"start":{"line":111,"column":0},"end":{"line":111,"column":25}},"111":{"start":{"line":112,"column":0},"end":{"line":112,"column":45}},"112":{"start":{"line":113,"column":0},"end":{"line":113,"column":22}},"113":{"start":{"line":114,"column":0},"end":{"line":114,"column":26}},"114":{"start":{"line":115,"column":0},"end":{"line":115,"column":3}},"116":{"start":{"line":117,"column":0},"end":{"line":117,"column":10}},"117":{"start":{"line":118,"column":0},"end":{"line":118,"column":15}},"118":{"start":{"line":119,"column":0},"end":{"line":119,"column":16}},"119":{"start":{"line":120,"column":0},"end":{"line":120,"column":3}},"120":{"start":{"line":121,"column":0},"end":{"line":121,"column":1}},"122":{"start":{"line":123,"column":0},"end":{"line":123,"column":44}},"123":{"start":{"line":124,"column":0},"end":{"line":124,"column":41}},"124":{"start":{"line":125,"column":0},"end":{"line":125,"column":24}},"125":{"start":{"line":126,"column":0},"end":{"line":126,"column":11}},"126":{"start":{"line":127,"column":0},"end":{"line":127,"column":18}},"127":{"start":{"line":128,"column":0},"end":{"line":128,"column":19}},"129":{"start":{"line":130,"column":0},"end":{"line":130,"column":41}},"130":{"start":{"line":131,"column":0},"end":{"line":131,"column":48}},"131":{"start":{"line":132,"column":0},"end":{"line":132,"column":50}},"132":{"start":{"line":133,"column":0},"end":{"line":133,"column":53}},"133":{"start":{"line":134,"column":0},"end":{"line":134,"column":5}},"134":{"start":{"line":135,"column":0},"end":{"line":135,"column":3}},"136":{"start":{"line":137,"column":0},"end":{"line":137,"column":50}},"137":{"start":{"line":138,"column":0},"end":{"line":138,"column":51}},"138":{"start":{"line":139,"column":0},"end":{"line":139,"column":14}},"139":{"start":{"line":140,"column":0},"end":{"line":140,"column":3}},"141":{"start":{"line":142,"column":0},"end":{"line":142,"column":42}},"142":{"start":{"line":143,"column":0},"end":{"line":143,"column":44}},"143":{"start":{"line":144,"column":0},"end":{"line":144,"column":1}},"145":{"start":{"line":146,"column":0},"end":{"line":146,"column":59}},"146":{"start":{"line":147,"column":0},"end":{"line":147,"column":48}},"148":{"start":{"line":149,"column":0},"end":{"line":149,"column":41}},"149":{"start":{"line":150,"column":0},"end":{"line":150,"column":46}},"150":{"start":{"line":151,"column":0},"end":{"line":151,"column":29}},"151":{"start":{"line":152,"column":0},"end":{"line":152,"column":28}},"152":{"start":{"line":153,"column":0},"end":{"line":153,"column":26}},"153":{"start":{"line":154,"column":0},"end":{"line":154,"column":28}},"154":{"start":{"line":155,"column":0},"end":{"line":155,"column":31}},"155":{"start":{"line":156,"column":0},"end":{"line":156,"column":16}},"156":{"start":{"line":157,"column":0},"end":{"line":157,"column":36}},"157":{"start":{"line":158,"column":0},"end":{"line":158,"column":84}},"158":{"start":{"line":159,"column":0},"end":{"line":159,"column":9}},"159":{"start":{"line":160,"column":0},"end":{"line":160,"column":27}},"160":{"start":{"line":161,"column":0},"end":{"line":161,"column":14}},"161":{"start":{"line":162,"column":0},"end":{"line":162,"column":16}},"162":{"start":{"line":163,"column":0},"end":{"line":163,"column":32}},"163":{"start":{"line":164,"column":0},"end":{"line":164,"column":84}},"164":{"start":{"line":165,"column":0},"end":{"line":165,"column":9}},"165":{"start":{"line":166,"column":0},"end":{"line":166,"column":5}},"166":{"start":{"line":167,"column":0},"end":{"line":167,"column":3}},"168":{"start":{"line":169,"column":0},"end":{"line":169,"column":10}},"169":{"start":{"line":170,"column":0},"end":{"line":170,"column":30}},"170":{"start":{"line":171,"column":0},"end":{"line":171,"column":57}},"171":{"start":{"line":172,"column":0},"end":{"line":172,"column":3}},"172":{"start":{"line":173,"column":0},"end":{"line":173,"column":1}}},"s":{"0":1,"28":1,"29":3,"30":3,"31":3,"32":3,"33":0,"34":0,"35":0,"36":0,"37":0,"38":0,"39":0,"40":0,"42":3,"43":0,"44":0,"45":3,"46":3,"47":3,"48":3,"49":3,"50":3,"51":3,"52":3,"53":3,"54":0,"55":0,"57":3,"58":3,"59":3,"60":3,"61":3,"62":3,"63":3,"64":3,"65":3,"66":3,"67":3,"68":0,"69":0,"70":0,"71":3,"72":3,"73":3,"74":3,"75":3,"76":3,"77":3,"78":3,"79":3,"80":3,"81":0,"82":0,"83":3,"84":3,"85":3,"86":3,"87":3,"88":3,"89":3,"91":3,"92":3,"93":3,"94":3,"95":3,"96":0,"97":0,"99":3,"100":3,"101":3,"102":3,"104":3,"105":3,"106":3,"107":3,"109":3,"110":3,"111":3,"112":3,"113":3,"114":3,"116":3,"117":3,"118":3,"119":3,"120":3,"122":3,"123":3,"124":3,"125":3,"126":3,"127":3,"129":3,"130":27,"131":111,"132":111,"133":111,"134":27,"136":3,"137":3,"138":0,"139":0,"141":3,"142":3,"143":3,"145":0,"146":0,"148":0,"149":0,"150":0,"151":0,"152":0,"153":0,"154":0,"155":0,"156":0,"157":0,"158":0,"159":0,"160":0,"161":0,"162":0,"163":0,"164":0,"165":0,"166":0,"168":0,"169":0,"170":0,"171":0,"172":0},"branchMap":{"0":{"type":"branch","line":29,"loc":{"start":{"line":29,"column":7},"end":{"line":90,"column":1}},"locations":[{"start":{"line":29,"column":7},"end":{"line":90,"column":1}}]},"1":{"type":"branch","line":33,"loc":{"start":{"line":33,"column":55},"end":{"line":41,"column":3}},"locations":[{"start":{"line":33,"column":55},"end":{"line":41,"column":3}}]},"2":{"type":"branch","line":47,"loc":{"start":{"line":47,"column":13},"end":{"line":50,"column":10}},"locations":[{"start":{"line":47,"column":13},"end":{"line":50,"column":10}}]},"3":{"type":"branch","line":48,"loc":{"start":{"line":48,"column":52},"end":{"line":50,"column":8}},"locations":[{"start":{"line":48,"column":52},"end":{"line":50,"column":8}}]},"4":{"type":"branch","line":52,"loc":{"start":{"line":52,"column":13},"end":{"line":73,"column":5}},"locations":[{"start":{"line":52,"column":13},"end":{"line":73,"column":5}}]},"5":{"type":"branch","line":54,"loc":{"start":{"line":54,"column":33},"end":{"line":56,"column":7}},"locations":[{"start":{"line":54,"column":33},"end":{"line":56,"column":7}}]},"6":{"type":"branch","line":60,"loc":{"start":{"line":60,"column":9},"end":{"line":67,"column":11}},"locations":[{"start":{"line":60,"column":9},"end":{"line":67,"column":11}}]},"7":{"type":"branch","line":74,"loc":{"start":{"line":74,"column":13},"end":{"line":78,"column":8}},"locations":[{"start":{"line":74,"column":13},"end":{"line":78,"column":8}}]},"8":{"type":"branch","line":80,"loc":{"start":{"line":80,"column":13},"end":{"line":84,"column":10}},"locations":[{"start":{"line":80,"column":13},"end":{"line":84,"column":10}}]},"9":{"type":"branch","line":86,"loc":{"start":{"line":86,"column":9},"end":{"line":89,"column":5}},"locations":[{"start":{"line":86,"column":9},"end":{"line":89,"column":5}}]},"10":{"type":"branch","line":92,"loc":{"start":{"line":92,"column":0},"end":{"line":121,"column":1}},"locations":[{"start":{"line":92,"column":0},"end":{"line":121,"column":1}}]},"11":{"type":"branch","line":96,"loc":{"start":{"line":96,"column":35},"end":{"line":98,"column":3}},"locations":[{"start":{"line":96,"column":35},"end":{"line":98,"column":3}}]},"12":{"type":"branch","line":123,"loc":{"start":{"line":123,"column":0},"end":{"line":144,"column":1}},"locations":[{"start":{"line":123,"column":0},"end":{"line":144,"column":1}}]},"13":{"type":"branch","line":130,"loc":{"start":{"line":130,"column":40},"end":{"line":135,"column":3}},"locations":[{"start":{"line":130,"column":40},"end":{"line":135,"column":3}}]},"14":{"type":"branch","line":131,"loc":{"start":{"line":131,"column":47},"end":{"line":134,"column":5}},"locations":[{"start":{"line":131,"column":47},"end":{"line":134,"column":5}}]},"15":{"type":"branch","line":138,"loc":{"start":{"line":138,"column":50},"end":{"line":140,"column":3}},"locations":[{"start":{"line":138,"column":50},"end":{"line":140,"column":3}}]}},"b":{"0":[3],"1":[0],"2":[3],"3":[3],"4":[3],"5":[0],"6":[3],"7":[3],"8":[3],"9":[3],"10":[3],"11":[0],"12":[3],"13":[27],"14":[111],"15":[0]},"fnMap":{"0":{"name":"optimizeVRM","decl":{"start":{"line":29,"column":7},"end":{"line":90,"column":1}},"loc":{"start":{"line":29,"column":7},"end":{"line":90,"column":1}},"line":29},"1":{"name":"processAtlases","decl":{"start":{"line":92,"column":0},"end":{"line":121,"column":1}},"loc":{"start":{"line":92,"column":0},"end":{"line":121,"column":1}},"line":92},"2":{"name":"resolveTextureScaleFromDescriptors","decl":{"start":{"line":123,"column":0},"end":{"line":144,"column":1}},"loc":{"start":{"line":123,"column":0},"end":{"line":144,"column":1}},"line":123},"3":{"name":"mapAtlasError","decl":{"start":{"line":146,"column":0},"end":{"line":173,"column":1}},"loc":{"start":{"line":146,"column":0},"end":{"line":173,"column":1}},"line":146}},"f":{"0":3,"1":3,"2":3,"3":0}}
,"/workspaces/avatar-optimizer/packages/avatar-optimizer/src/core/statistics.ts": {"path":"/workspaces/avatar-optimizer/packages/avatar-optimizer/src/core/statistics.ts","all":false,"statementMap":{"0":{"start":{"line":1,"column":0},"end":{"line":1,"column":40}},"9":{"start":{"line":10,"column":0},"end":{"line":10,"column":39}},"10":{"start":{"line":11,"column":0},"end":{"line":11,"column":14}},"11":{"start":{"line":12,"column":0},"end":{"line":12,"column":50}},"12":{"start":{"line":13,"column":0},"end":{"line":13,"column":33}},"13":{"start":{"line":14,"column":0},"end":{"line":14,"column":21}},"14":{"start":{"line":15,"column":0},"end":{"line":15,"column":22}},"15":{"start":{"line":16,"column":0},"end":{"line":16,"column":22}},"16":{"start":{"line":17,"column":0},"end":{"line":17,"column":23}},"17":{"start":{"line":18,"column":0},"end":{"line":18,"column":19}},"18":{"start":{"line":19,"column":0},"end":{"line":19,"column":19}},"19":{"start":{"line":20,"column":0},"end":{"line":20,"column":20}},"20":{"start":{"line":21,"column":0},"end":{"line":21,"column":24}},"21":{"start":{"line":22,"column":0},"end":{"line":22,"column":7}},"22":{"start":{"line":23,"column":0},"end":{"line":23,"column":17}},"23":{"start":{"line":24,"column":0},"end":{"line":24,"column":37}},"24":{"start":{"line":25,"column":0},"end":{"line":25,"column":66}},"25":{"start":{"line":26,"column":0},"end":{"line":26,"column":6}},"26":{"start":{"line":27,"column":0},"end":{"line":27,"column":3}},"27":{"start":{"line":28,"column":0},"end":{"line":28,"column":1}}},"s":{"0":1,"9":1,"10":1,"11":1,"12":1,"13":1,"14":1,"15":1,"16":1,"17":1,"18":1,"19":1,"20":1,"21":1,"22":1,"23":0,"24":0,"25":0,"26":1,"27":1},"branchMap":{"0":{"type":"branch","line":10,"loc":{"start":{"line":10,"column":7},"end":{"line":28,"column":1}},"locations":[{"start":{"line":10,"column":7},"end":{"line":28,"column":1}}]}},"b":{"0":[1]},"fnMap":{"0":{"name":"calculateVRMStatistics","decl":{"start":{"line":10,"column":7},"end":{"line":28,"column":1}},"loc":{"start":{"line":10,"column":7},"end":{"line":28,"column":1}},"line":10}},"f":{"0":1}}
,"/workspaces/avatar-optimizer/packages/avatar-optimizer/src/core/validation.ts": {"path":"/workspaces/avatar-optimizer/packages/avatar-optimizer/src/core/validation.ts","all":false,"statementMap":{"0":{"start":{"line":1,"column":0},"end":{"line":1,"column":40}},"11":{"start":{"line":12,"column":0},"end":{"line":12,"column":32}},"12":{"start":{"line":13,"column":0},"end":{"line":13,"column":13}},"13":{"start":{"line":14,"column":0},"end":{"line":14,"column":54}},"14":{"start":{"line":15,"column":0},"end":{"line":15,"column":56}},"15":{"start":{"line":16,"column":0},"end":{"line":16,"column":35}},"16":{"start":{"line":17,"column":0},"end":{"line":17,"column":48}},"17":{"start":{"line":18,"column":0},"end":{"line":18,"column":14}},"18":{"start":{"line":19,"column":0},"end":{"line":19,"column":43}},"19":{"start":{"line":20,"column":0},"end":{"line":20,"column":56}},"20":{"start":{"line":21,"column":0},"end":{"line":21,"column":8}},"21":{"start":{"line":22,"column":0},"end":{"line":22,"column":5}},"22":{"start":{"line":23,"column":0},"end":{"line":23,"column":3}},"24":{"start":{"line":25,"column":0},"end":{"line":25,"column":66}},"25":{"start":{"line":26,"column":0},"end":{"line":26,"column":39}},"26":{"start":{"line":27,"column":0},"end":{"line":27,"column":53}},"27":{"start":{"line":28,"column":0},"end":{"line":28,"column":77}},"28":{"start":{"line":29,"column":0},"end":{"line":29,"column":1}},"30":{"start":{"line":31,"column":0},"end":{"line":31,"column":26}},"31":{"start":{"line":32,"column":0},"end":{"line":32,"column":19}},"32":{"start":{"line":33,"column":0},"end":{"line":33,"column":54}},"33":{"start":{"line":34,"column":0},"end":{"line":34,"column":33}},"34":{"start":{"line":35,"column":0},"end":{"line":35,"column":18}},"37":{"start":{"line":38,"column":0},"end":{"line":38,"column":56}},"39":{"start":{"line":40,"column":0},"end":{"line":40,"column":61}},"40":{"start":{"line":41,"column":0},"end":{"line":41,"column":25}},"41":{"start":{"line":42,"column":0},"end":{"line":42,"column":22}},"42":{"start":{"line":43,"column":0},"end":{"line":43,"column":8}},"44":{"start":{"line":45,"column":0},"end":{"line":45,"column":63}},"45":{"start":{"line":46,"column":0},"end":{"line":46,"column":59}},"46":{"start":{"line":47,"column":0},"end":{"line":47,"column":76}},"47":{"start":{"line":48,"column":0},"end":{"line":48,"column":40}},"48":{"start":{"line":49,"column":0},"end":{"line":49,"column":52}},"49":{"start":{"line":50,"column":0},"end":{"line":50,"column":48}},"50":{"start":{"line":51,"column":0},"end":{"line":51,"column":33}},"51":{"start":{"line":52,"column":0},"end":{"line":52,"column":9}},"53":{"start":{"line":54,"column":0},"end":{"line":54,"column":14}},"54":{"start":{"line":55,"column":0},"end":{"line":55,"column":16}},"55":{"start":{"line":56,"column":0},"end":{"line":56,"column":15}},"56":{"start":{"line":57,"column":0},"end":{"line":57,"column":26}},"57":{"start":{"line":58,"column":0},"end":{"line":58,"column":30}},"58":{"start":{"line":59,"column":0},"end":{"line":59,"column":9}},"59":{"start":{"line":60,"column":0},"end":{"line":60,"column":17}},"60":{"start":{"line":61,"column":0},"end":{"line":61,"column":39}},"61":{"start":{"line":62,"column":0},"end":{"line":62,"column":57}},"62":{"start":{"line":63,"column":0},"end":{"line":63,"column":6}},"63":{"start":{"line":64,"column":0},"end":{"line":64,"column":3}},"64":{"start":{"line":65,"column":0},"end":{"line":65,"column":1}},"66":{"start":{"line":67,"column":0},"end":{"line":67,"column":70}},"67":{"start":{"line":68,"column":0},"end":{"line":68,"column":21}},"68":{"start":{"line":69,"column":0},"end":{"line":69,"column":17}},"69":{"start":{"line":70,"column":0},"end":{"line":70,"column":20}},"70":{"start":{"line":71,"column":0},"end":{"line":71,"column":19}},"71":{"start":{"line":72,"column":0},"end":{"line":72,"column":22}},"72":{"start":{"line":73,"column":0},"end":{"line":73,"column":23}},"73":{"start":{"line":74,"column":0},"end":{"line":74,"column":19}},"74":{"start":{"line":75,"column":0},"end":{"line":75,"column":12}},"75":{"start":{"line":76,"column":0},"end":{"line":76,"column":19}},"76":{"start":{"line":77,"column":0},"end":{"line":77,"column":3}},"77":{"start":{"line":78,"column":0},"end":{"line":78,"column":1}}},"s":{"0":1,"11":1,"12":7,"13":7,"14":7,"15":4,"16":4,"17":4,"18":4,"19":4,"20":4,"21":4,"22":4,"24":3,"25":0,"26":0,"27":3,"28":3,"30":3,"31":3,"32":3,"33":3,"34":3,"37":3,"39":3,"40":3,"41":3,"42":3,"44":3,"45":3,"46":3,"47":0,"48":0,"49":0,"50":0,"51":3,"53":3,"54":3,"55":3,"56":3,"57":3,"58":3,"59":3,"60":0,"61":0,"62":0,"63":3,"64":3,"66":0,"67":0,"68":0,"69":0,"70":0,"71":0,"72":0,"73":0,"74":0,"75":0,"76":0,"77":0},"branchMap":{"0":{"type":"branch","line":12,"loc":{"start":{"line":12,"column":7},"end":{"line":29,"column":1}},"locations":[{"start":{"line":12,"column":7},"end":{"line":29,"column":1}}]},"1":{"type":"branch","line":15,"loc":{"start":{"line":15,"column":7},"end":{"line":15,"column":55}},"locations":[{"start":{"line":15,"column":7},"end":{"line":15,"column":55}}]},"2":{"type":"branch","line":15,"loc":{"start":{"line":15,"column":55},"end":{"line":23,"column":3}},"locations":[{"start":{"line":15,"column":55},"end":{"line":23,"column":3}}]},"3":{"type":"branch","line":23,"loc":{"start":{"line":23,"column":2},"end":{"line":29,"column":1}},"locations":[{"start":{"line":23,"column":2},"end":{"line":29,"column":1}}]},"4":{"type":"branch","line":18,"loc":{"start":{"line":18,"column":6},"end":{"line":21,"column":8}},"locations":[{"start":{"line":18,"column":6},"end":{"line":21,"column":8}}]},"5":{"type":"branch","line":28,"loc":{"start":{"line":28,"column":14},"end":{"line":28,"column":76}},"locations":[{"start":{"line":28,"column":14},"end":{"line":28,"column":76}}]},"6":{"type":"branch","line":31,"loc":{"start":{"line":31,"column":0},"end":{"line":65,"column":1}},"locations":[{"start":{"line":31,"column":0},"end":{"line":65,"column":1}}]},"7":{"type":"branch","line":35,"loc":{"start":{"line":35,"column":5},"end":{"line":59,"column":7}},"locations":[{"start":{"line":35,"column":5},"end":{"line":59,"column":7}}]},"8":{"type":"branch","line":45,"loc":{"start":{"line":45,"column":39},"end":{"line":45,"column":63}},"locations":[{"start":{"line":45,"column":39},"end":{"line":45,"column":63}}]}},"b":{"0":[7],"1":[5],"2":[4],"3":[3],"4":[4],"5":[3],"6":[3],"7":[3],"8":[0]},"fnMap":{"0":{"name":"validateVRMFile","decl":{"start":{"line":12,"column":7},"end":{"line":29,"column":1}},"loc":{"start":{"line":12,"column":7},"end":{"line":29,"column":1}},"line":12},"1":{"name":"validateVRMBytes","decl":{"start":{"line":31,"column":0},"end":{"line":65,"column":1}},"loc":{"start":{"line":31,"column":0},"end":{"line":65,"column":1}},"line":31},"2":{"name":"mapSeverity","decl":{"start":{"line":67,"column":0},"end":{"line":78,"column":1}},"loc":{"start":{"line":67,"column":0},"end":{"line":78,"column":1}},"line":67}},"f":{"0":7,"1":3,"2":0}}
,"/workspaces/avatar-optimizer/packages/avatar-optimizer/src/vrm/document.ts": {"path":"/workspaces/avatar-optimizer/packages/avatar-optimizer/src/vrm/document.ts","all":false,"statementMap":{"0":{"start":{"line":1,"column":0},"end":{"line":1,"column":66}},"7":{"start":{"line":8,"column":0},"end":{"line":8,"column":55}},"8":{"start":{"line":9,"column":0},"end":{"line":9,"column":36}},"9":{"start":{"line":10,"column":0},"end":{"line":10,"column":15}},"10":{"start":{"line":11,"column":0},"end":{"line":11,"column":3}},"12":{"start":{"line":13,"column":0},"end":{"line":13,"column":49}},"13":{"start":{"line":14,"column":0},"end":{"line":14,"column":58}},"14":{"start":{"line":15,"column":0},"end":{"line":15,"column":1}},"16":{"start":{"line":17,"column":0},"end":{"line":17,"column":29}},"17":{"start":{"line":18,"column":0},"end":{"line":18,"column":32}},"18":{"start":{"line":19,"column":0},"end":{"line":19,"column":45}},"19":{"start":{"line":20,"column":0},"end":{"line":20,"column":54}},"21":{"start":{"line":22,"column":0},"end":{"line":22,"column":33}},"22":{"start":{"line":23,"column":0},"end":{"line":23,"column":18}},"23":{"start":{"line":24,"column":0},"end":{"line":24,"column":60}},"24":{"start":{"line":25,"column":0},"end":{"line":25,"column":28}},"25":{"start":{"line":26,"column":0},"end":{"line":26,"column":71}},"26":{"start":{"line":27,"column":0},"end":{"line":27,"column":22}},"27":{"start":{"line":28,"column":0},"end":{"line":28,"column":43}},"28":{"start":{"line":29,"column":0},"end":{"line":29,"column":7}},"29":{"start":{"line":30,"column":0},"end":{"line":30,"column":21}},"30":{"start":{"line":31,"column":0},"end":{"line":31,"column":9}},"31":{"start":{"line":32,"column":0},"end":{"line":32,"column":17}},"32":{"start":{"line":33,"column":0},"end":{"line":33,"column":45}},"33":{"start":{"line":34,"column":0},"end":{"line":34,"column":64}},"34":{"start":{"line":35,"column":0},"end":{"line":35,"column":6}},"35":{"start":{"line":36,"column":0},"end":{"line":36,"column":3}},"36":{"start":{"line":37,"column":0},"end":{"line":37,"column":1}},"38":{"start":{"line":39,"column":0},"end":{"line":39,"column":46}},"39":{"start":{"line":40,"column":0},"end":{"line":40,"column":25}},"40":{"start":{"line":41,"column":0},"end":{"line":41,"column":63}},"41":{"start":{"line":42,"column":0},"end":{"line":42,"column":33}},"42":{"start":{"line":43,"column":0},"end":{"line":43,"column":18}},"43":{"start":{"line":44,"column":0},"end":{"line":44,"column":47}},"44":{"start":{"line":45,"column":0},"end":{"line":45,"column":45}},"45":{"start":{"line":46,"column":0},"end":{"line":46,"column":9}},"46":{"start":{"line":47,"column":0},"end":{"line":47,"column":17}},"47":{"start":{"line":48,"column":0},"end":{"line":48,"column":45}},"48":{"start":{"line":49,"column":0},"end":{"line":49,"column":79}},"49":{"start":{"line":50,"column":0},"end":{"line":50,"column":6}},"50":{"start":{"line":51,"column":0},"end":{"line":51,"column":3}},"51":{"start":{"line":52,"column":0},"end":{"line":52,"column":1}},"53":{"start":{"line":54,"column":0},"end":{"line":54,"column":33}},"54":{"start":{"line":55,"column":0},"end":{"line":55,"column":24}},"55":{"start":{"line":56,"column":0},"end":{"line":56,"column":43}},"56":{"start":{"line":57,"column":0},"end":{"line":57,"column":17}},"57":{"start":{"line":58,"column":0},"end":{"line":58,"column":22}},"58":{"start":{"line":59,"column":0},"end":{"line":59,"column":18}},"59":{"start":{"line":60,"column":0},"end":{"line":60,"column":3}},"61":{"start":{"line":62,"column":0},"end":{"line":62,"column":22}},"62":{"start":{"line":63,"column":0},"end":{"line":63,"column":20}},"63":{"start":{"line":64,"column":0},"end":{"line":64,"column":17}},"64":{"start":{"line":65,"column":0},"end":{"line":65,"column":41}},"65":{"start":{"line":66,"column":0},"end":{"line":66,"column":24}},"66":{"start":{"line":67,"column":0},"end":{"line":67,"column":6}},"67":{"start":{"line":68,"column":0},"end":{"line":68,"column":3}},"69":{"start":{"line":70,"column":0},"end":{"line":70,"column":35}},"70":{"start":{"line":71,"column":0},"end":{"line":71,"column":34}},"71":{"start":{"line":72,"column":0},"end":{"line":72,"column":3}},"73":{"start":{"line":74,"column":0},"end":{"line":74,"column":51}},"74":{"start":{"line":75,"column":0},"end":{"line":75,"column":41}},"75":{"start":{"line":76,"column":0},"end":{"line":76,"column":3}},"77":{"start":{"line":78,"column":0},"end":{"line":78,"column":10}},"78":{"start":{"line":79,"column":0},"end":{"line":79,"column":21}},"79":{"start":{"line":80,"column":0},"end":{"line":80,"column":33}},"80":{"start":{"line":81,"column":0},"end":{"line":81,"column":3}},"81":{"start":{"line":82,"column":0},"end":{"line":82,"column":1}},"83":{"start":{"line":84,"column":0},"end":{"line":84,"column":81}},"84":{"start":{"line":85,"column":0},"end":{"line":85,"column":56}},"85":{"start":{"line":86,"column":0},"end":{"line":86,"column":24}},"86":{"start":{"line":87,"column":0},"end":{"line":87,"column":31}},"87":{"start":{"line":88,"column":0},"end":{"line":88,"column":1}},"89":{"start":{"line":90,"column":0},"end":{"line":90,"column":40}},"90":{"start":{"line":91,"column":0},"end":{"line":91,"column":25}},"91":{"start":{"line":92,"column":0},"end":{"line":92,"column":49}},"92":{"start":{"line":93,"column":0},"end":{"line":93,"column":55}},"93":{"start":{"line":94,"column":0},"end":{"line":94,"column":28}},"94":{"start":{"line":95,"column":0},"end":{"line":95,"column":31}},"95":{"start":{"line":96,"column":0},"end":{"line":96,"column":19}},"96":{"start":{"line":97,"column":0},"end":{"line":97,"column":47}},"97":{"start":{"line":98,"column":0},"end":{"line":98,"column":77}},"98":{"start":{"line":99,"column":0},"end":{"line":99,"column":8}},"99":{"start":{"line":100,"column":0},"end":{"line":100,"column":5}},"100":{"start":{"line":101,"column":0},"end":{"line":101,"column":3}},"101":{"start":{"line":102,"column":0},"end":{"line":102,"column":1}},"103":{"start":{"line":104,"column":0},"end":{"line":104,"column":35}},"104":{"start":{"line":105,"column":0},"end":{"line":105,"column":25}},"105":{"start":{"line":106,"column":0},"end":{"line":106,"column":56}},"106":{"start":{"line":107,"column":0},"end":{"line":107,"column":33}},"107":{"start":{"line":108,"column":0},"end":{"line":108,"column":45}},"108":{"start":{"line":109,"column":0},"end":{"line":109,"column":17}},"109":{"start":{"line":110,"column":0},"end":{"line":110,"column":45}},"110":{"start":{"line":111,"column":0},"end":{"line":111,"column":63}},"111":{"start":{"line":112,"column":0},"end":{"line":112,"column":6}},"112":{"start":{"line":113,"column":0},"end":{"line":113,"column":3}},"113":{"start":{"line":114,"column":0},"end":{"line":114,"column":1}},"115":{"start":{"line":116,"column":0},"end":{"line":116,"column":86}},"116":{"start":{"line":117,"column":0},"end":{"line":117,"column":56}},"117":{"start":{"line":118,"column":0},"end":{"line":118,"column":24}},"118":{"start":{"line":119,"column":0},"end":{"line":119,"column":45}},"119":{"start":{"line":120,"column":0},"end":{"line":120,"column":48}},"121":{"start":{"line":122,"column":0},"end":{"line":122,"column":33}},"122":{"start":{"line":123,"column":0},"end":{"line":123,"column":41}},"123":{"start":{"line":124,"column":0},"end":{"line":124,"column":20}},"124":{"start":{"line":125,"column":0},"end":{"line":125,"column":5}},"125":{"start":{"line":126,"column":0},"end":{"line":126,"column":40}},"126":{"start":{"line":127,"column":0},"end":{"line":127,"column":94}},"127":{"start":{"line":128,"column":0},"end":{"line":128,"column":5}},"128":{"start":{"line":129,"column":0},"end":{"line":129,"column":34}},"129":{"start":{"line":130,"column":0},"end":{"line":130,"column":6}},"131":{"start":{"line":132,"column":0},"end":{"line":132,"column":94}},"132":{"start":{"line":133,"column":0},"end":{"line":133,"column":1}},"134":{"start":{"line":135,"column":0},"end":{"line":135,"column":34}},"135":{"start":{"line":136,"column":0},"end":{"line":136,"column":21}},"136":{"start":{"line":137,"column":0},"end":{"line":137,"column":50}},"137":{"start":{"line":138,"column":0},"end":{"line":138,"column":52}},"138":{"start":{"line":139,"column":0},"end":{"line":139,"column":30}},"139":{"start":{"line":140,"column":0},"end":{"line":140,"column":20}},"140":{"start":{"line":141,"column":0},"end":{"line":141,"column":3}},"142":{"start":{"line":143,"column":0},"end":{"line":143,"column":18}},"143":{"start":{"line":144,"column":0},"end":{"line":144,"column":19}},"145":{"start":{"line":146,"column":0},"end":{"line":146,"column":35}},"146":{"start":{"line":147,"column":0},"end":{"line":147,"column":34}},"147":{"start":{"line":148,"column":0},"end":{"line":148,"column":15}},"148":{"start":{"line":149,"column":0},"end":{"line":149,"column":34}},"149":{"start":{"line":150,"column":0},"end":{"line":150,"column":53}},"150":{"start":{"line":151,"column":0},"end":{"line":151,"column":57}},"151":{"start":{"line":152,"column":0},"end":{"line":152,"column":5}},"152":{"start":{"line":153,"column":0},"end":{"line":153,"column":3}},"154":{"start":{"line":155,"column":0},"end":{"line":155,"column":91}},"155":{"start":{"line":156,"column":0},"end":{"line":156,"column":1}},"157":{"start":{"line":158,"column":0},"end":{"line":158,"column":38}},"158":{"start":{"line":159,"column":0},"end":{"line":159,"column":49}},"159":{"start":{"line":160,"column":0},"end":{"line":160,"column":24}},"160":{"start":{"line":161,"column":0},"end":{"line":161,"column":11}},"161":{"start":{"line":162,"column":0},"end":{"line":162,"column":68}},"162":{"start":{"line":163,"column":0},"end":{"line":163,"column":36}},"163":{"start":{"line":164,"column":0},"end":{"line":164,"column":14}},"164":{"start":{"line":165,"column":0},"end":{"line":165,"column":3}},"166":{"start":{"line":167,"column":0},"end":{"line":167,"column":42}},"167":{"start":{"line":168,"column":0},"end":{"line":168,"column":44}},"168":{"start":{"line":169,"column":0},"end":{"line":169,"column":1}},"174":{"start":{"line":175,"column":0},"end":{"line":175,"column":82}},"175":{"start":{"line":176,"column":0},"end":{"line":176,"column":54}},"177":{"start":{"line":178,"column":0},"end":{"line":178,"column":40}},"178":{"start":{"line":179,"column":0},"end":{"line":179,"column":39}},"180":{"start":{"line":181,"column":0},"end":{"line":181,"column":29}},"181":{"start":{"line":182,"column":0},"end":{"line":182,"column":46}},"182":{"start":{"line":183,"column":0},"end":{"line":183,"column":3}},"184":{"start":{"line":185,"column":0},"end":{"line":185,"column":17}},"185":{"start":{"line":186,"column":0},"end":{"line":186,"column":51}},"187":{"start":{"line":188,"column":0},"end":{"line":188,"column":43}},"188":{"start":{"line":189,"column":0},"end":{"line":189,"column":52}},"189":{"start":{"line":190,"column":0},"end":{"line":190,"column":54}},"191":{"start":{"line":192,"column":0},"end":{"line":192,"column":15}},"193":{"start":{"line":194,"column":0},"end":{"line":194,"column":70}},"194":{"start":{"line":195,"column":0},"end":{"line":195,"column":36}},"196":{"start":{"line":197,"column":0},"end":{"line":197,"column":25}},"197":{"start":{"line":198,"column":0},"end":{"line":198,"column":3}},"199":{"start":{"line":200,"column":0},"end":{"line":200,"column":42}},"200":{"start":{"line":201,"column":0},"end":{"line":201,"column":19}},"201":{"start":{"line":202,"column":0},"end":{"line":202,"column":49}},"202":{"start":{"line":203,"column":0},"end":{"line":203,"column":3}},"204":{"start":{"line":205,"column":0},"end":{"line":205,"column":54}},"205":{"start":{"line":206,"column":0},"end":{"line":206,"column":29}},"206":{"start":{"line":207,"column":0},"end":{"line":207,"column":1}},"208":{"start":{"line":209,"column":0},"end":{"line":209,"column":26}},"209":{"start":{"line":210,"column":0},"end":{"line":210,"column":23}},"210":{"start":{"line":211,"column":0},"end":{"line":211,"column":43}},"211":{"start":{"line":212,"column":0},"end":{"line":212,"column":16}},"212":{"start":{"line":213,"column":0},"end":{"line":213,"column":22}},"213":{"start":{"line":214,"column":0},"end":{"line":214,"column":18}},"214":{"start":{"line":215,"column":0},"end":{"line":215,"column":3}},"216":{"start":{"line":217,"column":0},"end":{"line":217,"column":36}},"217":{"start":{"line":218,"column":0},"end":{"line":218,"column":39}},"218":{"start":{"line":219,"column":0},"end":{"line":219,"column":29}},"219":{"start":{"line":220,"column":0},"end":{"line":220,"column":46}},"220":{"start":{"line":221,"column":0},"end":{"line":221,"column":3}},"222":{"start":{"line":223,"column":0},"end":{"line":223,"column":41}},"224":{"start":{"line":225,"column":0},"end":{"line":225,"column":17}},"225":{"start":{"line":226,"column":0},"end":{"line":226,"column":62}},"227":{"start":{"line":228,"column":0},"end":{"line":228,"column":39}},"228":{"start":{"line":229,"column":0},"end":{"line":229,"column":52}},"229":{"start":{"line":230,"column":0},"end":{"line":230,"column":54}},"231":{"start":{"line":232,"column":0},"end":{"line":232,"column":15}},"233":{"start":{"line":234,"column":0},"end":{"line":234,"column":66}},"234":{"start":{"line":235,"column":0},"end":{"line":235,"column":69}},"236":{"start":{"line":237,"column":0},"end":{"line":237,"column":25}},"237":{"start":{"line":238,"column":0},"end":{"line":238,"column":3}},"239":{"start":{"line":240,"column":0},"end":{"line":240,"column":71}},"240":{"start":{"line":241,"column":0},"end":{"line":241,"column":28}},"241":{"start":{"line":242,"column":0},"end":{"line":242,"column":74}},"242":{"start":{"line":243,"column":0},"end":{"line":243,"column":37}},"244":{"start":{"line":245,"column":0},"end":{"line":245,"column":27}},"245":{"start":{"line":246,"column":0},"end":{"line":246,"column":26}},"246":{"start":{"line":247,"column":0},"end":{"line":247,"column":5}},"247":{"start":{"line":248,"column":0},"end":{"line":248,"column":38}},"249":{"start":{"line":250,"column":0},"end":{"line":250,"column":31}},"250":{"start":{"line":251,"column":0},"end":{"line":251,"column":30}},"251":{"start":{"line":252,"column":0},"end":{"line":252,"column":5}},"252":{"start":{"line":253,"column":0},"end":{"line":253,"column":47}},"253":{"start":{"line":254,"column":0},"end":{"line":254,"column":37}},"254":{"start":{"line":255,"column":0},"end":{"line":255,"column":5}},"256":{"start":{"line":257,"column":0},"end":{"line":257,"column":44}},"257":{"start":{"line":258,"column":0},"end":{"line":258,"column":61}},"259":{"start":{"line":260,"column":0},"end":{"line":260,"column":62}},"260":{"start":{"line":261,"column":0},"end":{"line":261,"column":79}},"261":{"start":{"line":262,"column":0},"end":{"line":262,"column":35}},"262":{"start":{"line":263,"column":0},"end":{"line":263,"column":78}},"263":{"start":{"line":264,"column":0},"end":{"line":264,"column":30}},"264":{"start":{"line":265,"column":0},"end":{"line":265,"column":5}},"266":{"start":{"line":267,"column":0},"end":{"line":267,"column":48}},"267":{"start":{"line":268,"column":0},"end":{"line":268,"column":3}},"269":{"start":{"line":270,"column":0},"end":{"line":270,"column":20}},"271":{"start":{"line":272,"column":0},"end":{"line":272,"column":31}},"272":{"start":{"line":273,"column":0},"end":{"line":273,"column":42}},"273":{"start":{"line":274,"column":0},"end":{"line":274,"column":3}},"275":{"start":{"line":276,"column":0},"end":{"line":276,"column":43}},"276":{"start":{"line":277,"column":0},"end":{"line":277,"column":38}},"277":{"start":{"line":278,"column":0},"end":{"line":278,"column":40}},"279":{"start":{"line":280,"column":0},"end":{"line":280,"column":35}},"280":{"start":{"line":281,"column":0},"end":{"line":281,"column":37}},"281":{"start":{"line":282,"column":0},"end":{"line":282,"column":39}},"283":{"start":{"line":284,"column":0},"end":{"line":284,"column":22}},"284":{"start":{"line":285,"column":0},"end":{"line":285,"column":31}},"285":{"start":{"line":286,"column":0},"end":{"line":286,"column":63}},"286":{"start":{"line":287,"column":0},"end":{"line":287,"column":56}},"287":{"start":{"line":288,"column":0},"end":{"line":288,"column":20}},"289":{"start":{"line":290,"column":0},"end":{"line":290,"column":40}},"290":{"start":{"line":291,"column":0},"end":{"line":291,"column":40}},"291":{"start":{"line":292,"column":0},"end":{"line":292,"column":3}},"293":{"start":{"line":294,"column":0},"end":{"line":294,"column":15}},"294":{"start":{"line":295,"column":0},"end":{"line":295,"column":1}}},"s":{"0":1,"7":6,"8":6,"9":5,"10":5,"12":1,"13":1,"14":1,"16":1,"17":0,"18":0,"19":0,"21":0,"22":0,"23":0,"24":0,"25":0,"26":0,"27":0,"28":0,"29":0,"30":0,"31":0,"32":0,"33":0,"34":0,"35":0,"36":0,"38":1,"39":0,"40":0,"41":0,"42":0,"43":0,"44":0,"45":0,"46":0,"47":0,"48":0,"49":0,"50":0,"51":0,"53":1,"54":0,"55":0,"56":0,"57":0,"58":0,"59":0,"61":0,"62":0,"63":0,"64":0,"65":0,"66":0,"67":0,"69":0,"70":0,"71":0,"73":0,"74":0,"75":0,"77":0,"78":0,"79":0,"80":0,"81":0,"83":0,"84":0,"85":0,"86":0,"87":0,"89":1,"90":0,"91":0,"92":0,"93":0,"94":0,"95":0,"96":0,"97":0,"98":0,"99":0,"100":0,"101":0,"103":1,"104":2,"105":2,"106":2,"107":2,"108":2,"109":0,"110":0,"111":0,"112":2,"113":2,"115":0,"116":0,"117":0,"118":0,"119":0,"121":0,"122":0,"123":0,"124":0,"125":0,"126":0,"127":0,"128":0,"129":0,"131":0,"132":0,"134":1,"135":0,"136":0,"137":0,"138":0,"139":0,"140":0,"142":0,"143":0,"145":0,"146":0,"147":0,"148":0,"149":0,"150":0,"151":0,"152":0,"154":0,"155":0,"157":1,"158":0,"159":0,"160":0,"161":0,"162":0,"163":0,"164":0,"166":0,"167":0,"168":0,"174":1,"175":6,"177":6,"178":6,"180":6,"181":0,"182":0,"184":6,"185":6,"187":6,"188":12,"189":12,"191":12,"193":12,"194":12,"196":12,"197":12,"199":6,"200":6,"201":0,"202":0,"204":6,"205":6,"206":6,"208":0,"209":0,"210":0,"211":0,"212":0,"213":0,"214":0,"216":0,"217":0,"218":0,"219":0,"220":0,"222":0,"224":0,"225":0,"227":0,"228":0,"229":0,"231":0,"233":0,"234":0,"236":0,"237":0,"239":0,"240":0,"241":0,"242":0,"244":0,"245":0,"246":0,"247":0,"249":0,"250":0,"251":0,"252":0,"253":0,"254":0,"256":0,"257":0,"259":0,"260":0,"261":0,"262":0,"263":0,"264":0,"266":0,"267":0,"269":0,"271":0,"272":0,"273":0,"275":0,"276":0,"277":0,"279":0,"280":0,"281":0,"283":0,"284":0,"285":0,"286":0,"287":0,"289":0,"290":0,"291":0,"293":0,"294":0},"branchMap":{"0":{"type":"branch","line":8,"loc":{"start":{"line":8,"column":0},"end":{"line":15,"column":1}},"locations":[{"start":{"line":8,"column":0},"end":{"line":15,"column":1}}]},"1":{"type":"branch","line":9,"loc":{"start":{"line":9,"column":35},"end":{"line":15,"column":1}},"locations":[{"start":{"line":9,"column":35},"end":{"line":15,"column":1}}]},"2":{"type":"branch","line":11,"loc":{"start":{"line":11,"column":2},"end":{"line":15,"column":1}},"locations":[{"start":{"line":11,"column":2},"end":{"line":15,"column":1}}]},"3":{"type":"branch","line":104,"loc":{"start":{"line":104,"column":7},"end":{"line":114,"column":1}},"locations":[{"start":{"line":104,"column":7},"end":{"line":114,"column":1}}]},"4":{"type":"branch","line":108,"loc":{"start":{"line":108,"column":5},"end":{"line":108,"column":43}},"locations":[{"start":{"line":108,"column":5},"end":{"line":108,"column":43}}]},"5":{"type":"branch","line":175,"loc":{"start":{"line":175,"column":7},"end":{"line":207,"column":1}},"locations":[{"start":{"line":175,"column":7},"end":{"line":207,"column":1}}]},"6":{"type":"branch","line":181,"loc":{"start":{"line":181,"column":28},"end":{"line":183,"column":3}},"locations":[{"start":{"line":181,"column":28},"end":{"line":183,"column":3}}]},"7":{"type":"branch","line":188,"loc":{"start":{"line":188,"column":42},"end":{"line":198,"column":3}},"locations":[{"start":{"line":188,"column":42},"end":{"line":198,"column":3}}]},"8":{"type":"branch","line":201,"loc":{"start":{"line":201,"column":18},"end":{"line":203,"column":3}},"locations":[{"start":{"line":201,"column":18},"end":{"line":203,"column":3}}]}},"b":{"0":[6],"1":[5],"2":[1],"3":[2],"4":[2],"5":[6],"6":[0],"7":[12],"8":[0]},"fnMap":{"0":{"name":"toArrayBuffer","decl":{"start":{"line":8,"column":0},"end":{"line":15,"column":1}},"loc":{"start":{"line":8,"column":0},"end":{"line":15,"column":1}},"line":8},"1":{"name":"loadDocument","decl":{"start":{"line":17,"column":7},"end":{"line":37,"column":1}},"loc":{"start":{"line":17,"column":7},"end":{"line":37,"column":1}},"line":17},"2":{"name":"extractVRMExtensionFromBinary","decl":{"start":{"line":39,"column":7},"end":{"line":52,"column":1}},"loc":{"start":{"line":39,"column":7},"end":{"line":52,"column":1}},"line":39},"3":{"name":"mergeVRMIntoJSON","decl":{"start":{"line":54,"column":7},"end":{"line":82,"column":1}},"loc":{"start":{"line":54,"column":7},"end":{"line":82,"column":1}},"line":54},"4":{"name":"documentToJSON","decl":{"start":{"line":84,"column":0},"end":{"line":88,"column":1}},"loc":{"start":{"line":84,"column":0},"end":{"line":88,"column":1}},"line":84},"5":{"name":"loadJsonDocumentFromGLB","decl":{"start":{"line":90,"column":7},"end":{"line":102,"column":1}},"loc":{"start":{"line":90,"column":7},"end":{"line":102,"column":1}},"line":90},"6":{"name":"extractJsonFromGLB","decl":{"start":{"line":104,"column":7},"end":{"line":114,"column":1}},"loc":{"start":{"line":104,"column":7},"end":{"line":114,"column":1}},"line":104},"7":{"name":"jsonDocumentToGLB","decl":{"start":{"line":116,"column":0},"end":{"line":133,"column":1}},"loc":{"start":{"line":116,"column":0},"end":{"line":133,"column":1}},"line":116},"8":{"name":"getMaxTextureSize","decl":{"start":{"line":135,"column":7},"end":{"line":156,"column":1}},"loc":{"start":{"line":135,"column":7},"end":{"line":156,"column":1}},"line":135},"9":{"name":"calculateTextureScale","decl":{"start":{"line":158,"column":7},"end":{"line":169,"column":1}},"loc":{"start":{"line":158,"column":7},"end":{"line":169,"column":1}},"line":158},"10":{"name":"parseGLBJson","decl":{"start":{"line":175,"column":7},"end":{"line":207,"column":1}},"loc":{"start":{"line":175,"column":7},"end":{"line":207,"column":1}},"line":175},"11":{"name":"injectVRMIntoGLB","decl":{"start":{"line":209,"column":0},"end":{"line":295,"column":1}},"loc":{"start":{"line":209,"column":0},"end":{"line":295,"column":1}},"line":209}},"f":{"0":6,"1":0,"2":0,"3":0,"4":0,"5":0,"6":2,"7":0,"8":0,"9":0,"10":6,"11":0}}
,"/workspaces/avatar-optimizer/packages/avatar-optimizer/src/vrm/loaders-gl.ts": {"path":"/workspaces/avatar-optimizer/packages/avatar-optimizer/src/vrm/loaders-gl.ts","all":false,"statementMap":{"0":{"start":{"line":1,"column":0},"end":{"line":1,"column":47}},"8":{"start":{"line":9,"column":0},"end":{"line":9,"column":23}},"14":{"start":{"line":15,"column":0},"end":{"line":15,"column":57}},"15":{"start":{"line":16,"column":0},"end":{"line":16,"column":38}},"16":{"start":{"line":17,"column":0},"end":{"line":17,"column":17}},"17":{"start":{"line":18,"column":0},"end":{"line":18,"column":3}},"19":{"start":{"line":20,"column":0},"end":{"line":20,"column":88}},"20":{"start":{"line":21,"column":0},"end":{"line":21,"column":51}},"21":{"start":{"line":22,"column":0},"end":{"line":22,"column":52}},"22":{"start":{"line":23,"column":0},"end":{"line":23,"column":15}},"23":{"start":{"line":24,"column":0},"end":{"line":24,"column":3}},"25":{"start":{"line":26,"column":0},"end":{"line":26,"column":35}},"26":{"start":{"line":27,"column":0},"end":{"line":27,"column":51}},"27":{"start":{"line":28,"column":0},"end":{"line":28,"column":88}},"28":{"start":{"line":29,"column":0},"end":{"line":29,"column":38}},"29":{"start":{"line":30,"column":0},"end":{"line":30,"column":15}},"30":{"start":{"line":31,"column":0},"end":{"line":31,"column":3}},"32":{"start":{"line":33,"column":0},"end":{"line":33,"column":53}},"33":{"start":{"line":34,"column":0},"end":{"line":34,"column":1}},"35":{"start":{"line":36,"column":0},"end":{"line":36,"column":67}},"36":{"start":{"line":37,"column":0},"end":{"line":37,"column":48}},"37":{"start":{"line":38,"column":0},"end":{"line":38,"column":15}},"38":{"start":{"line":39,"column":0},"end":{"line":39,"column":3}},"40":{"start":{"line":41,"column":0},"end":{"line":41,"column":20}},"41":{"start":{"line":42,"column":0},"end":{"line":42,"column":12}},"42":{"start":{"line":43,"column":0},"end":{"line":43,"column":14}},"43":{"start":{"line":44,"column":0},"end":{"line":44,"column":16}},"44":{"start":{"line":45,"column":0},"end":{"line":45,"column":9}},"45":{"start":{"line":46,"column":0},"end":{"line":46,"column":35}},"46":{"start":{"line":47,"column":0},"end":{"line":47,"column":24}},"47":{"start":{"line":48,"column":0},"end":{"line":48,"column":45}},"48":{"start":{"line":49,"column":0},"end":{"line":49,"column":10}},"49":{"start":{"line":50,"column":0},"end":{"line":50,"column":8}},"50":{"start":{"line":51,"column":0},"end":{"line":51,"column":5}},"51":{"start":{"line":52,"column":0},"end":{"line":52,"column":3}},"53":{"start":{"line":54,"column":0},"end":{"line":54,"column":33}},"54":{"start":{"line":55,"column":0},"end":{"line":55,"column":1}},"56":{"start":{"line":57,"column":0},"end":{"line":57,"column":60}},"57":{"start":{"line":58,"column":0},"end":{"line":58,"column":23}},"58":{"start":{"line":59,"column":0},"end":{"line":59,"column":16}},"59":{"start":{"line":60,"column":0},"end":{"line":60,"column":3}},"60":{"start":{"line":61,"column":0},"end":{"line":61,"column":53}},"61":{"start":{"line":62,"column":0},"end":{"line":62,"column":1}},"63":{"start":{"line":64,"column":0},"end":{"line":64,"column":80}},"64":{"start":{"line":65,"column":0},"end":{"line":65,"column":49}},"65":{"start":{"line":66,"column":0},"end":{"line":66,"column":33}},"66":{"start":{"line":67,"column":0},"end":{"line":67,"column":63}},"67":{"start":{"line":68,"column":0},"end":{"line":68,"column":45}},"68":{"start":{"line":69,"column":0},"end":{"line":69,"column":46}},"69":{"start":{"line":70,"column":0},"end":{"line":70,"column":48}},"70":{"start":{"line":71,"column":0},"end":{"line":71,"column":5}},"71":{"start":{"line":72,"column":0},"end":{"line":72,"column":12}},"72":{"start":{"line":73,"column":0},"end":{"line":73,"column":14}},"73":{"start":{"line":74,"column":0},"end":{"line":74,"column":90}},"74":{"start":{"line":75,"column":0},"end":{"line":75,"column":5}},"75":{"start":{"line":76,"column":0},"end":{"line":76,"column":3}},"77":{"start":{"line":78,"column":0},"end":{"line":78,"column":60}},"78":{"start":{"line":79,"column":0},"end":{"line":79,"column":32}},"79":{"start":{"line":80,"column":0},"end":{"line":80,"column":15}},"80":{"start":{"line":81,"column":0},"end":{"line":81,"column":3}},"82":{"start":{"line":83,"column":0},"end":{"line":83,"column":43}},"83":{"start":{"line":84,"column":0},"end":{"line":84,"column":36}},"84":{"start":{"line":85,"column":0},"end":{"line":85,"column":15}},"85":{"start":{"line":86,"column":0},"end":{"line":86,"column":3}},"87":{"start":{"line":88,"column":0},"end":{"line":88,"column":26}},"88":{"start":{"line":89,"column":0},"end":{"line":89,"column":85}},"89":{"start":{"line":90,"column":0},"end":{"line":90,"column":26}},"90":{"start":{"line":91,"column":0},"end":{"line":91,"column":43}},"91":{"start":{"line":92,"column":0},"end":{"line":92,"column":30}},"92":{"start":{"line":93,"column":0},"end":{"line":93,"column":40}},"93":{"start":{"line":94,"column":0},"end":{"line":94,"column":21}},"94":{"start":{"line":95,"column":0},"end":{"line":95,"column":87}},"95":{"start":{"line":96,"column":0},"end":{"line":96,"column":5}},"97":{"start":{"line":98,"column":0},"end":{"line":98,"column":12}},"98":{"start":{"line":99,"column":0},"end":{"line":99,"column":14}},"99":{"start":{"line":100,"column":0},"end":{"line":100,"column":52}},"100":{"start":{"line":101,"column":0},"end":{"line":101,"column":13}},"101":{"start":{"line":102,"column":0},"end":{"line":102,"column":21}},"102":{"start":{"line":103,"column":0},"end":{"line":103,"column":36}},"103":{"start":{"line":104,"column":0},"end":{"line":104,"column":8}},"104":{"start":{"line":105,"column":0},"end":{"line":105,"column":5}},"105":{"start":{"line":106,"column":0},"end":{"line":106,"column":3}},"107":{"start":{"line":108,"column":0},"end":{"line":108,"column":45}},"108":{"start":{"line":109,"column":0},"end":{"line":109,"column":9}},"109":{"start":{"line":110,"column":0},"end":{"line":110,"column":40}},"110":{"start":{"line":111,"column":0},"end":{"line":111,"column":43}},"111":{"start":{"line":112,"column":0},"end":{"line":112,"column":37}},"112":{"start":{"line":113,"column":0},"end":{"line":113,"column":5}},"114":{"start":{"line":115,"column":0},"end":{"line":115,"column":16}},"115":{"start":{"line":116,"column":0},"end":{"line":116,"column":31}},"116":{"start":{"line":117,"column":0},"end":{"line":117,"column":43}},"117":{"start":{"line":118,"column":0},"end":{"line":118,"column":25}},"118":{"start":{"line":119,"column":0},"end":{"line":119,"column":34}},"119":{"start":{"line":120,"column":0},"end":{"line":120,"column":30}},"120":{"start":{"line":121,"column":0},"end":{"line":121,"column":3}},"122":{"start":{"line":123,"column":0},"end":{"line":123,"column":56}},"123":{"start":{"line":124,"column":0},"end":{"line":124,"column":55}},"124":{"start":{"line":125,"column":0},"end":{"line":125,"column":49}},"126":{"start":{"line":127,"column":0},"end":{"line":127,"column":31}},"127":{"start":{"line":128,"column":0},"end":{"line":128,"column":33}},"128":{"start":{"line":129,"column":0},"end":{"line":129,"column":14}},"129":{"start":{"line":130,"column":0},"end":{"line":130,"column":5}},"131":{"start":{"line":132,"column":0},"end":{"line":132,"column":64}},"132":{"start":{"line":133,"column":0},"end":{"line":133,"column":24}},"133":{"start":{"line":134,"column":0},"end":{"line":134,"column":79}},"134":{"start":{"line":135,"column":0},"end":{"line":135,"column":5}},"136":{"start":{"line":137,"column":0},"end":{"line":137,"column":79}},"137":{"start":{"line":138,"column":0},"end":{"line":138,"column":95}},"138":{"start":{"line":139,"column":0},"end":{"line":139,"column":59}},"139":{"start":{"line":140,"column":0},"end":{"line":140,"column":3}},"141":{"start":{"line":142,"column":0},"end":{"line":142,"column":31}},"142":{"start":{"line":143,"column":0},"end":{"line":143,"column":30}},"143":{"start":{"line":144,"column":0},"end":{"line":144,"column":18}},"144":{"start":{"line":145,"column":0},"end":{"line":145,"column":32}},"145":{"start":{"line":146,"column":0},"end":{"line":146,"column":3}},"147":{"start":{"line":148,"column":0},"end":{"line":148,"column":28}},"148":{"start":{"line":149,"column":0},"end":{"line":149,"column":38}},"149":{"start":{"line":150,"column":0},"end":{"line":150,"column":19}},"150":{"start":{"line":151,"column":0},"end":{"line":151,"column":32}},"151":{"start":{"line":152,"column":0},"end":{"line":152,"column":3}},"153":{"start":{"line":154,"column":0},"end":{"line":154,"column":10}},"154":{"start":{"line":155,"column":0},"end":{"line":155,"column":12}},"155":{"start":{"line":156,"column":0},"end":{"line":156,"column":25}},"156":{"start":{"line":157,"column":0},"end":{"line":157,"column":35}},"157":{"start":{"line":158,"column":0},"end":{"line":158,"column":11}},"158":{"start":{"line":159,"column":0},"end":{"line":159,"column":19}},"159":{"start":{"line":160,"column":0},"end":{"line":160,"column":34}},"160":{"start":{"line":161,"column":0},"end":{"line":161,"column":6}},"161":{"start":{"line":162,"column":0},"end":{"line":162,"column":3}},"162":{"start":{"line":163,"column":0},"end":{"line":163,"column":1}},"164":{"start":{"line":165,"column":0},"end":{"line":165,"column":45}},"165":{"start":{"line":166,"column":0},"end":{"line":166,"column":21}},"166":{"start":{"line":167,"column":0},"end":{"line":167,"column":57}},"167":{"start":{"line":168,"column":0},"end":{"line":168,"column":43}},"169":{"start":{"line":170,"column":0},"end":{"line":170,"column":33}},"170":{"start":{"line":171,"column":0},"end":{"line":171,"column":35}},"171":{"start":{"line":172,"column":0},"end":{"line":172,"column":13}},"172":{"start":{"line":173,"column":0},"end":{"line":173,"column":26}},"173":{"start":{"line":174,"column":0},"end":{"line":174,"column":32}},"174":{"start":{"line":175,"column":0},"end":{"line":175,"column":8}},"175":{"start":{"line":176,"column":0},"end":{"line":176,"column":35}},"176":{"start":{"line":177,"column":0},"end":{"line":177,"column":17}},"177":{"start":{"line":178,"column":0},"end":{"line":178,"column":45}},"178":{"start":{"line":179,"column":0},"end":{"line":179,"column":70}},"179":{"start":{"line":180,"column":0},"end":{"line":180,"column":6}},"180":{"start":{"line":181,"column":0},"end":{"line":181,"column":19}},"181":{"start":{"line":182,"column":0},"end":{"line":182,"column":45}},"182":{"start":{"line":183,"column":0},"end":{"line":183,"column":63}},"183":{"start":{"line":184,"column":0},"end":{"line":184,"column":12}},"184":{"start":{"line":185,"column":0},"end":{"line":185,"column":22}},"185":{"start":{"line":186,"column":0},"end":{"line":186,"column":5}},"186":{"start":{"line":187,"column":0},"end":{"line":187,"column":4}},"187":{"start":{"line":188,"column":0},"end":{"line":188,"column":1}},"189":{"start":{"line":190,"column":0},"end":{"line":190,"column":46}},"190":{"start":{"line":191,"column":0},"end":{"line":191,"column":33}},"191":{"start":{"line":192,"column":0},"end":{"line":192,"column":48}},"192":{"start":{"line":193,"column":0},"end":{"line":193,"column":33}},"193":{"start":{"line":194,"column":0},"end":{"line":194,"column":39}},"194":{"start":{"line":195,"column":0},"end":{"line":195,"column":13}},"195":{"start":{"line":196,"column":0},"end":{"line":196,"column":27}},"196":{"start":{"line":197,"column":0},"end":{"line":197,"column":8}},"197":{"start":{"line":198,"column":0},"end":{"line":198,"column":31}},"198":{"start":{"line":199,"column":0},"end":{"line":199,"column":17}},"199":{"start":{"line":200,"column":0},"end":{"line":200,"column":45}},"200":{"start":{"line":201,"column":0},"end":{"line":201,"column":71}},"201":{"start":{"line":202,"column":0},"end":{"line":202,"column":6}},"202":{"start":{"line":203,"column":0},"end":{"line":203,"column":3}},"203":{"start":{"line":204,"column":0},"end":{"line":204,"column":1}},"205":{"start":{"line":206,"column":0},"end":{"line":206,"column":28}},"206":{"start":{"line":207,"column":0},"end":{"line":207,"column":32}},"207":{"start":{"line":208,"column":0},"end":{"line":208,"column":1}}},"s":{"0":1,"8":1,"14":7,"15":7,"16":3,"17":3,"19":7,"20":0,"21":0,"22":0,"23":0,"25":4,"26":4,"27":4,"28":4,"29":4,"30":4,"32":0,"33":0,"35":7,"36":7,"37":7,"38":7,"40":0,"41":0,"42":0,"43":0,"44":0,"45":0,"46":0,"47":0,"48":0,"49":0,"50":0,"51":0,"53":0,"54":0,"56":1624,"57":1624,"58":0,"59":0,"60":1624,"61":1624,"63":8,"64":8,"65":8,"66":0,"67":0,"68":0,"69":0,"70":0,"71":0,"72":0,"73":0,"74":0,"75":0,"77":8,"78":8,"79":0,"80":0,"82":8,"83":8,"84":0,"85":0,"87":8,"88":8,"89":8,"90":3,"91":3,"92":3,"93":3,"94":3,"95":3,"97":3,"98":3,"99":3,"100":3,"101":3,"102":3,"103":3,"104":3,"105":3,"107":5,"108":1619,"109":1619,"110":1619,"111":1619,"112":5,"114":5,"115":5,"116":1619,"117":1619,"118":1619,"119":1619,"120":1619,"122":5,"123":5,"124":5,"126":5,"127":1619,"128":0,"129":0,"131":1619,"132":1619,"133":0,"134":0,"136":1619,"137":1619,"138":1619,"139":1619,"141":5,"142":5,"143":5,"144":5,"145":5,"147":5,"148":8,"149":8,"150":8,"151":8,"153":8,"154":8,"155":8,"156":8,"157":8,"158":8,"159":8,"160":8,"161":8,"162":8,"164":1,"165":7,"166":7,"167":7,"169":7,"170":7,"171":7,"172":7,"173":7,"174":7,"175":7,"176":7,"177":0,"178":0,"179":0,"180":7,"181":7,"182":7,"183":7,"184":7,"185":7,"186":7,"187":7,"189":1,"190":7,"191":7,"192":7,"193":7,"194":7,"195":7,"196":7,"197":7,"198":7,"199":0,"200":0,"201":0,"202":7,"203":7,"205":1,"206":1,"207":1},"branchMap":{"0":{"type":"branch","line":15,"loc":{"start":{"line":15,"column":0},"end":{"line":34,"column":1}},"locations":[{"start":{"line":15,"column":0},"end":{"line":34,"column":1}}]},"1":{"type":"branch","line":16,"loc":{"start":{"line":16,"column":37},"end":{"line":18,"column":3}},"locations":[{"start":{"line":16,"column":37},"end":{"line":18,"column":3}}]},"2":{"type":"branch","line":18,"loc":{"start":{"line":18,"column":2},"end":{"line":20,"column":87}},"locations":[{"start":{"line":18,"column":2},"end":{"line":20,"column":87}}]},"3":{"type":"branch","line":20,"loc":{"start":{"line":20,"column":87},"end":{"line":34,"column":1}},"locations":[{"start":{"line":20,"column":87},"end":{"line":34,"column":1}}]},"4":{"type":"branch","line":20,"loc":{"start":{"line":20,"column":87},"end":{"line":24,"column":3}},"locations":[{"start":{"line":20,"column":87},"end":{"line":24,"column":3}}]},"5":{"type":"branch","line":31,"loc":{"start":{"line":31,"column":2},"end":{"line":34,"column":1}},"locations":[{"start":{"line":31,"column":2},"end":{"line":34,"column":1}}]},"6":{"type":"branch","line":36,"loc":{"start":{"line":36,"column":0},"end":{"line":55,"column":1}},"locations":[{"start":{"line":36,"column":0},"end":{"line":55,"column":1}}]},"7":{"type":"branch","line":39,"loc":{"start":{"line":39,"column":2},"end":{"line":55,"column":1}},"locations":[{"start":{"line":39,"column":2},"end":{"line":55,"column":1}}]},"8":{"type":"branch","line":57,"loc":{"start":{"line":57,"column":0},"end":{"line":62,"column":1}},"locations":[{"start":{"line":57,"column":0},"end":{"line":62,"column":1}}]},"9":{"type":"branch","line":58,"loc":{"start":{"line":58,"column":22},"end":{"line":60,"column":3}},"locations":[{"start":{"line":58,"column":22},"end":{"line":60,"column":3}}]},"10":{"type":"branch","line":64,"loc":{"start":{"line":64,"column":0},"end":{"line":163,"column":1}},"locations":[{"start":{"line":64,"column":0},"end":{"line":163,"column":1}}]},"11":{"type":"branch","line":65,"loc":{"start":{"line":65,"column":32},"end":{"line":65,"column":49}},"locations":[{"start":{"line":65,"column":32},"end":{"line":65,"column":49}}]},"12":{"type":"branch","line":66,"loc":{"start":{"line":66,"column":32},"end":{"line":76,"column":3}},"locations":[{"start":{"line":66,"column":32},"end":{"line":76,"column":3}}]},"13":{"type":"branch","line":78,"loc":{"start":{"line":78,"column":49},"end":{"line":78,"column":60}},"locations":[{"start":{"line":78,"column":49},"end":{"line":78,"column":60}}]},"14":{"type":"branch","line":79,"loc":{"start":{"line":79,"column":31},"end":{"line":81,"column":3}},"locations":[{"start":{"line":79,"column":31},"end":{"line":81,"column":3}}]},"15":{"type":"branch","line":83,"loc":{"start":{"line":83,"column":30},"end":{"line":83,"column":43}},"locations":[{"start":{"line":83,"column":30},"end":{"line":83,"column":43}}]},"16":{"type":"branch","line":84,"loc":{"start":{"line":84,"column":35},"end":{"line":86,"column":3}},"locations":[{"start":{"line":84,"column":35},"end":{"line":86,"column":3}}]},"17":{"type":"branch","line":89,"loc":{"start":{"line":89,"column":28},"end":{"line":89,"column":85}},"locations":[{"start":{"line":89,"column":28},"end":{"line":89,"column":85}}]},"18":{"type":"branch","line":90,"loc":{"start":{"line":90,"column":25},"end":{"line":106,"column":3}},"locations":[{"start":{"line":90,"column":25},"end":{"line":106,"column":3}}]},"19":{"type":"branch","line":93,"loc":{"start":{"line":93,"column":31},"end":{"line":93,"column":40}},"locations":[{"start":{"line":93,"column":31},"end":{"line":93,"column":40}}]},"20":{"type":"branch","line":95,"loc":{"start":{"line":95,"column":33},"end":{"line":95,"column":85}},"locations":[{"start":{"line":95,"column":33},"end":{"line":95,"column":85}}]},"21":{"type":"branch","line":95,"loc":{"start":{"line":95,"column":71},"end":{"line":95,"column":87}},"locations":[{"start":{"line":95,"column":71},"end":{"line":95,"column":87}}]},"22":{"type":"branch","line":100,"loc":{"start":{"line":100,"column":45},"end":{"line":100,"column":52}},"locations":[{"start":{"line":100,"column":45},"end":{"line":100,"column":52}}]},"23":{"type":"branch","line":106,"loc":{"start":{"line":106,"column":2},"end":{"line":149,"column":34}},"locations":[{"start":{"line":106,"column":2},"end":{"line":149,"column":34}}]},"24":{"type":"branch","line":116,"loc":{"start":{"line":116,"column":30},"end":{"line":121,"column":3}},"locations":[{"start":{"line":116,"column":30},"end":{"line":121,"column":3}}]},"25":{"type":"branch","line":127,"loc":{"start":{"line":127,"column":30},"end":{"line":140,"column":3}},"locations":[{"start":{"line":127,"column":30},"end":{"line":140,"column":3}}]},"26":{"type":"branch","line":128,"loc":{"start":{"line":128,"column":32},"end":{"line":130,"column":5}},"locations":[{"start":{"line":128,"column":32},"end":{"line":130,"column":5}}]},"27":{"type":"branch","line":133,"loc":{"start":{"line":133,"column":23},"end":{"line":135,"column":5}},"locations":[{"start":{"line":133,"column":23},"end":{"line":135,"column":5}}]},"28":{"type":"branch","line":137,"loc":{"start":{"line":137,"column":38},"end":{"line":137,"column":57}},"locations":[{"start":{"line":137,"column":38},"end":{"line":137,"column":57}}]},"29":{"type":"branch","line":139,"loc":{"start":{"line":139,"column":43},"end":{"line":139,"column":58}},"locations":[{"start":{"line":139,"column":43},"end":{"line":139,"column":58}}]},"30":{"type":"branch","line":149,"loc":{"start":{"line":149,"column":29},"end":{"line":149,"column":38}},"locations":[{"start":{"line":149,"column":29},"end":{"line":149,"column":38}}]},"31":{"type":"branch","line":89,"loc":{"start":{"line":89,"column":50},"end":{"line":89,"column":84}},"locations":[{"start":{"line":89,"column":50},"end":{"line":89,"column":84}}]},"32":{"type":"branch","line":89,"loc":{"start":{"line":89,"column":66},"end":{"line":89,"column":83}},"locations":[{"start":{"line":89,"column":66},"end":{"line":89,"column":83}}]},"33":{"type":"branch","line":108,"loc":{"start":{"line":108,"column":33},"end":{"line":113,"column":4}},"locations":[{"start":{"line":108,"column":33},"end":{"line":113,"column":4}}]},"34":{"type":"branch","line":110,"loc":{"start":{"line":110,"column":28},"end":{"line":110,"column":40}},"locations":[{"start":{"line":110,"column":28},"end":{"line":110,"column":40}}]},"35":{"type":"branch","line":111,"loc":{"start":{"line":111,"column":27},"end":{"line":111,"column":43}},"locations":[{"start":{"line":111,"column":27},"end":{"line":111,"column":43}}]},"36":{"type":"branch","line":112,"loc":{"start":{"line":112,"column":21},"end":{"line":112,"column":37}},"locations":[{"start":{"line":112,"column":21},"end":{"line":112,"column":37}}]},"37":{"type":"branch","line":165,"loc":{"start":{"line":165,"column":7},"end":{"line":188,"column":1}},"locations":[{"start":{"line":165,"column":7},"end":{"line":188,"column":1}}]},"38":{"type":"branch","line":181,"loc":{"start":{"line":181,"column":8},"end":{"line":187,"column":3}},"locations":[{"start":{"line":181,"column":8},"end":{"line":187,"column":3}}]},"39":{"type":"branch","line":190,"loc":{"start":{"line":190,"column":7},"end":{"line":204,"column":1}},"locations":[{"start":{"line":190,"column":7},"end":{"line":204,"column":1}}]}},"b":{"0":[7],"1":[3],"2":[4],"3":[4],"4":[0],"5":[0],"6":[7],"7":[0],"8":[1624],"9":[0],"10":[8],
[...]
line":835,"column":58}},"locations":[{"start":{"line":831,"column":36},"end":{"line":835,"column":58}}]},"192":{"type":"branch","line":837,"loc":{"start":{"line":837,"column":19},"end":{"line":843,"column":83}},"locations":[{"start":{"line":837,"column":19},"end":{"line":843,"column":83}}]},"193":{"type":"branch","line":843,"loc":{"start":{"line":843,"column":78},"end":{"line":844,"column":36}},"locations":[{"start":{"line":843,"column":78},"end":{"line":844,"column":36}}]},"194":{"type":"branch","line":846,"loc":{"start":{"line":846,"column":17},"end":{"line":850,"column":18}},"locations":[{"start":{"line":846,"column":17},"end":{"line":850,"column":18}}]},"195":{"type":"branch","line":854,"loc":{"start":{"line":854,"column":0},"end":{"line":862,"column":1}},"locations":[{"start":{"line":854,"column":0},"end":{"line":862,"column":1}}]},"196":{"type":"branch","line":860,"loc":{"start":{"line":860,"column":2},"end":{"line":862,"column":1}},"locations":[{"start":{"line":860,"column":2},"end":{"line":862,"column":1}}]},"197":{"type":"branch","line":856,"loc":{"start":{"line":856,"column":37},"end":{"line":856,"column":71}},"locations":[{"start":{"line":856,"column":37},"end":{"line":856,"column":71}}]},"198":{"type":"branch","line":882,"loc":{"start":{"line":882,"column":0},"end":{"line":888,"column":1}},"locations":[{"start":{"line":882,"column":0},"end":{"line":888,"column":1}}]},"199":{"type":"branch","line":883,"loc":{"start":{"line":883,"column":41},"end":{"line":885,"column":3}},"locations":[{"start":{"line":883,"column":41},"end":{"line":885,"column":3}}]},"200":{"type":"branch","line":907,"loc":{"start":{"line":907,"column":0},"end":{"line":917,"column":1}},"locations":[{"start":{"line":907,"column":0},"end":{"line":917,"column":1}}]},"201":{"type":"branch","line":910,"loc":{"start":{"line":910,"column":6},"end":{"line":910,"column":29}},"locations":[{"start":{"line":910,"column":6},"end":{"line":910,"column":29}}]},"202":{"type":"branch","line":910,"loc":{"start":{"line":910,"column":40},"end":{"line":912,"column":3}},"locations":[{"start":{"line":910,"column":40},"end":{"line":912,"column":3}}]},"203":{"type":"branch","line":912,"loc":{"start":{"line":912,"column":2},"end":{"line":917,"column":1}},"locations":[{"start":{"line":912,"column":2},"end":{"line":917,"column":1}}]},"204":{"type":"branch","line":919,"loc":{"start":{"line":919,"column":0},"end":{"line":924,"column":1}},"locations":[{"start":{"line":919,"column":0},"end":{"line":924,"column":1}}]},"205":{"type":"branch","line":922,"loc":{"start":{"line":922,"column":2},"end":{"line":924,"column":1}},"locations":[{"start":{"line":922,"column":2},"end":{"line":924,"column":1}}]},"206":{"type":"branch","line":929,"loc":{"start":{"line":929,"column":0},"end":{"line":945,"column":1}},"locations":[{"start":{"line":929,"column":0},"end":{"line":945,"column":1}}]},"207":{"type":"branch","line":930,"loc":{"start":{"line":930,"column":26},"end":{"line":943,"column":3}},"locations":[{"start":{"line":930,"column":26},"end":{"line":943,"column":3}}]},"208":{"type":"branch","line":931,"loc":{"start":{"line":931,"column":44},"end":{"line":942,"column":5}},"locations":[{"start":{"line":931,"column":44},"end":{"line":942,"column":5}}]},"209":{"type":"branch","line":932,"loc":{"start":{"line":932,"column":37},"end":{"line":934,"column":7}},"locations":[{"start":{"line":932,"column":37},"end":{"line":934,"column":7}}]},"210":{"type":"branch","line":935,"loc":{"start":{"line":935,"column":46},"end":{"line":937,"column":7}},"locations":[{"start":{"line":935,"column":46},"end":{"line":937,"column":7}}]},"211":{"type":"branch","line":940,"loc":{"start":{"line":940,"column":6},"end":{"line":941,"column":51}},"locations":[{"start":{"line":940,"column":6},"end":{"line":941,"column":51}}]},"212":{"type":"branch","line":947,"loc":{"start":{"line":947,"column":0},"end":{"line":975,"column":1}},"locations":[{"start":{"line":947,"column":0},"end":{"line":975,"column":1}}]},"213":{"type":"branch","line":948,"loc":{"start":{"line":948,"column":31},"end":{"line":948,"column":47}},"locations":[{"start":{"line":948,"column":31},"end":{"line":948,"column":47}}]},"214":{"type":"branch","line":950,"loc":{"start":{"line":950,"column":29},"end":{"line":952,"column":5}},"locations":[{"start":{"line":950,"column":29},"end":{"line":952,"column":5}}]},"215":{"type":"branch","line":952,"loc":{"start":{"line":952,"column":4},"end":{"line":955,"column":5}},"locations":[{"start":{"line":952,"column":4},"end":{"line":955,"column":5}}]},"216":{"type":"branch","line":952,"loc":{"start":{"line":952,"column":4},"end":{"line":953,"column":34}},"locations":[{"start":{"line":952,"column":4},"end":{"line":953,"column":34}}]},"217":{"type":"branch","line":953,"loc":{"start":{"line":953,"column":34},"end":{"line":955,"column":5}},"locations":[{"start":{"line":953,"column":34},"end":{"line":955,"column":5}}]},"218":{"type":"branch","line":956,"loc":{"start":{"line":956,"column":2},"end":{"line":958,"column":55}},"locations":[{"start":{"line":956,"column":2},"end":{"line":958,"column":55}}]},"219":{"type":"branch","line":959,"loc":{"start":{"line":959,"column":38},"end":{"line":966,"column":63}},"locations":[{"start":{"line":959,"column":38},"end":{"line":966,"column":63}}]},"220":{"type":"branch","line":959,"loc":{"start":{"line":959,"column":38},"end":{"line":961,"column":3}},"locations":[{"start":{"line":959,"column":38},"end":{"line":961,"column":3}}]},"221":{"type":"branch","line":961,"loc":{"start":{"line":961,"column":2},"end":{"line":962,"column":43}},"locations":[{"start":{"line":961,"column":2},"end":{"line":962,"column":43}}]},"222":{"type":"branch","line":962,"loc":{"start":{"line":962,"column":43},"end":{"line":964,"column":3}},"locations":[{"start":{"line":962,"column":43},"end":{"line":964,"column":3}}]},"223":{"type":"branch","line":964,"loc":{"start":{"line":964,"column":2},"end":{"line":966,"column":63}},"locations":[{"start":{"line":964,"column":2},"end":{"line":966,"column":63}}]},"224":{"type":"branch","line":967,"loc":{"start":{"line":967,"column":42},"end":{"line":975,"column":1}},"locations":[{"start":{"line":967,"column":42},"end":{"line":975,"column":1}}]},"225":{"type":"branch","line":967,"loc":{"start":{"line":967,"column":42},"end":{"line":969,"column":3}},"locations":[{"start":{"line":967,"column":42},"end":{"line":969,"column":3}}]},"226":{"type":"branch","line":969,"loc":{"start":{"line":969,"column":2},"end":{"line":970,"column":47}},"locations":[{"start":{"line":969,"column":2},"end":{"line":970,"column":47}}]},"227":{"type":"branch","line":970,"loc":{"start":{"line":970,"column":47},"end":{"line":972,"column":3}},"locations":[{"start":{"line":970,"column":47},"end":{"line":972,"column":3}}]},"228":{"type":"branch","line":972,"loc":{"start":{"line":972,"column":2},"end":{"line":975,"column":1}},"locations":[{"start":{"line":972,"column":2},"end":{"line":975,"column":1}}]}},"b":{"0":[35],"1":[35],"2":[35],"3":[35],"4":[35],"5":[35],"6":[35],"7":[35],"8":[13],"9":[14],"10":[1],"11":[13],"12":[2],"13":[2],"14":[2],"15":[11],"16":[11],"17":[35],"18":[280],"19":[118],"20":[162],"21":[0],"22":[162],"23":[0],"24":[63],"25":[9],"26":[0],"27":[3],"28":[6],"29":[0],"30":[33],"31":[0],"32":[0],"33":[146],"34":[25],"35":[121],"36":[0],"37":[121],"38":[8],"39":[11],"40":[11],"41":[4],"42":[7],"43":[7],"44":[0],"45":[8],"46":[7],"47":[1],"48":[7],"49":[4],"50":[0],"51":[0],"52":[0],"53":[28],"54":[28],"55":[0],"56":[0],"57":[0],"58":[11],"59":[0],"60":[0],"61":[63],"62":[0],"63":[0],"64":[9],"65":[0],"66":[11],"67":[8],"68":[6],"69":[0],"70":[27],"71":[0],"72":[0],"73":[7],"74":[28],"75":[196],"76":[118],"77":[78],"78":[118],"79":[162],"80":[0],"81":[73],"82":[73],"83":[162],"84":[54],"85":[45],"86":[0],"87":[45],"88":[0],"89":[0],"90":[9],"91":[25],"92":[9],"93":[17],"94":[0],"95":[0],"96":[65],"97":[64],"98":[64],"99":[63],"100":[9],"101":[45],"102":[8],"103":[9],"104":[56],"105":[0],"106":[284],"107":[370],"108":[211],"109":[159],"110":[211],"111":[211],"112":[8],"113":[0],"114":[0],"115":[45],"116":[51],"117":[40],"118":[45],"119":[0],"120":[45],"121":[0],"122":[381],"123":[1905],"124":[1137],"125":[768],"126":[1137],"127":[0],"128":[1137],"129":[45],"130":[0],"131":[45],"132":[42],"133":[3],"134":[378],"135":[0],"136":[1890],"137":[0],"138":[0],"139":[1650],"140":[45],"141":[0],"142":[381],"143":[378],"144":[3],"145":[15],"146":[3],"147":[12],"148":[3],"149":[0],"150":[3],"151":[45],"152":[0],"153":[0],"154":[658],"155":[0],"156":[0],"157":[288],"158":[121],"159":[33],"160":[1],"161":[1],"162":[27],"163":[0],"164":[27],"165":[0],"166":[34],"167":[34],"168":[31],"169":[4],"170":[3],"171":[0],"172":[3],"173":[4],"174":[0],"175":[3],"176":[0],"177":[3],"178":[118],"179":[5],"180":[113],"181":[0],"182":[113],"183":[0],"184":[113],"185":[0],"186":[113],"187":[0],"188":[0],"189":[0],"190":[0],"191":[0],"192":[0],"193":[0],"194":[0],"195":[35],"196":[0],"197":[35],"198":[45],"199":[0],"200":[56],"201":[44],"202":[12],"203":[44],"204":[35],"205":[0],"206":[45],"207":[1],"208":[1],"209":[0],"210":[0],"211":[0],"212":[14],"213":[1],"214":[5],"215":[11],"216":[9],"217":[8],"218":[1],"219":[11],"220":[0],"221":[1],"222":[0],"223":[1],"224":[11],"225":[0],"226":[1],"227":[0],"228":[1]},"fnMap":{"0":{"name":"pick","decl":{"start":{"line":111,"column":29},"end":{"line":111,"column":51}},"loc":{"start":{"line":111,"column":29},"end":{"line":111,"column":51}},"line":111},"1":{"name":"pick","decl":{"start":{"line":112,"column":26},"end":{"line":112,"column":50}},"loc":{"start":{"line":112,"column":26},"end":{"line":112,"column":50}},"line":112},"2":{"name":"pick","decl":{"start":{"line":113,"column":28},"end":{"line":113,"column":54}},"loc":{"start":{"line":113,"column":28},"end":{"line":113,"column":54}},"line":113},"3":{"name":"pick","decl":{"start":{"line":114,"column":28},"end":{"line":114,"column":59}},"loc":{"start":{"line":114,"column":28},"end":{"line":114,"column":59}},"line":114},"4":{"name":"pick","decl":{"start":{"line":115,"column":26},"end":{"line":115,"column":55}},"loc":{"start":{"line":115,"column":26},"end":{"line":115,"column":55}},"line":115},"5":{"name":"pick","decl":{"start":{"line":116,"column":30},"end":{"line":116,"column":60}},"loc":{"start":{"line":116,"column":30},"end":{"line":116,"column":60}},"line":116},"6":{"name":"pick","decl":{"start":{"line":117,"column":29},"end":{"line":117,"column":53}},"loc":{"start":{"line":117,"column":29},"end":{"line":117,"column":53}},"line":117},"7":{"name":"pick","decl":{"start":{"line":118,"column":30},"end":{"line":118,"column":63}},"loc":{"start":{"line":118,"column":30},"end":{"line":118,"column":63}},"line":118},"8":{"name":"ScenegraphAdapter","decl":{"start":{"line":149,"column":10},"end":{"line":152,"column":3}},"loc":{"start":{"line":149,"column":10},"end":{"line":152,"column":3}},"line":149},"9":{"name":"from","decl":{"start":{"line":154,"column":9},"end":{"line":163,"column":3}},"loc":{"start":{"line":154,"column":9},"end":{"line":163,"column":3}},"line":154},"10":{"name":"getVRMMajorVersion","decl":{"start":{"line":165,"column":2},"end":{"line":167,"column":3}},"loc":{"start":{"line":165,"column":2},"end":{"line":167,"column":3}},"line":165},"11":{"name":"isVRM0","decl":{"start":{"line":169,"column":2},"end":{"line":171,"column":3}},"loc":{"start":{"line":169,"column":2},"end":{"line":171,"column":3}},"line":169},"12":{"name":"isVRM10","decl":{"start":{"line":173,"column":2},"end":{"line":175,"column":3}},"loc":{"start":{"line":173,"column":2},"end":{"line":175,"column":3}},"line":173},"13":{"name":"createDigest","decl":{"start":{"line":177,"column":2},"end":{"line":186,"column":3}},"loc":{"start":{"line":177,"column":2},"end":{"line":186,"column":3}},"line":177},"14":{"name":"createAtlasMaterialDescriptors","decl":{"start":{"line":188,"column":2},"end":{"line":243,"column":3}},"loc":{"start":{"line":188,"column":2},"end":{"line":243,"column":3}},"line":188},"15":{"name":"applyAtlasResult","decl":{"start":{"line":245,"column":2},"end":{"line":287,"column":3}},"loc":{"start":{"line":245,"column":2},"end":{"line":287,"column":3}},"line":245},"16":{"name":"flush","decl":{"start":{"line":289,"column":2},"end":{"line":293,"column":3}},"loc":{"start":{"line":289,"column":2},"end":{"line":293,"column":3}},"line":289},"17":{"name":"unwrap","decl":{"start":{"line":295,"column":2},"end":{"line":297,"column":3}},"loc":{"start":{"line":295,"column":2},"end":{"line":297,"column":3}},"line":295},"18":{"name":"collectMaterials","decl":{"start":{"line":299,"column":10},"end":{"line":304,"column":3}},"loc":{"start":{"line":299,"column":10},"end":{"line":304,"column":3}},"line":299},"19":{"name":"collectVRM10MToonMaterials","decl":{"start":{"line":306,"column":10},"end":{"line":324,"column":3}},"loc":{"start":{"line":306,"column":10},"end":{"line":324,"column":3}},"line":306},"20":{"name":"collectVRM0MToonMaterials","decl":{"start":{"line":326,"column":10},"end":{"line":366,"column":3}},"loc":{"start":{"line":326,"column":10},"end":{"line":366,"column":3}},"line":326},"21":{"name":"collectTextures","decl":{"start":{"line":368,"column":10},"end":{"line":389,"column":3}},"loc":{"start":{"line":368,"column":10},"end":{"line":389,"column":3}},"line":368},"22":{"name":"collectMeshes","decl":{"start":{"line":391,"column":10},"end":{"line":412,"column":3}},"loc":{"start":{"line":391,"column":10},"end":{"line":412,"column":3}},"line":391},"23":{"name":"buildVRM10TextureSlots","decl":{"start":{"line":414,"column":10},"end":{"line":425,"column":3}},"loc":{"start":{"line":414,"column":10},"end":{"line":425,"column":3}},"line":414},"24":{"name":"buildVRM0TextureSlots","decl":{"start":{"line":427,"column":10},"end":{"line":445,"column":3}},"loc":{"start":{"line":427,"column":10},"end":{"line":445,"column":3}},"line":427},"25":{"name":"pick","decl":{"start":{"line":428,"column":17},"end":{"line":434,"column":5}},"loc":{"start":{"line":428,"column":17},"end":{"line":434,"column":5}},"line":428},"26":{"name":"buildTextureDescriptor","decl":{"start":{"line":447,"column":2},"end":{"line":470,"column":3}},"loc":{"start":{"line":447,"column":2},"end":{"line":470,"column":3}},"line":447},"27":{"name":"readImageData","decl":{"start":{"line":468,"column":21},"end":{"line":468,"column":75}},"loc":{"start":{"line":468,"column":21},"end":{"line":468,"column":75}},"line":468},"28":{"name":"getOrDecodeTextureImage","decl":{"start":{"line":472,"column":10},"end":{"line":481,"column":3}},"loc":{"start":{"line":472,"column":10},"end":{"line":481,"column":3}},"line":472},"29":{"name":"decodeImageFromScenegraph","decl":{"start":{"line":483,"column":2},"end":{"line":498,"column":3}},"loc":{"start":{"line":483,"column":2},"end":{"line":498,"column":3}},"line":483},"30":{"name":"getImageBinary","decl":{"start":{"line":500,"column":10},"end":{"line":515,"column":3}},"loc":{"start":{"line":500,"column":10},"end":{"line":515,"column":3}},"line":500},"31":{"name":"addAtlasTextures","decl":{"start":{"line":517,"column":10},"end":{"line":528,"column":3}},"loc":{"start":{"line":517,"column":10},"end":{"line":528,"column":3}},"line":517},"32":{"name":"ensureDependencyBaseline","decl":{"start":{"line":530,"column":10},"end":{"line":534,"column":3}},"loc":{"start":{"line":530,"column":10},"end":{"line":534,"column":3}},"line":530},"33":{"name":"buildMaterialTextureDependencyGraph","decl":{"start":{"line":536,"column":10},"end":{"line":587,"column":3}},"loc":{"start":{"line":536,"column":10},"end":{"line":587,"column":3}},"line":536},"34":{"name":"registerTextureRef","decl":{"start":{"line":544,"column":31},"end":{"line":554,"column":5}},"loc":{"start":{"line":544,"column":31},"end":{"line":554,"column":5}},"line":544},"35":{"name":"removeTexturesWithDependencyDiff","decl":{"start":{"line":589,"column":10},"end":{"line":612,"column":3}},"loc":{"start":{"line":589,"column":10},"end":{"line":612,"column":3}},"line":589},"36":{"name":"removeTextureAtIndex","decl":{"start":{"line":614,"column":10},"end":{"line":627,"column":3}},"loc":{"start":{"line":614,"column":10},"end":{"line":627,"column":3}},"line":614},"37":{"name":"adjustMaterialTextureIndices","decl":{"start":{"line":629,"column":10},"end":{"line":650,"column":3}},"loc":{"start":{"line":629,"column":10},"end":{"line":650,"column":3}},"line":629},"38":{"name":"adjust","decl":{"start":{"line":632,"column":19},"end":{"line":641,"column":5}},"loc":{"start":{"line":632,"column":19},"end":{"line":641,"column":5}},"line":632},"39":{"name":"adjustVRMTextureIndices","decl":{"start":{"line":652,"column":10},"end":{"line":658,"column":3}},"loc":{"start":{"line":652,"column":10},"end":{"line":658,"column":3}},"line":652},"40":{"name":"adjustVRM0TextureIndices","decl":{"start":{"line":660,"column":10},"end":{"line":681,"column":3}},"loc":{"start":{"line":660,"column":10},"end":{"line":681,"column":3}},"line":660},"41":{"name":"adjustVRM10TextureIndices","decl":{"start":{"line":683,"column":10},"end":{"line":704,"column":3}},"loc":{"start":{"line":683,"column":10},"end":{"line":704,"column":3}},"line":683},"42":{"name":"removeImageAtIndex","decl":{"start":{"line":706,"column":10},"end":{"line":725,"column":3}},"loc":{"start":{"line":706,"column":10},"end":{"line":725,"column":3}},"line":706},"43":{"name":"updateMaterialTexture","decl":{"start":{"line":727,"column":10},"end":{"line":772,"column":3}},"loc":{"start":{"line":727,"column":10},"end":{"line":772,"column":3}},"line":727},"44":{"name":"updateMToonCustomTexture","decl":{"start":{"line":774,"column":10},"end":{"line":802,"column":3}},"loc":{"start":{"line":774,"column":10},"end":{"line":802,"column":3}},"line":774},"45":{"name":"updateVRM0SlotTexture","decl":{"start":{"line":804,"column":10},"end":{"line":818,"column":3}},"loc":{"start":{"line":804,"column":10},"end":{"line":818,"column":3}},"line":804},"46":{"name":"findVRM0MaterialProperty","decl":{"start":{"line":820,"column":10},"end":{"line":851,"column":3}},"loc":{"start":{"line":820,"column":10},"end":{"line":851,"column":3}},"line":820},"47":{"name":"selectPrimaryTextureIndex","decl":{"start":{"line":854,"column":0},"end":{"line":862,"column":1}},"loc":{"start":{"line":854,"column":0},"end":{"line":862,"column":1}},"line":854},"48":{"name":"decodeDataUri","decl":{"start":{"line":864,"column":0},"end":{"line":880,"column":1}},"loc":{"start":{"line":864,"column":0},"end":{"line":880,"column":1}},"line":864},"49":{"name":"ensureUint8ClampedArray","decl":{"start":{"line":882,"column":0},"end":{"line":888,"column":1}},"loc":{"start":{"line":882,"column":0},"end":{"line":888,"column":1}},"line":882},"50":{"name":"decodeBase64","decl":{"start":{"line":890,"column":0},"end":{"line":905,"column":1}},"loc":{"start":{"line":890,"column":0},"end":{"line":905,"column":1}},"line":890},"51":{"name":"toTextureReference","decl":{"start":{"line":907,"column":0},"end":{"line":917,"column":1}},"loc":{"start":{"line":907,"column":0},"end":{"line":917,"column":1}},"line":907},"52":{"name":"buildMaterialDescriptorId","decl":{"start":{"line":919,"column":0},"end":{"line":924,"column":1}},"loc":{"start":{"line":919,"column":0},"end":{"line":924,"column":1}},"line":919},"53":{"name":"loadJimpModule","decl":{"start":{"line":929,"column":0},"end":{"line":945,"column":1}},"loc":{"start":{"line":929,"column":0},"end":{"line":945,"column":1}},"line":929},"54":{"name":"detectVRMMajorVersion","decl":{"start":{"line":947,"column":0},"end":{"line":975,"column":1}},"loc":{"start":{"line":947,"column":0},"end":{"line":975,"column":1}},"line":947}},"f":{"0":35,"1":35,"2":35,"3":35,"4":35,"5":35,"6":35,"7":35,"8":13,"9":14,"10":2,"11":2,"12":2,"13":11,"14":11,"15":9,"16":8,"17":11,"18":11,"19":7,"20":4,"21":11,"22":11,"23":7,"24":28,"25":196,"26":162,"27":73,"28":162,"29":45,"30":45,"31":9,"32":9,"33":17,"34":370,"35":8,"36":45,"37":45,"38":1905,"39":45,"40":45,"41":45,"42":45,"43":121,"44":34,"45":118,"46":113,"47":35,"48":0,"49":45,"50":0,"51":56,"52":35,"53":45,"54":14}}
}
